CRITICAL - 2023-12-10 04:21:49 --> Undefined array key "status"
in APPPATH\Controllers\AdminController.php on line 192.
 1 APPPATH\Controllers\AdminController.php(192): CodeIgniter\Debug\Exceptions->errorHandler(2, 'Undefined array key "status"', 'C:\\laragon\\www\\projectbackend\\app\\Controllers\\AdminController.php', 192)
 2 SYSTEMPATH\CodeIgniter.php(919): App\Controllers\AdminController->toggleUserStatus()
 3 SYSTEMPATH\CodeIgniter.php(494): CodeIgniter\CodeIgniter->runController(Object(App\Controllers\AdminController))
 4 SYSTEMPATH\CodeIgniter.php(353): CodeIgniter\CodeIgniter->handleRequest(null, Object(Config\Cache), false)
 5 FCPATH\index.php(89): CodeIgniter\CodeIgniter->run()
 6 SYSTEMPATH\Commands\Server\rewrite.php(47): require_once('C:\\laragon\\www\\projectbackend\\public\\index.php')
CRITICAL - 2023-12-10 04:21:50 --> Undefined array key "status"
in APPPATH\Controllers\AdminController.php on line 192.
 1 APPPATH\Controllers\AdminController.php(192): CodeIgniter\Debug\Exceptions->errorHandler(2, 'Undefined array key "status"', 'C:\\laragon\\www\\projectbackend\\app\\Controllers\\AdminController.php', 192)
 2 SYSTEMPATH\CodeIgniter.php(919): App\Controllers\AdminController->toggleUserStatus()
 3 SYSTEMPATH\CodeIgniter.php(494): CodeIgniter\CodeIgniter->runController(Object(App\Controllers\AdminController))
 4 SYSTEMPATH\CodeIgniter.php(353): CodeIgniter\CodeIgniter->handleRequest(null, Object(Config\Cache), false)
 5 FCPATH\index.php(89): CodeIgniter\CodeIgniter->run()
 6 SYSTEMPATH\Commands\Server\rewrite.php(47): require_once('C:\\laragon\\www\\projectbackend\\public\\index.php')
CRITICAL - 2023-12-10 04:21:51 --> Undefined array key "status"
in APPPATH\Controllers\AdminController.php on line 192.
 1 APPPATH\Controllers\AdminController.php(192): CodeIgniter\Debug\Exceptions->errorHandler(2, 'Undefined array key "status"', 'C:\\laragon\\www\\projectbackend\\app\\Controllers\\AdminController.php', 192)
 2 SYSTEMPATH\CodeIgniter.php(919): App\Controllers\AdminController->toggleUserStatus()
 3 SYSTEMPATH\CodeIgniter.php(494): CodeIgniter\CodeIgniter->runController(Object(App\Controllers\AdminController))
 4 SYSTEMPATH\CodeIgniter.php(353): CodeIgniter\CodeIgniter->handleRequest(null, Object(Config\Cache), false)
 5 FCPATH\index.php(89): CodeIgniter\CodeIgniter->run()
 6 SYSTEMPATH\Commands\Server\rewrite.php(47): require_once('C:\\laragon\\www\\projectbackend\\public\\index.php')
CRITICAL - 2023-12-10 04:21:52 --> Undefined array key "status"
in APPPATH\Controllers\AdminController.php on line 192.
 1 APPPATH\Controllers\AdminController.php(192): CodeIgniter\Debug\Exceptions->errorHandler(2, 'Undefined array key "status"', 'C:\\laragon\\www\\projectbackend\\app\\Controllers\\AdminController.php', 192)
 2 SYSTEMPATH\CodeIgniter.php(919): App\Controllers\AdminController->toggleUserStatus()
 3 SYSTEMPATH\CodeIgniter.php(494): CodeIgniter\CodeIgniter->runController(Object(App\Controllers\AdminController))
 4 SYSTEMPATH\CodeIgniter.php(353): CodeIgniter\CodeIgniter->handleRequest(null, Object(Config\Cache), false)
 5 FCPATH\index.php(89): CodeIgniter\CodeIgniter->run()
 6 SYSTEMPATH\Commands\Server\rewrite.php(47): require_once('C:\\laragon\\www\\projectbackend\\public\\index.php')
CRITICAL - 2023-12-10 04:24:43 --> Undefined property: stdClass::$id
in APPPATH\Controllers\AdminController.php on line 218.
 1 APPPATH\Controllers\AdminController.php(218): CodeIgniter\Debug\Exceptions->errorHandler(2, 'Undefined property: stdClass::$id', 'C:\\laragon\\www\\projectbackend\\app\\Controllers\\AdminController.php', 218)
 2 SYSTEMPATH\CodeIgniter.php(919): App\Controllers\AdminController->saveUser()
 3 SYSTEMPATH\CodeIgniter.php(494): CodeIgniter\CodeIgniter->runController(Object(App\Controllers\AdminController))
 4 SYSTEMPATH\CodeIgniter.php(353): CodeIgniter\CodeIgniter->handleRequest(null, Object(Config\Cache), false)
 5 FCPATH\index.php(89): CodeIgniter\CodeIgniter->run()
 6 SYSTEMPATH\Commands\Server\rewrite.php(47): require_once('C:\\laragon\\www\\projectbackend\\public\\index.php')
CRITICAL - 2023-12-10 04:24:53 --> Undefined property: stdClass::$id
in APPPATH\Controllers\AdminController.php on line 218.
 1 APPPATH\Controllers\AdminController.php(218): CodeIgniter\Debug\Exceptions->errorHandler(2, 'Undefined property: stdClass::$id', 'C:\\laragon\\www\\projectbackend\\app\\Controllers\\AdminController.php', 218)
 2 SYSTEMPATH\CodeIgniter.php(919): App\Controllers\AdminController->saveUser()
 3 SYSTEMPATH\CodeIgniter.php(494): CodeIgniter\CodeIgniter->runController(Object(App\Controllers\AdminController))
 4 SYSTEMPATH\CodeIgniter.php(353): CodeIgniter\CodeIgniter->handleRequest(null, Object(Config\Cache), false)
 5 FCPATH\index.php(89): CodeIgniter\CodeIgniter->run()
 6 SYSTEMPATH\Commands\Server\rewrite.php(47): require_once('C:\\laragon\\www\\projectbackend\\public\\index.php')
CRITICAL - 2023-12-10 04:28:57 --> Undefined property: stdClass::$id
in APPPATH\Controllers\AdminController.php on line 219.
 1 APPPATH\Controllers\AdminController.php(219): CodeIgniter\Debug\Exceptions->errorHandler(2, 'Undefined property: stdClass::$id', 'C:\\laragon\\www\\projectbackend\\app\\Controllers\\AdminController.php', 219)
 2 SYSTEMPATH\CodeIgniter.php(919): App\Controllers\AdminController->saveUser()
 3 SYSTEMPATH\CodeIgniter.php(494): CodeIgniter\CodeIgniter->runController(Object(App\Controllers\AdminController))
 4 SYSTEMPATH\CodeIgniter.php(353): CodeIgniter\CodeIgniter->handleRequest(null, Object(Config\Cache), false)
 5 FCPATH\index.php(89): CodeIgniter\CodeIgniter->run()
 6 SYSTEMPATH\Commands\Server\rewrite.php(47): require_once('C:\\laragon\\www\\projectbackend\\public\\index.php')
CRITICAL - 2023-12-10 04:29:03 --> Undefined property: stdClass::$id
in APPPATH\Controllers\AdminController.php on line 219.
 1 APPPATH\Controllers\AdminController.php(219): CodeIgniter\Debug\Exceptions->errorHandler(2, 'Undefined property: stdClass::$id', 'C:\\laragon\\www\\projectbackend\\app\\Controllers\\AdminController.php', 219)
 2 SYSTEMPATH\CodeIgniter.php(919): App\Controllers\AdminController->saveUser()
 3 SYSTEMPATH\CodeIgniter.php(494): CodeIgniter\CodeIgniter->runController(Object(App\Controllers\AdminController))
 4 SYSTEMPATH\CodeIgniter.php(353): CodeIgniter\CodeIgniter->handleRequest(null, Object(Config\Cache), false)
 5 FCPATH\index.php(89): CodeIgniter\CodeIgniter->run()
 6 SYSTEMPATH\Commands\Server\rewrite.php(47): require_once('C:\\laragon\\www\\projectbackend\\public\\index.php')
CRITICAL - 2023-12-10 04:30:49 --> Undefined property: stdClass::$id
in APPPATH\Controllers\AdminController.php on line 219.
 1 APPPATH\Controllers\AdminController.php(219): CodeIgniter\Debug\Exceptions->errorHandler(2, 'Undefined property: stdClass::$id', 'C:\\laragon\\www\\projectbackend\\app\\Controllers\\AdminController.php', 219)
 2 SYSTEMPATH\CodeIgniter.php(919): App\Controllers\AdminController->saveUser()
 3 SYSTEMPATH\CodeIgniter.php(494): CodeIgniter\CodeIgniter->runController(Object(App\Controllers\AdminController))
 4 SYSTEMPATH\CodeIgniter.php(353): CodeIgniter\CodeIgniter->handleRequest(null, Object(Config\Cache), false)
 5 FCPATH\index.php(89): CodeIgniter\CodeIgniter->run()
 6 SYSTEMPATH\Commands\Server\rewrite.php(47): require_once('C:\\laragon\\www\\projectbackend\\public\\index.php')
CRITICAL - 2023-12-10 04:31:39 --> Undefined property: stdClass::$id
in APPPATH\Controllers\AdminController.php on line 222.
 1 APPPATH\Controllers\AdminController.php(222): CodeIgniter\Debug\Exceptions->errorHandler(2, 'Undefined property: stdClass::$id', 'C:\\laragon\\www\\projectbackend\\app\\Controllers\\AdminController.php', 222)
 2 SYSTEMPATH\CodeIgniter.php(919): App\Controllers\AdminController->saveUser()
 3 SYSTEMPATH\CodeIgniter.php(494): CodeIgniter\CodeIgniter->runController(Object(App\Controllers\AdminController))
 4 SYSTEMPATH\CodeIgniter.php(353): CodeIgniter\CodeIgniter->handleRequest(null, Object(Config\Cache), false)
 5 FCPATH\index.php(89): CodeIgniter\CodeIgniter->run()
 6 SYSTEMPATH\Commands\Server\rewrite.php(47): require_once('C:\\laragon\\www\\projectbackend\\public\\index.php')
CRITICAL - 2023-12-10 04:31:52 --> Undefined property: stdClass::$id
in APPPATH\Controllers\AdminController.php on line 222.
 1 APPPATH\Controllers\AdminController.php(222): CodeIgniter\Debug\Exceptions->errorHandler(2, 'Undefined property: stdClass::$id', 'C:\\laragon\\www\\projectbackend\\app\\Controllers\\AdminController.php', 222)
 2 SYSTEMPATH\CodeIgniter.php(919): App\Controllers\AdminController->saveUser()
 3 SYSTEMPATH\CodeIgniter.php(494): CodeIgniter\CodeIgniter->runController(Object(App\Controllers\AdminController))
 4 SYSTEMPATH\CodeIgniter.php(353): CodeIgniter\CodeIgniter->handleRequest(null, Object(Config\Cache), false)
 5 FCPATH\index.php(89): CodeIgniter\CodeIgniter->run()
 6 SYSTEMPATH\Commands\Server\rewrite.php(47): require_once('C:\\laragon\\www\\projectbackend\\public\\index.php')
CRITICAL - 2023-12-10 04:34:49 --> Undefined property: stdClass::$id
in APPPATH\Controllers\AdminController.php on line 222.
 1 APPPATH\Controllers\AdminController.php(222): CodeIgniter\Debug\Exceptions->errorHandler(2, 'Undefined property: stdClass::$id', 'C:\\laragon\\www\\projectbackend\\app\\Controllers\\AdminController.php', 222)
 2 SYSTEMPATH\CodeIgniter.php(919): App\Controllers\AdminController->saveUser()
 3 SYSTEMPATH\CodeIgniter.php(494): CodeIgniter\CodeIgniter->runController(Object(App\Controllers\AdminController))
 4 SYSTEMPATH\CodeIgniter.php(353): CodeIgniter\CodeIgniter->handleRequest(null, Object(Config\Cache), false)
 5 FCPATH\index.php(89): CodeIgniter\CodeIgniter->run()
 6 SYSTEMPATH\Commands\Server\rewrite.php(47): require_once('C:\\laragon\\www\\projectbackend\\public\\index.php')
CRITICAL - 2023-12-10 04:40:26 --> Undefined property: stdClass::$id
in APPPATH\Controllers\AdminController.php on line 222.
 1 APPPATH\Controllers\AdminController.php(222): CodeIgniter\Debug\Exceptions->errorHandler(2, 'Undefined property: stdClass::$id', 'C:\\laragon\\www\\projectbackend\\app\\Controllers\\AdminController.php', 222)
 2 SYSTEMPATH\CodeIgniter.php(919): App\Controllers\AdminController->saveUser()
 3 SYSTEMPATH\CodeIgniter.php(494): CodeIgniter\CodeIgniter->runController(Object(App\Controllers\AdminController))
 4 SYSTEMPATH\CodeIgniter.php(353): CodeIgniter\CodeIgniter->handleRequest(null, Object(Config\Cache), false)
 5 FCPATH\index.php(89): CodeIgniter\CodeIgniter->run()
 6 SYSTEMPATH\Commands\Server\rewrite.php(47): require_once('C:\\laragon\\www\\projectbackend\\public\\index.php')
CRITICAL - 2023-12-10 04:40:36 --> Undefined property: stdClass::$id
in APPPATH\Controllers\AdminController.php on line 222.
 1 APPPATH\Controllers\AdminController.php(222): CodeIgniter\Debug\Exceptions->errorHandler(2, 'Undefined property: stdClass::$id', 'C:\\laragon\\www\\projectbackend\\app\\Controllers\\AdminController.php', 222)
 2 SYSTEMPATH\CodeIgniter.php(919): App\Controllers\AdminController->saveUser()
 3 SYSTEMPATH\CodeIgniter.php(494): CodeIgniter\CodeIgniter->runController(Object(App\Controllers\AdminController))
 4 SYSTEMPATH\CodeIgniter.php(353): CodeIgniter\CodeIgniter->handleRequest(null, Object(Config\Cache), false)
 5 FCPATH\index.php(89): CodeIgniter\CodeIgniter->run()
 6 SYSTEMPATH\Commands\Server\rewrite.php(47): require_once('C:\\laragon\\www\\projectbackend\\public\\index.php')
CRITICAL - 2023-12-10 04:40:57 --> Undefined property: stdClass::$id
in APPPATH\Controllers\AdminController.php on line 222.
 1 APPPATH\Controllers\AdminController.php(222): CodeIgniter\Debug\Exceptions->errorHandler(2, 'Undefined property: stdClass::$id', 'C:\\laragon\\www\\projectbackend\\app\\Controllers\\AdminController.php', 222)
 2 SYSTEMPATH\CodeIgniter.php(919): App\Controllers\AdminController->saveUser()
 3 SYSTEMPATH\CodeIgniter.php(494): CodeIgniter\CodeIgniter->runController(Object(App\Controllers\AdminController))
 4 SYSTEMPATH\CodeIgniter.php(353): CodeIgniter\CodeIgniter->handleRequest(null, Object(Config\Cache), false)
 5 FCPATH\index.php(89): CodeIgniter\CodeIgniter->run()
 6 SYSTEMPATH\Commands\Server\rewrite.php(47): require_once('C:\\laragon\\www\\projectbackend\\public\\index.php')
CRITICAL - 2023-12-10 04:43:02 --> Undefined property: stdClass::$id
in APPPATH\Controllers\AdminController.php on line 222.
 1 APPPATH\Controllers\AdminController.php(222): CodeIgniter\Debug\Exceptions->errorHandler(2, 'Undefined property: stdClass::$id', 'C:\\laragon\\www\\projectbackend\\app\\Controllers\\AdminController.php', 222)
 2 SYSTEMPATH\CodeIgniter.php(919): App\Controllers\AdminController->saveUser()
 3 SYSTEMPATH\CodeIgniter.php(494): CodeIgniter\CodeIgniter->runController(Object(App\Controllers\AdminController))
 4 SYSTEMPATH\CodeIgniter.php(353): CodeIgniter\CodeIgniter->handleRequest(null, Object(Config\Cache), false)
 5 FCPATH\index.php(89): CodeIgniter\CodeIgniter->run()
 6 SYSTEMPATH\Commands\Server\rewrite.php(47): require_once('C:\\laragon\\www\\projectbackend\\public\\index.php')
CRITICAL - 2023-12-10 04:43:38 --> Undefined property: stdClass::$id
in APPPATH\Controllers\AdminController.php on line 222.
 1 APPPATH\Controllers\AdminController.php(222): CodeIgniter\Debug\Exceptions->errorHandler(2, 'Undefined property: stdClass::$id', 'C:\\laragon\\www\\projectbackend\\app\\Controllers\\AdminController.php', 222)
 2 SYSTEMPATH\CodeIgniter.php(919): App\Controllers\AdminController->saveUser()
 3 SYSTEMPATH\CodeIgniter.php(494): CodeIgniter\CodeIgniter->runController(Object(App\Controllers\AdminController))
 4 SYSTEMPATH\CodeIgniter.php(353): CodeIgniter\CodeIgniter->handleRequest(null, Object(Config\Cache), false)
 5 FCPATH\index.php(89): CodeIgniter\CodeIgniter->run()
 6 SYSTEMPATH\Commands\Server\rewrite.php(47): require_once('C:\\laragon\\www\\projectbackend\\public\\index.php')
CRITICAL - 2023-12-10 04:44:23 --> Undefined property: stdClass::$id
in APPPATH\Controllers\AdminController.php on line 222.
 1 APPPATH\Controllers\AdminController.php(222): CodeIgniter\Debug\Exceptions->errorHandler(2, 'Undefined property: stdClass::$id', 'C:\\laragon\\www\\projectbackend\\app\\Controllers\\AdminController.php', 222)
 2 SYSTEMPATH\CodeIgniter.php(919): App\Controllers\AdminController->saveUser()
 3 SYSTEMPATH\CodeIgniter.php(494): CodeIgniter\CodeIgniter->runController(Object(App\Controllers\AdminController))
 4 SYSTEMPATH\CodeIgniter.php(353): CodeIgniter\CodeIgniter->handleRequest(null, Object(Config\Cache), false)
 5 FCPATH\index.php(89): CodeIgniter\CodeIgniter->run()
 6 SYSTEMPATH\Commands\Server\rewrite.php(47): require_once('C:\\laragon\\www\\projectbackend\\public\\index.php')
CRITICAL - 2023-12-10 04:44:45 --> Undefined property: stdClass::$id
in APPPATH\Controllers\AdminController.php on line 222.
 1 APPPATH\Controllers\AdminController.php(222): CodeIgniter\Debug\Exceptions->errorHandler(2, 'Undefined property: stdClass::$id', 'C:\\laragon\\www\\projectbackend\\app\\Controllers\\AdminController.php', 222)
 2 SYSTEMPATH\CodeIgniter.php(919): App\Controllers\AdminController->saveUser()
 3 SYSTEMPATH\CodeIgniter.php(494): CodeIgniter\CodeIgniter->runController(Object(App\Controllers\AdminController))
 4 SYSTEMPATH\CodeIgniter.php(353): CodeIgniter\CodeIgniter->handleRequest(null, Object(Config\Cache), false)
 5 FCPATH\index.php(89): CodeIgniter\CodeIgniter->run()
 6 SYSTEMPATH\Commands\Server\rewrite.php(47): require_once('C:\\laragon\\www\\projectbackend\\public\\index.php')
CRITICAL - 2023-12-10 07:42:18 --> Cannot redeclare App\Controllers\AdminController::saveAdmin()
in APPPATH\Controllers\AdminController.php on line 276.
 1 [internal function]: CodeIgniter\Debug\Exceptions->shutdownHandler()
ERROR - 2023-12-10 09:59:39 --> mysqli_sql_exception: Cannot add or update a child row: a foreign key constraint fails (`project`.`ppo_tbl`, CONSTRAINT `userid` FOREIGN KEY (`userid`) REFERENCES `tbl_users` (`user_id`) ON DELETE RESTRICT ON UPDATE RESTRICT) in C:\laragon\www\projectbackend\system\Database\MySQLi\Connection.php:306
Stack trace:
#0 C:\laragon\www\projectbackend\system\Database\MySQLi\Connection.php(306): mysqli->query('INSERT INTO `pp...', 0)
#1 C:\laragon\www\projectbackend\system\Database\BaseConnection.php(692): CodeIgniter\Database\MySQLi\Connection->execute('INSERT INTO `pp...')
#2 C:\laragon\www\projectbackend\system\Database\BaseConnection.php(606): CodeIgniter\Database\BaseConnection->simpleQuery('INSERT INTO `pp...')
#3 C:\laragon\www\projectbackend\system\Database\BaseBuilder.php(2308): CodeIgniter\Database\BaseConnection->query('INSERT INTO `pp...', Array, false)
#4 C:\laragon\www\projectbackend\system\Model.php(319): CodeIgniter\Database\BaseBuilder->insert()
#5 C:\laragon\www\projectbackend\system\BaseModel.php(788): CodeIgniter\Model->doInsert(Array)
#6 C:\laragon\www\projectbackend\system\Model.php(715): CodeIgniter\BaseModel->insert(Array, true)
#7 C:\laragon\www\projectbackend\app\Controllers\MainController.php(205): CodeIgniter\Model->insert(Array)
#8 C:\laragon\www\projectbackend\system\CodeIgniter.php(919): App\Controllers\MainController->insertRating()
#9 C:\laragon\www\projectbackend\system\CodeIgniter.php(494): CodeIgniter\CodeIgniter->runController(Object(App\Controllers\MainController))
#10 C:\laragon\www\projectbackend\system\CodeIgniter.php(353): CodeIgniter\CodeIgniter->handleRequest(NULL, Object(Config\Cache), false)
#11 C:\laragon\www\projectbackend\public\index.php(89): CodeIgniter\CodeIgniter->run()
#12 C:\laragon\www\projectbackend\system\Commands\Server\rewrite.php(47): require_once('C:\\laragon\\www\\...')
#13 {main}
CRITICAL - 2023-12-10 09:59:39 --> Cannot add or update a child row: a foreign key constraint fails (`project`.`ppo_tbl`, CONSTRAINT `userid` FOREIGN KEY (`userid`) REFERENCES `tbl_users` (`user_id`) ON DELETE RESTRICT ON UPDATE RESTRICT)
in SYSTEMPATH\Database\BaseConnection.php on line 646.
 1 SYSTEMPATH\Database\BaseBuilder.php(2308): CodeIgniter\Database\BaseConnection->query('INSERT INTO `ppo_tbl` (`userid`, `month`, `year`, `office`, `do`, `didm`, `di`, `dpcr`, `dl`, `dhrdd`, `dprm`, `dictm`, `dpl`, `dc`, `drd`, `operational`, `administrative`, `total`) VALUES (:userid:, :month:, :year:, :office:, :do:, :didm:, :di:, :dpcr:, :dl:, :dhrdd:, :dprm:, :dictm:, :dpl:, :dc:, :drd:, :operational:, :administrative:, :total:)', [...], false)
 2 SYSTEMPATH\Model.php(319): CodeIgniter\Database\BaseBuilder->insert()
 3 SYSTEMPATH\BaseModel.php(788): CodeIgniter\Model->doInsert([...])
 4 SYSTEMPATH\Model.php(715): CodeIgniter\BaseModel->insert([...], true)
 5 APPPATH\Controllers\MainController.php(205): CodeIgniter\Model->insert([...])
 6 SYSTEMPATH\CodeIgniter.php(919): App\Controllers\MainController->insertRating()
 7 SYSTEMPATH\CodeIgniter.php(494): CodeIgniter\CodeIgniter->runController(Object(App\Controllers\MainController))
 8 SYSTEMPATH\CodeIgniter.php(353): CodeIgniter\CodeIgniter->handleRequest(null, Object(Config\Cache), false)
 9 FCPATH\index.php(89): CodeIgniter\CodeIgniter->run()
10 SYSTEMPATH\Commands\Server\rewrite.php(47): require_once('C:\\laragon\\www\\projectbackend\\public\\index.php')
ERROR - 2023-12-10 09:59:44 --> mysqli_sql_exception: Cannot add or update a child row: a foreign key constraint fails (`project`.`ppo_tbl`, CONSTRAINT `userid` FOREIGN KEY (`userid`) REFERENCES `tbl_users` (`user_id`) ON DELETE RESTRICT ON UPDATE RESTRICT) in C:\laragon\www\projectbackend\system\Database\MySQLi\Connection.php:306
Stack trace:
#0 C:\laragon\www\projectbackend\system\Database\MySQLi\Connection.php(306): mysqli->query('INSERT INTO `pp...', 0)
#1 C:\laragon\www\projectbackend\system\Database\BaseConnection.php(692): CodeIgniter\Database\MySQLi\Connection->execute('INSERT INTO `pp...')
#2 C:\laragon\www\projectbackend\system\Database\BaseConnection.php(606): CodeIgniter\Database\BaseConnection->simpleQuery('INSERT INTO `pp...')
#3 C:\laragon\www\projectbackend\system\Database\BaseBuilder.php(2308): CodeIgniter\Database\BaseConnection->query('INSERT INTO `pp...', Array, false)
#4 C:\laragon\www\projectbackend\system\Model.php(319): CodeIgniter\Database\BaseBuilder->insert()
#5 C:\laragon\www\projectbackend\system\BaseModel.php(788): CodeIgniter\Model->doInsert(Array)
#6 C:\laragon\www\projectbackend\system\Model.php(715): CodeIgniter\BaseModel->insert(Array, true)
#7 C:\laragon\www\projectbackend\app\Controllers\MainController.php(205): CodeIgniter\Model->insert(Array)
#8 C:\laragon\www\projectbackend\system\CodeIgniter.php(919): App\Controllers\MainController->insertRating()
#9 C:\laragon\www\projectbackend\system\CodeIgniter.php(494): CodeIgniter\CodeIgniter->runController(Object(App\Controllers\MainController))
#10 C:\laragon\www\projectbackend\system\CodeIgniter.php(353): CodeIgniter\CodeIgniter->handleRequest(NULL, Object(Config\Cache), false)
#11 C:\laragon\www\projectbackend\public\index.php(89): CodeIgniter\CodeIgniter->run()
#12 C:\laragon\www\projectbackend\system\Commands\Server\rewrite.php(47): require_once('C:\\laragon\\www\\...')
#13 {main}
CRITICAL - 2023-12-10 09:59:44 --> Cannot add or update a child row: a foreign key constraint fails (`project`.`ppo_tbl`, CONSTRAINT `userid` FOREIGN KEY (`userid`) REFERENCES `tbl_users` (`user_id`) ON DELETE RESTRICT ON UPDATE RESTRICT)
in SYSTEMPATH\Database\BaseConnection.php on line 646.
 1 SYSTEMPATH\Database\BaseBuilder.php(2308): CodeIgniter\Database\BaseConnection->query('INSERT INTO `ppo_tbl` (`userid`, `month`, `year`, `office`, `do`, `didm`, `di`, `dpcr`, `dl`, `dhrdd`, `dprm`, `dictm`, `dpl`, `dc`, `drd`, `operational`, `administrative`, `total`) VALUES (:userid:, :month:, :year:, :office:, :do:, :didm:, :di:, :dpcr:, :dl:, :dhrdd:, :dprm:, :dictm:, :dpl:, :dc:, :drd:, :operational:, :administrative:, :total:)', [...], false)
 2 SYSTEMPATH\Model.php(319): CodeIgniter\Database\BaseBuilder->insert()
 3 SYSTEMPATH\BaseModel.php(788): CodeIgniter\Model->doInsert([...])
 4 SYSTEMPATH\Model.php(715): CodeIgniter\BaseModel->insert([...], true)
 5 APPPATH\Controllers\MainController.php(205): CodeIgniter\Model->insert([...])
 6 SYSTEMPATH\CodeIgniter.php(919): App\Controllers\MainController->insertRating()
 7 SYSTEMPATH\CodeIgniter.php(494): CodeIgniter\CodeIgniter->runController(Object(App\Controllers\MainController))
 8 SYSTEMPATH\CodeIgniter.php(353): CodeIgniter\CodeIgniter->handleRequest(null, Object(Config\Cache), false)
 9 FCPATH\index.php(89): CodeIgniter\CodeIgniter->run()
10 SYSTEMPATH\Commands\Server\rewrite.php(47): require_once('C:\\laragon\\www\\projectbackend\\public\\index.php')
ERROR - 2023-12-10 10:02:23 --> mysqli_sql_exception: Cannot add or update a child row: a foreign key constraint fails (`project`.`ppo_tbl`, CONSTRAINT `userid` FOREIGN KEY (`userid`) REFERENCES `tbl_users` (`user_id`) ON DELETE RESTRICT ON UPDATE RESTRICT) in C:\laragon\www\projectbackend\system\Database\MySQLi\Connection.php:306
Stack trace:
#0 C:\laragon\www\projectbackend\system\Database\MySQLi\Connection.php(306): mysqli->query('INSERT INTO `pp...', 0)
#1 C:\laragon\www\projectbackend\system\Database\BaseConnection.php(692): CodeIgniter\Database\MySQLi\Connection->execute('INSERT INTO `pp...')
#2 C:\laragon\www\projectbackend\system\Database\BaseConnection.php(606): CodeIgniter\Database\BaseConnection->simpleQuery('INSERT INTO `pp...')
#3 C:\laragon\www\projectbackend\system\Database\BaseBuilder.php(2308): CodeIgniter\Database\BaseConnection->query('INSERT INTO `pp...', Array, false)
#4 C:\laragon\www\projectbackend\system\Model.php(319): CodeIgniter\Database\BaseBuilder->insert()
#5 C:\laragon\www\projectbackend\system\BaseModel.php(788): CodeIgniter\Model->doInsert(Array)
#6 C:\laragon\www\projectbackend\system\Model.php(715): CodeIgniter\BaseModel->insert(Array, true)
#7 C:\laragon\www\projectbackend\app\Controllers\MainController.php(205): CodeIgniter\Model->insert(Array)
#8 C:\laragon\www\projectbackend\system\CodeIgniter.php(919): App\Controllers\MainController->insertRating()
#9 C:\laragon\www\projectbackend\system\CodeIgniter.php(494): CodeIgniter\CodeIgniter->runController(Object(App\Controllers\MainController))
#10 C:\laragon\www\projectbackend\system\CodeIgniter.php(353): CodeIgniter\CodeIgniter->handleRequest(NULL, Object(Config\Cache), false)
#11 C:\laragon\www\projectbackend\public\index.php(89): CodeIgniter\CodeIgniter->run()
#12 C:\laragon\www\projectbackend\system\Commands\Server\rewrite.php(47): require_once('C:\\laragon\\www\\...')
#13 {main}
CRITICAL - 2023-12-10 10:02:23 --> Cannot add or update a child row: a foreign key constraint fails (`project`.`ppo_tbl`, CONSTRAINT `userid` FOREIGN KEY (`userid`) REFERENCES `tbl_users` (`user_id`) ON DELETE RESTRICT ON UPDATE RESTRICT)
in SYSTEMPATH\Database\BaseConnection.php on line 646.
 1 SYSTEMPATH\Database\BaseBuilder.php(2308): CodeIgniter\Database\BaseConnection->query('INSERT INTO `ppo_tbl` (`userid`, `month`, `year`, `office`, `do`, `didm`, `di`, `dpcr`, `dl`, `dhrdd`, `dprm`, `dictm`, `dpl`, `dc`, `drd`, `operational`, `administrative`, `total`) VALUES (:userid:, :month:, :year:, :office:, :do:, :didm:, :di:, :dpcr:, :dl:, :dhrdd:, :dprm:, :dictm:, :dpl:, :dc:, :drd:, :operational:, :administrative:, :total:)', [...], false)
 2 SYSTEMPATH\Model.php(319): CodeIgniter\Database\BaseBuilder->insert()
 3 SYSTEMPATH\BaseModel.php(788): CodeIgniter\Model->doInsert([...])
 4 SYSTEMPATH\Model.php(715): CodeIgniter\BaseModel->insert([...], true)
 5 APPPATH\Controllers\MainController.php(205): CodeIgniter\Model->insert([...])
 6 SYSTEMPATH\CodeIgniter.php(919): App\Controllers\MainController->insertRating()
 7 SYSTEMPATH\CodeIgniter.php(494): CodeIgniter\CodeIgniter->runController(Object(App\Controllers\MainController))
 8 SYSTEMPATH\CodeIgniter.php(353): CodeIgniter\CodeIgniter->handleRequest(null, Object(Config\Cache), false)
 9 FCPATH\index.php(89): CodeIgniter\CodeIgniter->run()
10 SYSTEMPATH\Commands\Server\rewrite.php(47): require_once('C:\\laragon\\www\\projectbackend\\public\\index.php')
ERROR - 2023-12-10 10:04:37 --> mysqli_sql_exception: Cannot add or update a child row: a foreign key constraint fails (`project`.`ppo_tbl`, CONSTRAINT `userid` FOREIGN KEY (`userid`) REFERENCES `tbl_users` (`user_id`) ON DELETE RESTRICT ON UPDATE RESTRICT) in C:\laragon\www\projectbackend\system\Database\MySQLi\Connection.php:306
Stack trace:
#0 C:\laragon\www\projectbackend\system\Database\MySQLi\Connection.php(306): mysqli->query('INSERT INTO `pp...', 0)
#1 C:\laragon\www\projectbackend\system\Database\BaseConnection.php(692): CodeIgniter\Database\MySQLi\Connection->execute('INSERT INTO `pp...')
#2 C:\laragon\www\projectbackend\system\Database\BaseConnection.php(606): CodeIgniter\Database\BaseConnection->simpleQuery('INSERT INTO `pp...')
#3 C:\laragon\www\projectbackend\system\Database\BaseBuilder.php(2308): CodeIgniter\Database\BaseConnection->query('INSERT INTO `pp...', Array, false)
#4 C:\laragon\www\projectbackend\system\Model.php(319): CodeIgniter\Database\BaseBuilder->insert()
#5 C:\laragon\www\projectbackend\system\BaseModel.php(788): CodeIgniter\Model->doInsert(Array)
#6 C:\laragon\www\projectbackend\system\Model.php(715): CodeIgniter\BaseModel->insert(Array, true)
#7 C:\laragon\www\projectbackend\app\Controllers\MainController.php(205): CodeIgniter\Model->insert(Array)
#8 C:\laragon\www\projectbackend\system\CodeIgniter.php(919): App\Controllers\MainController->insertRating()
#9 C:\laragon\www\projectbackend\system\CodeIgniter.php(494): CodeIgniter\CodeIgniter->runController(Object(App\Controllers\MainController))
#10 C:\laragon\www\projectbackend\system\CodeIgniter.php(353): CodeIgniter\CodeIgniter->handleRequest(NULL, Object(Config\Cache), false)
#11 C:\laragon\www\projectbackend\public\index.php(89): CodeIgniter\CodeIgniter->run()
#12 C:\laragon\www\projectbackend\system\Commands\Server\rewrite.php(47): require_once('C:\\laragon\\www\\...')
#13 {main}
CRITICAL - 2023-12-10 10:04:37 --> Cannot add or update a child row: a foreign key constraint fails (`project`.`ppo_tbl`, CONSTRAINT `userid` FOREIGN KEY (`userid`) REFERENCES `tbl_users` (`user_id`) ON DELETE RESTRICT ON UPDATE RESTRICT)
in SYSTEMPATH\Database\BaseConnection.php on line 646.
 1 SYSTEMPATH\Database\BaseBuilder.php(2308): CodeIgniter\Database\BaseConnection->query('INSERT INTO `ppo_tbl` (`userid`, `month`, `year`, `office`, `do`, `didm`, `di`, `dpcr`, `dl`, `dhrdd`, `dprm`, `dictm`, `dpl`, `dc`, `drd`, `operational`, `administrative`, `total`) VALUES (:userid:, :month:, :year:, :office:, :do:, :didm:, :di:, :dpcr:, :dl:, :dhrdd:, :dprm:, :dictm:, :dpl:, :dc:, :drd:, :operational:, :administrative:, :total:)', [...], false)
 2 SYSTEMPATH\Model.php(319): CodeIgniter\Database\BaseBuilder->insert()
 3 SYSTEMPATH\BaseModel.php(788): CodeIgniter\Model->doInsert([...])
 4 SYSTEMPATH\Model.php(715): CodeIgniter\BaseModel->insert([...], true)
 5 APPPATH\Controllers\MainController.php(205): CodeIgniter\Model->insert([...])
 6 SYSTEMPATH\CodeIgniter.php(919): App\Controllers\MainController->insertRating()
 7 SYSTEMPATH\CodeIgniter.php(494): CodeIgniter\CodeIgniter->runController(Object(App\Controllers\MainController))
 8 SYSTEMPATH\CodeIgniter.php(353): CodeIgniter\CodeIgniter->handleRequest(null, Object(Config\Cache), false)
 9 FCPATH\index.php(89): CodeIgniter\CodeIgniter->run()
10 SYSTEMPATH\Commands\Server\rewrite.php(47): require_once('C:\\laragon\\www\\projectbackend\\public\\index.php')
ERROR - 2023-12-10 10:09:04 --> mysqli_sql_exception: Cannot add or update a child row: a foreign key constraint fails (`project`.`ppo_tbl`, CONSTRAINT `userid` FOREIGN KEY (`userid`) REFERENCES `tbl_users` (`user_id`) ON DELETE RESTRICT ON UPDATE RESTRICT) in C:\laragon\www\projectbackend\system\Database\MySQLi\Connection.php:306
Stack trace:
#0 C:\laragon\www\projectbackend\system\Database\MySQLi\Connection.php(306): mysqli->query('INSERT INTO `pp...', 0)
#1 C:\laragon\www\projectbackend\system\Database\BaseConnection.php(692): CodeIgniter\Database\MySQLi\Connection->execute('INSERT INTO `pp...')
#2 C:\laragon\www\projectbackend\system\Database\BaseConnection.php(606): CodeIgniter\Database\BaseConnection->simpleQuery('INSERT INTO `pp...')
#3 C:\laragon\www\projectbackend\system\Database\BaseBuilder.php(2308): CodeIgniter\Database\BaseConnection->query('INSERT INTO `pp...', Array, false)
#4 C:\laragon\www\projectbackend\system\Model.php(319): CodeIgniter\Database\BaseBuilder->insert()
#5 C:\laragon\www\projectbackend\system\BaseModel.php(788): CodeIgniter\Model->doInsert(Array)
#6 C:\laragon\www\projectbackend\system\Model.php(715): CodeIgniter\BaseModel->insert(Array, true)
#7 C:\laragon\www\projectbackend\app\Controllers\MainController.php(205): CodeIgniter\Model->insert(Array)
#8 C:\laragon\www\projectbackend\system\CodeIgniter.php(919): App\Controllers\MainController->insertRating()
#9 C:\laragon\www\projectbackend\system\CodeIgniter.php(494): CodeIgniter\CodeIgniter->runController(Object(App\Controllers\MainController))
#10 C:\laragon\www\projectbackend\system\CodeIgniter.php(353): CodeIgniter\CodeIgniter->handleRequest(NULL, Object(Config\Cache), false)
#11 C:\laragon\www\projectbackend\public\index.php(89): CodeIgniter\CodeIgniter->run()
#12 C:\laragon\www\projectbackend\system\Commands\Server\rewrite.php(47): require_once('C:\\laragon\\www\\...')
#13 {main}
CRITICAL - 2023-12-10 10:09:04 --> Cannot add or update a child row: a foreign key constraint fails (`project`.`ppo_tbl`, CONSTRAINT `userid` FOREIGN KEY (`userid`) REFERENCES `tbl_users` (`user_id`) ON DELETE RESTRICT ON UPDATE RESTRICT)
in SYSTEMPATH\Database\BaseConnection.php on line 646.
 1 SYSTEMPATH\Database\BaseBuilder.php(2308): CodeIgniter\Database\BaseConnection->query('INSERT INTO `ppo_tbl` (`userid`, `month`, `year`, `office`, `do`, `didm`, `di`, `dpcr`, `dl`, `dhrdd`, `dprm`, `dictm`, `dpl`, `dc`, `drd`, `operational`, `administrative`, `total`) VALUES (:userid:, :month:, :year:, :office:, :do:, :didm:, :di:, :dpcr:, :dl:, :dhrdd:, :dprm:, :dictm:, :dpl:, :dc:, :drd:, :operational:, :administrative:, :total:)', [...], false)
 2 SYSTEMPATH\Model.php(319): CodeIgniter\Database\BaseBuilder->insert()
 3 SYSTEMPATH\BaseModel.php(788): CodeIgniter\Model->doInsert([...])
 4 SYSTEMPATH\Model.php(715): CodeIgniter\BaseModel->insert([...], true)
 5 APPPATH\Controllers\MainController.php(205): CodeIgniter\Model->insert([...])
 6 SYSTEMPATH\CodeIgniter.php(919): App\Controllers\MainController->insertRating()
 7 SYSTEMPATH\CodeIgniter.php(494): CodeIgniter\CodeIgniter->runController(Object(App\Controllers\MainController))
 8 SYSTEMPATH\CodeIgniter.php(353): CodeIgniter\CodeIgniter->handleRequest(null, Object(Config\Cache), false)
 9 FCPATH\index.php(89): CodeIgniter\CodeIgniter->run()
10 SYSTEMPATH\Commands\Server\rewrite.php(47): require_once('C:\\laragon\\www\\projectbackend\\public\\index.php')
ERROR - 2023-12-10 10:09:34 --> mysqli_sql_exception: Cannot add or update a child row: a foreign key constraint fails (`project`.`ppo_tbl`, CONSTRAINT `userid` FOREIGN KEY (`userid`) REFERENCES `tbl_users` (`user_id`) ON DELETE RESTRICT ON UPDATE RESTRICT) in C:\laragon\www\projectbackend\system\Database\MySQLi\Connection.php:306
Stack trace:
#0 C:\laragon\www\projectbackend\system\Database\MySQLi\Connection.php(306): mysqli->query('INSERT INTO `pp...', 0)
#1 C:\laragon\www\projectbackend\system\Database\BaseConnection.php(692): CodeIgniter\Database\MySQLi\Connection->execute('INSERT INTO `pp...')
#2 C:\laragon\www\projectbackend\system\Database\BaseConnection.php(606): CodeIgniter\Database\BaseConnection->simpleQuery('INSERT INTO `pp...')
#3 C:\laragon\www\projectbackend\system\Database\BaseBuilder.php(2308): CodeIgniter\Database\BaseConnection->query('INSERT INTO `pp...', Array, false)
#4 C:\laragon\www\projectbackend\system\Model.php(319): CodeIgniter\Database\BaseBuilder->insert()
#5 C:\laragon\www\projectbackend\system\BaseModel.php(788): CodeIgniter\Model->doInsert(Array)
#6 C:\laragon\www\projectbackend\system\Model.php(715): CodeIgniter\BaseModel->insert(Array, true)
#7 C:\laragon\www\projectbackend\app\Controllers\MainController.php(205): CodeIgniter\Model->insert(Array)
#8 C:\laragon\www\projectbackend\system\CodeIgniter.php(919): App\Controllers\MainController->insertRating()
#9 C:\laragon\www\projectbackend\system\CodeIgniter.php(494): CodeIgniter\CodeIgniter->runController(Object(App\Controllers\MainController))
#10 C:\laragon\www\projectbackend\system\CodeIgniter.php(353): CodeIgniter\CodeIgniter->handleRequest(NULL, Object(Config\Cache), false)
#11 C:\laragon\www\projectbackend\public\index.php(89): CodeIgniter\CodeIgniter->run()
#12 C:\laragon\www\projectbackend\system\Commands\Server\rewrite.php(47): require_once('C:\\laragon\\www\\...')
#13 {main}
CRITICAL - 2023-12-10 10:09:34 --> Cannot add or update a child row: a foreign key constraint fails (`project`.`ppo_tbl`, CONSTRAINT `userid` FOREIGN KEY (`userid`) REFERENCES `tbl_users` (`user_id`) ON DELETE RESTRICT ON UPDATE RESTRICT)
in SYSTEMPATH\Database\BaseConnection.php on line 646.
 1 SYSTEMPATH\Database\BaseBuilder.php(2308): CodeIgniter\Database\BaseConnection->query('INSERT INTO `ppo_tbl` (`userid`, `month`, `year`, `office`, `do`, `didm`, `di`, `dpcr`, `dl`, `dhrdd`, `dprm`, `dictm`, `dpl`, `dc`, `drd`, `operational`, `administrative`, `total`) VALUES (:userid:, :month:, :year:, :office:, :do:, :didm:, :di:, :dpcr:, :dl:, :dhrdd:, :dprm:, :dictm:, :dpl:, :dc:, :drd:, :operational:, :administrative:, :total:)', [...], false)
 2 SYSTEMPATH\Model.php(319): CodeIgniter\Database\BaseBuilder->insert()
 3 SYSTEMPATH\BaseModel.php(788): CodeIgniter\Model->doInsert([...])
 4 SYSTEMPATH\Model.php(715): CodeIgniter\BaseModel->insert([...], true)
 5 APPPATH\Controllers\MainController.php(205): CodeIgniter\Model->insert([...])
 6 SYSTEMPATH\CodeIgniter.php(919): App\Controllers\MainController->insertRating()
 7 SYSTEMPATH\CodeIgniter.php(494): CodeIgniter\CodeIgniter->runController(Object(App\Controllers\MainController))
 8 SYSTEMPATH\CodeIgniter.php(353): CodeIgniter\CodeIgniter->handleRequest(null, Object(Config\Cache), false)
 9 FCPATH\index.php(89): CodeIgniter\CodeIgniter->run()
10 SYSTEMPATH\Commands\Server\rewrite.php(47): require_once('C:\\laragon\\www\\projectbackend\\public\\index.php')
CRITICAL - 2023-12-10 11:14:20 --> Undefined property: stdClass::$id
in APPPATH\Controllers\MainController.php on line 232.
 1 APPPATH\Controllers\MainController.php(232): CodeIgniter\Debug\Exceptions->errorHandler(2, 'Undefined property: stdClass::$id', 'C:\\laragon\\www\\projectbackend\\app\\Controllers\\MainController.php', 232)
 2 SYSTEMPATH\CodeIgniter.php(919): App\Controllers\MainController->saveProfile()
 3 SYSTEMPATH\CodeIgniter.php(494): CodeIgniter\CodeIgniter->runController(Object(App\Controllers\MainController))
 4 SYSTEMPATH\CodeIgniter.php(353): CodeIgniter\CodeIgniter->handleRequest(null, Object(Config\Cache), false)
 5 FCPATH\index.php(89): CodeIgniter\CodeIgniter->run()
 6 SYSTEMPATH\Commands\Server\rewrite.php(47): require_once('C:\\laragon\\www\\projectbackend\\public\\index.php')
CRITICAL - 2023-12-10 11:14:50 --> Undefined property: stdClass::$userId
in APPPATH\Controllers\MainController.php on line 232.
 1 APPPATH\Controllers\MainController.php(232): CodeIgniter\Debug\Exceptions->errorHandler(2, 'Undefined property: stdClass::$userId', 'C:\\laragon\\www\\projectbackend\\app\\Controllers\\MainController.php', 232)
 2 SYSTEMPATH\CodeIgniter.php(919): App\Controllers\MainController->saveProfile()
 3 SYSTEMPATH\CodeIgniter.php(494): CodeIgniter\CodeIgniter->runController(Object(App\Controllers\MainController))
 4 SYSTEMPATH\CodeIgniter.php(353): CodeIgniter\CodeIgniter->handleRequest(null, Object(Config\Cache), false)
 5 FCPATH\index.php(89): CodeIgniter\CodeIgniter->run()
 6 SYSTEMPATH\Commands\Server\rewrite.php(47): require_once('C:\\laragon\\www\\projectbackend\\public\\index.php')
CRITICAL - 2023-12-10 11:14:54 --> Undefined property: stdClass::$userId
in APPPATH\Controllers\MainController.php on line 232.
 1 APPPATH\Controllers\MainController.php(232): CodeIgniter\Debug\Exceptions->errorHandler(2, 'Undefined property: stdClass::$userId', 'C:\\laragon\\www\\projectbackend\\app\\Controllers\\MainController.php', 232)
 2 SYSTEMPATH\CodeIgniter.php(919): App\Controllers\MainController->saveProfile()
 3 SYSTEMPATH\CodeIgniter.php(494): CodeIgniter\CodeIgniter->runController(Object(App\Controllers\MainController))
 4 SYSTEMPATH\CodeIgniter.php(353): CodeIgniter\CodeIgniter->handleRequest(null, Object(Config\Cache), false)
 5 FCPATH\index.php(89): CodeIgniter\CodeIgniter->run()
 6 SYSTEMPATH\Commands\Server\rewrite.php(47): require_once('C:\\laragon\\www\\projectbackend\\public\\index.php')
CRITICAL - 2023-12-10 11:15:07 --> Undefined property: stdClass::$userId
in APPPATH\Controllers\MainController.php on line 232.
 1 APPPATH\Controllers\MainController.php(232): CodeIgniter\Debug\Exceptions->errorHandler(2, 'Undefined property: stdClass::$userId', 'C:\\laragon\\www\\projectbackend\\app\\Controllers\\MainController.php', 232)
 2 SYSTEMPATH\CodeIgniter.php(919): App\Controllers\MainController->saveProfile()
 3 SYSTEMPATH\CodeIgniter.php(494): CodeIgniter\CodeIgniter->runController(Object(App\Controllers\MainController))
 4 SYSTEMPATH\CodeIgniter.php(353): CodeIgniter\CodeIgniter->handleRequest(null, Object(Config\Cache), false)
 5 FCPATH\index.php(89): CodeIgniter\CodeIgniter->run()
 6 SYSTEMPATH\Commands\Server\rewrite.php(47): require_once('C:\\laragon\\www\\projectbackend\\public\\index.php')
CRITICAL - 2023-12-10 11:17:16 --> Undefined property: stdClass::$userId
in APPPATH\Controllers\MainController.php on line 232.
 1 APPPATH\Controllers\MainController.php(232): CodeIgniter\Debug\Exceptions->errorHandler(2, 'Undefined property: stdClass::$userId', 'C:\\laragon\\www\\projectbackend\\app\\Controllers\\MainController.php', 232)
 2 SYSTEMPATH\CodeIgniter.php(919): App\Controllers\MainController->saveProfile()
 3 SYSTEMPATH\CodeIgniter.php(494): CodeIgniter\CodeIgniter->runController(Object(App\Controllers\MainController))
 4 SYSTEMPATH\CodeIgniter.php(353): CodeIgniter\CodeIgniter->handleRequest(null, Object(Config\Cache), false)
 5 FCPATH\index.php(89): CodeIgniter\CodeIgniter->run()
 6 SYSTEMPATH\Commands\Server\rewrite.php(47): require_once('C:\\laragon\\www\\projectbackend\\public\\index.php')
CRITICAL - 2023-12-10 11:17:17 --> Undefined property: stdClass::$userId
in APPPATH\Controllers\MainController.php on line 232.
 1 APPPATH\Controllers\MainController.php(232): CodeIgniter\Debug\Exceptions->errorHandler(2, 'Undefined property: stdClass::$userId', 'C:\\laragon\\www\\projectbackend\\app\\Controllers\\MainController.php', 232)
 2 SYSTEMPATH\CodeIgniter.php(919): App\Controllers\MainController->saveProfile()
 3 SYSTEMPATH\CodeIgniter.php(494): CodeIgniter\CodeIgniter->runController(Object(App\Controllers\MainController))
 4 SYSTEMPATH\CodeIgniter.php(353): CodeIgniter\CodeIgniter->handleRequest(null, Object(Config\Cache), false)
 5 FCPATH\index.php(89): CodeIgniter\CodeIgniter->run()
 6 SYSTEMPATH\Commands\Server\rewrite.php(47): require_once('C:\\laragon\\www\\projectbackend\\public\\index.php')
CRITICAL - 2023-12-10 11:27:46 --> Undefined property: stdClass::$userId
in APPPATH\Controllers\MainController.php on line 232.
 1 APPPATH\Controllers\MainController.php(232): CodeIgniter\Debug\Exceptions->errorHandler(2, 'Undefined property: stdClass::$userId', 'C:\\laragon\\www\\projectbackend\\app\\Controllers\\MainController.php', 232)
 2 SYSTEMPATH\CodeIgniter.php(919): App\Controllers\MainController->saveProfile()
 3 SYSTEMPATH\CodeIgniter.php(494): CodeIgniter\CodeIgniter->runController(Object(App\Controllers\MainController))
 4 SYSTEMPATH\CodeIgniter.php(353): CodeIgniter\CodeIgniter->handleRequest(null, Object(Config\Cache), false)
 5 FCPATH\index.php(89): CodeIgniter\CodeIgniter->run()
 6 SYSTEMPATH\Commands\Server\rewrite.php(47): require_once('C:\\laragon\\www\\projectbackend\\public\\index.php')
CRITICAL - 2023-12-10 11:30:20 --> Undefined property: stdClass::$userId
in APPPATH\Controllers\MainController.php on line 232.
 1 APPPATH\Controllers\MainController.php(232): CodeIgniter\Debug\Exceptions->errorHandler(2, 'Undefined property: stdClass::$userId', 'C:\\laragon\\www\\projectbackend\\app\\Controllers\\MainController.php', 232)
 2 SYSTEMPATH\CodeIgniter.php(919): App\Controllers\MainController->saveProfile()
 3 SYSTEMPATH\CodeIgniter.php(494): CodeIgniter\CodeIgniter->runController(Object(App\Controllers\MainController))
 4 SYSTEMPATH\CodeIgniter.php(353): CodeIgniter\CodeIgniter->handleRequest(null, Object(Config\Cache), false)
 5 FCPATH\index.php(89): CodeIgniter\CodeIgniter->run()
 6 SYSTEMPATH\Commands\Server\rewrite.php(47): require_once('C:\\laragon\\www\\projectbackend\\public\\index.php')
CRITICAL - 2023-12-10 11:31:36 --> Undefined property: stdClass::$userId
in APPPATH\Controllers\MainController.php on line 232.
 1 APPPATH\Controllers\MainController.php(232): CodeIgniter\Debug\Exceptions->errorHandler(2, 'Undefined property: stdClass::$userId', 'C:\\laragon\\www\\projectbackend\\app\\Controllers\\MainController.php', 232)
 2 SYSTEMPATH\CodeIgniter.php(919): App\Controllers\MainController->saveProfile()
 3 SYSTEMPATH\CodeIgniter.php(494): CodeIgniter\CodeIgniter->runController(Object(App\Controllers\MainController))
 4 SYSTEMPATH\CodeIgniter.php(353): CodeIgniter\CodeIgniter->handleRequest(null, Object(Config\Cache), false)
 5 FCPATH\index.php(89): CodeIgniter\CodeIgniter->run()
 6 SYSTEMPATH\Commands\Server\rewrite.php(47): require_once('C:\\laragon\\www\\projectbackend\\public\\index.php')
CRITICAL - 2023-12-10 11:31:50 --> Undefined property: stdClass::$userId
in APPPATH\Controllers\MainController.php on line 232.
 1 APPPATH\Controllers\MainController.php(232): CodeIgniter\Debug\Exceptions->errorHandler(2, 'Undefined property: stdClass::$userId', 'C:\\laragon\\www\\projectbackend\\app\\Controllers\\MainController.php', 232)
 2 SYSTEMPATH\CodeIgniter.php(919): App\Controllers\MainController->saveProfile()
 3 SYSTEMPATH\CodeIgniter.php(494): CodeIgniter\CodeIgniter->runController(Object(App\Controllers\MainController))
 4 SYSTEMPATH\CodeIgniter.php(353): CodeIgniter\CodeIgniter->handleRequest(null, Object(Config\Cache), false)
 5 FCPATH\index.php(89): CodeIgniter\CodeIgniter->run()
 6 SYSTEMPATH\Commands\Server\rewrite.php(47): require_once('C:\\laragon\\www\\projectbackend\\public\\index.php')
CRITICAL - 2023-12-10 12:16:35 --> Undefined property: stdClass::$user_id
in APPPATH\Controllers\AdminController.php on line 233.
 1 APPPATH\Controllers\AdminController.php(233): CodeIgniter\Debug\Exceptions->errorHandler(2, 'Undefined property: stdClass::$user_id', 'C:\\laragon\\www\\projectbackend\\app\\Controllers\\AdminController.php', 233)
 2 SYSTEMPATH\CodeIgniter.php(919): App\Controllers\AdminController->saveUser()
 3 SYSTEMPATH\CodeIgniter.php(494): CodeIgniter\CodeIgniter->runController(Object(App\Controllers\AdminController))
 4 SYSTEMPATH\CodeIgniter.php(353): CodeIgniter\CodeIgniter->handleRequest(null, Object(Config\Cache), false)
 5 FCPATH\index.php(89): CodeIgniter\CodeIgniter->run()
 6 SYSTEMPATH\Commands\Server\rewrite.php(47): require_once('C:\\laragon\\www\\projectbackend\\public\\index.php')
CRITICAL - 2023-12-10 12:16:46 --> Undefined property: stdClass::$user_id
in APPPATH\Controllers\AdminController.php on line 233.
 1 APPPATH\Controllers\AdminController.php(233): CodeIgniter\Debug\Exceptions->errorHandler(2, 'Undefined property: stdClass::$user_id', 'C:\\laragon\\www\\projectbackend\\app\\Controllers\\AdminController.php', 233)
 2 SYSTEMPATH\CodeIgniter.php(919): App\Controllers\AdminController->saveUser()
 3 SYSTEMPATH\CodeIgniter.php(494): CodeIgniter\CodeIgniter->runController(Object(App\Controllers\AdminController))
 4 SYSTEMPATH\CodeIgniter.php(353): CodeIgniter\CodeIgniter->handleRequest(null, Object(Config\Cache), false)
 5 FCPATH\index.php(89): CodeIgniter\CodeIgniter->run()
 6 SYSTEMPATH\Commands\Server\rewrite.php(47): require_once('C:\\laragon\\www\\projectbackend\\public\\index.php')
CRITICAL - 2023-12-10 12:18:46 --> Undefined property: stdClass::$user_id
in APPPATH\Controllers\AdminController.php on line 233.
 1 APPPATH\Controllers\AdminController.php(233): CodeIgniter\Debug\Exceptions->errorHandler(2, 'Undefined property: stdClass::$user_id', 'C:\\laragon\\www\\projectbackend\\app\\Controllers\\AdminController.php', 233)
 2 SYSTEMPATH\CodeIgniter.php(919): App\Controllers\AdminController->saveUser()
 3 SYSTEMPATH\CodeIgniter.php(494): CodeIgniter\CodeIgniter->runController(Object(App\Controllers\AdminController))
 4 SYSTEMPATH\CodeIgniter.php(353): CodeIgniter\CodeIgniter->handleRequest(null, Object(Config\Cache), false)
 5 FCPATH\index.php(89): CodeIgniter\CodeIgniter->run()
 6 SYSTEMPATH\Commands\Server\rewrite.php(47): require_once('C:\\laragon\\www\\projectbackend\\public\\index.php')
CRITICAL - 2023-12-10 12:19:34 --> Undefined property: stdClass::$user_id
in APPPATH\Controllers\AdminController.php on line 233.
 1 APPPATH\Controllers\AdminController.php(233): CodeIgniter\Debug\Exceptions->errorHandler(2, 'Undefined property: stdClass::$user_id', 'C:\\laragon\\www\\projectbackend\\app\\Controllers\\AdminController.php', 233)
 2 SYSTEMPATH\CodeIgniter.php(919): App\Controllers\AdminController->saveUser()
 3 SYSTEMPATH\CodeIgniter.php(494): CodeIgniter\CodeIgniter->runController(Object(App\Controllers\AdminController))
 4 SYSTEMPATH\CodeIgniter.php(353): CodeIgniter\CodeIgniter->handleRequest(null, Object(Config\Cache), false)
 5 FCPATH\index.php(89): CodeIgniter\CodeIgniter->run()
 6 SYSTEMPATH\Commands\Server\rewrite.php(47): require_once('C:\\laragon\\www\\projectbackend\\public\\index.php')
