ERROR - 2024-05-04 03:23:11 --> mysqli_sql_exception: Table 'project.ppo_tbl' doesn't exist in C:\laragon\www\projectbackend\system\Database\MySQLi\Connection.php:306
Stack trace:
#0 C:\laragon\www\projectbackend\system\Database\MySQLi\Connection.php(306): mysqli->query('SELECT *\nFROM `...', 0)
#1 C:\laragon\www\projectbackend\system\Database\BaseConnection.php(692): CodeIgniter\Database\MySQLi\Connection->execute('SELECT *\nFROM `...')
#2 C:\laragon\www\projectbackend\system\Database\BaseConnection.php(606): CodeIgniter\Database\BaseConnection->simpleQuery('SELECT *\nFROM `...')
#3 C:\laragon\www\projectbackend\system\Database\BaseBuilder.php(1615): CodeIgniter\Database\BaseConnection->query('SELECT *\nFROM `...', Array, false)
#4 C:\laragon\www\projectbackend\system\Model.php(237): CodeIgniter\Database\BaseBuilder->get()
#5 C:\laragon\www\projectbackend\system\BaseModel.php(624): CodeIgniter\Model->doFindAll(0, 0)
#6 C:\laragon\www\projectbackend\app\Controllers\AdminController.php(3939): CodeIgniter\BaseModel->findAll()
#7 C:\laragon\www\projectbackend\system\CodeIgniter.php(919): App\Controllers\AdminController->countUserRatings()
#8 C:\laragon\www\projectbackend\system\CodeIgniter.php(494): CodeIgniter\CodeIgniter->runController(Object(App\Controllers\AdminController))
#9 C:\laragon\www\projectbackend\system\CodeIgniter.php(353): CodeIgniter\CodeIgniter->handleRequest(NULL, Object(Config\Cache), false)
#10 C:\laragon\www\projectbackend\public\index.php(89): CodeIgniter\CodeIgniter->run()
#11 C:\laragon\www\projectbackend\system\Commands\Server\rewrite.php(47): require_once('C:\\laragon\\www\\...')
#12 {main}
CRITICAL - 2024-05-04 03:23:11 --> Table 'project.ppo_tbl' doesn't exist
in SYSTEMPATH\Database\BaseConnection.php on line 646.
 1 SYSTEMPATH\Database\BaseBuilder.php(1615): CodeIgniter\Database\BaseConnection->query('SELECT *
FROM `ppo_tbl`', [], false)
 2 SYSTEMPATH\Model.php(237): CodeIgniter\Database\BaseBuilder->get()
 3 SYSTEMPATH\BaseModel.php(624): CodeIgniter\Model->doFindAll(0, 0)
 4 APPPATH\Controllers\AdminController.php(3939): CodeIgniter\BaseModel->findAll()
 5 SYSTEMPATH\CodeIgniter.php(919): App\Controllers\AdminController->countUserRatings()
 6 SYSTEMPATH\CodeIgniter.php(494): CodeIgniter\CodeIgniter->runController(Object(App\Controllers\AdminController))
 7 SYSTEMPATH\CodeIgniter.php(353): CodeIgniter\CodeIgniter->handleRequest(null, Object(Config\Cache), false)
 8 FCPATH\index.php(89): CodeIgniter\CodeIgniter->run()
 9 SYSTEMPATH\Commands\Server\rewrite.php(47): require_once('C:\\laragon\\www\\projectbackend\\public\\index.php')
ERROR - 2024-05-04 03:33:09 --> mysqli_sql_exception: Table 'project.ppo_tbl' doesn't exist in C:\laragon\www\projectbackend\system\Database\MySQLi\Connection.php:306
Stack trace:
#0 C:\laragon\www\projectbackend\system\Database\MySQLi\Connection.php(306): mysqli->query('SELECT *\nFROM `...', 0)
#1 C:\laragon\www\projectbackend\system\Database\BaseConnection.php(692): CodeIgniter\Database\MySQLi\Connection->execute('SELECT *\nFROM `...')
#2 C:\laragon\www\projectbackend\system\Database\BaseConnection.php(606): CodeIgniter\Database\BaseConnection->simpleQuery('SELECT *\nFROM `...')
#3 C:\laragon\www\projectbackend\system\Database\BaseBuilder.php(1615): CodeIgniter\Database\BaseConnection->query('SELECT *\nFROM `...', Array, false)
#4 C:\laragon\www\projectbackend\system\Model.php(237): CodeIgniter\Database\BaseBuilder->get()
#5 C:\laragon\www\projectbackend\system\BaseModel.php(624): CodeIgniter\Model->doFindAll(0, 0)
#6 C:\laragon\www\projectbackend\app\Controllers\AdminController.php(3939): CodeIgniter\BaseModel->findAll()
#7 C:\laragon\www\projectbackend\system\CodeIgniter.php(919): App\Controllers\AdminController->countUserRatings()
#8 C:\laragon\www\projectbackend\system\CodeIgniter.php(494): CodeIgniter\CodeIgniter->runController(Object(App\Controllers\AdminController))
#9 C:\laragon\www\projectbackend\system\CodeIgniter.php(353): CodeIgniter\CodeIgniter->handleRequest(NULL, Object(Config\Cache), false)
#10 C:\laragon\www\projectbackend\public\index.php(89): CodeIgniter\CodeIgniter->run()
#11 C:\laragon\www\projectbackend\system\Commands\Server\rewrite.php(47): require_once('C:\\laragon\\www\\...')
#12 {main}
CRITICAL - 2024-05-04 03:33:09 --> Table 'project.ppo_tbl' doesn't exist
in SYSTEMPATH\Database\BaseConnection.php on line 646.
 1 SYSTEMPATH\Database\BaseBuilder.php(1615): CodeIgniter\Database\BaseConnection->query('SELECT *
FROM `ppo_tbl`', [], false)
 2 SYSTEMPATH\Model.php(237): CodeIgniter\Database\BaseBuilder->get()
 3 SYSTEMPATH\BaseModel.php(624): CodeIgniter\Model->doFindAll(0, 0)
 4 APPPATH\Controllers\AdminController.php(3939): CodeIgniter\BaseModel->findAll()
 5 SYSTEMPATH\CodeIgniter.php(919): App\Controllers\AdminController->countUserRatings()
 6 SYSTEMPATH\CodeIgniter.php(494): CodeIgniter\CodeIgniter->runController(Object(App\Controllers\AdminController))
 7 SYSTEMPATH\CodeIgniter.php(353): CodeIgniter\CodeIgniter->handleRequest(null, Object(Config\Cache), false)
 8 FCPATH\index.php(89): CodeIgniter\CodeIgniter->run()
 9 SYSTEMPATH\Commands\Server\rewrite.php(47): require_once('C:\\laragon\\www\\projectbackend\\public\\index.php')
ERROR - 2024-05-04 03:36:19 --> mysqli_sql_exception: Table 'project.ppo_tbl' doesn't exist in C:\laragon\www\projectbackend\system\Database\MySQLi\Connection.php:306
Stack trace:
#0 C:\laragon\www\projectbackend\system\Database\MySQLi\Connection.php(306): mysqli->query('SELECT *\nFROM `...', 0)
#1 C:\laragon\www\projectbackend\system\Database\BaseConnection.php(692): CodeIgniter\Database\MySQLi\Connection->execute('SELECT *\nFROM `...')
#2 C:\laragon\www\projectbackend\system\Database\BaseConnection.php(606): CodeIgniter\Database\BaseConnection->simpleQuery('SELECT *\nFROM `...')
#3 C:\laragon\www\projectbackend\system\Database\BaseBuilder.php(1615): CodeIgniter\Database\BaseConnection->query('SELECT *\nFROM `...', Array, false)
#4 C:\laragon\www\projectbackend\system\Model.php(237): CodeIgniter\Database\BaseBuilder->get()
#5 C:\laragon\www\projectbackend\system\BaseModel.php(624): CodeIgniter\Model->doFindAll(0, 0)
#6 C:\laragon\www\projectbackend\app\Controllers\AdminController.php(3939): CodeIgniter\BaseModel->findAll()
#7 C:\laragon\www\projectbackend\system\CodeIgniter.php(919): App\Controllers\AdminController->countUserRatings()
#8 C:\laragon\www\projectbackend\system\CodeIgniter.php(494): CodeIgniter\CodeIgniter->runController(Object(App\Controllers\AdminController))
#9 C:\laragon\www\projectbackend\system\CodeIgniter.php(353): CodeIgniter\CodeIgniter->handleRequest(NULL, Object(Config\Cache), false)
#10 C:\laragon\www\projectbackend\public\index.php(89): CodeIgniter\CodeIgniter->run()
#11 C:\laragon\www\projectbackend\system\Commands\Server\rewrite.php(47): require_once('C:\\laragon\\www\\...')
#12 {main}
CRITICAL - 2024-05-04 03:36:19 --> Table 'project.ppo_tbl' doesn't exist
in SYSTEMPATH\Database\BaseConnection.php on line 646.
 1 SYSTEMPATH\Database\BaseBuilder.php(1615): CodeIgniter\Database\BaseConnection->query('SELECT *
FROM `ppo_tbl`', [], false)
 2 SYSTEMPATH\Model.php(237): CodeIgniter\Database\BaseBuilder->get()
 3 SYSTEMPATH\BaseModel.php(624): CodeIgniter\Model->doFindAll(0, 0)
 4 APPPATH\Controllers\AdminController.php(3939): CodeIgniter\BaseModel->findAll()
 5 SYSTEMPATH\CodeIgniter.php(919): App\Controllers\AdminController->countUserRatings()
 6 SYSTEMPATH\CodeIgniter.php(494): CodeIgniter\CodeIgniter->runController(Object(App\Controllers\AdminController))
 7 SYSTEMPATH\CodeIgniter.php(353): CodeIgniter\CodeIgniter->handleRequest(null, Object(Config\Cache), false)
 8 FCPATH\index.php(89): CodeIgniter\CodeIgniter->run()
 9 SYSTEMPATH\Commands\Server\rewrite.php(47): require_once('C:\\laragon\\www\\projectbackend\\public\\index.php')
ERROR - 2024-05-04 03:40:10 --> mysqli_sql_exception: Table 'project.ppo_tbl' doesn't exist in C:\laragon\www\projectbackend\system\Database\MySQLi\Connection.php:306
Stack trace:
#0 C:\laragon\www\projectbackend\system\Database\MySQLi\Connection.php(306): mysqli->query('SELECT *\nFROM `...', 0)
#1 C:\laragon\www\projectbackend\system\Database\BaseConnection.php(692): CodeIgniter\Database\MySQLi\Connection->execute('SELECT *\nFROM `...')
#2 C:\laragon\www\projectbackend\system\Database\BaseConnection.php(606): CodeIgniter\Database\BaseConnection->simpleQuery('SELECT *\nFROM `...')
#3 C:\laragon\www\projectbackend\system\Database\BaseBuilder.php(1615): CodeIgniter\Database\BaseConnection->query('SELECT *\nFROM `...', Array, false)
#4 C:\laragon\www\projectbackend\system\Model.php(237): CodeIgniter\Database\BaseBuilder->get()
#5 C:\laragon\www\projectbackend\system\BaseModel.php(624): CodeIgniter\Model->doFindAll(0, 0)
#6 C:\laragon\www\projectbackend\app\Controllers\AdminController.php(3940): CodeIgniter\BaseModel->findAll()
#7 C:\laragon\www\projectbackend\system\CodeIgniter.php(919): App\Controllers\AdminController->countUserRatings()
#8 C:\laragon\www\projectbackend\system\CodeIgniter.php(494): CodeIgniter\CodeIgniter->runController(Object(App\Controllers\AdminController))
#9 C:\laragon\www\projectbackend\system\CodeIgniter.php(353): CodeIgniter\CodeIgniter->handleRequest(NULL, Object(Config\Cache), false)
#10 C:\laragon\www\projectbackend\public\index.php(89): CodeIgniter\CodeIgniter->run()
#11 C:\laragon\www\projectbackend\system\Commands\Server\rewrite.php(47): require_once('C:\\laragon\\www\\...')
#12 {main}
CRITICAL - 2024-05-04 03:40:10 --> Table 'project.ppo_tbl' doesn't exist
in SYSTEMPATH\Database\BaseConnection.php on line 646.
 1 SYSTEMPATH\Database\BaseBuilder.php(1615): CodeIgniter\Database\BaseConnection->query('SELECT *
FROM `ppo_tbl`', [], false)
 2 SYSTEMPATH\Model.php(237): CodeIgniter\Database\BaseBuilder->get()
 3 SYSTEMPATH\BaseModel.php(624): CodeIgniter\Model->doFindAll(0, 0)
 4 APPPATH\Controllers\AdminController.php(3940): CodeIgniter\BaseModel->findAll()
 5 SYSTEMPATH\CodeIgniter.php(919): App\Controllers\AdminController->countUserRatings()
 6 SYSTEMPATH\CodeIgniter.php(494): CodeIgniter\CodeIgniter->runController(Object(App\Controllers\AdminController))
 7 SYSTEMPATH\CodeIgniter.php(353): CodeIgniter\CodeIgniter->handleRequest(null, Object(Config\Cache), false)
 8 FCPATH\index.php(89): CodeIgniter\CodeIgniter->run()
 9 SYSTEMPATH\Commands\Server\rewrite.php(47): require_once('C:\\laragon\\www\\projectbackend\\public\\index.php')
ERROR - 2024-05-04 03:42:47 --> mysqli_sql_exception: Table 'project.ppo_tbl' doesn't exist in C:\laragon\www\projectbackend\system\Database\MySQLi\Connection.php:306
Stack trace:
#0 C:\laragon\www\projectbackend\system\Database\MySQLi\Connection.php(306): mysqli->query('SELECT *\nFROM `...', 0)
#1 C:\laragon\www\projectbackend\system\Database\BaseConnection.php(692): CodeIgniter\Database\MySQLi\Connection->execute('SELECT *\nFROM `...')
#2 C:\laragon\www\projectbackend\system\Database\BaseConnection.php(606): CodeIgniter\Database\BaseConnection->simpleQuery('SELECT *\nFROM `...')
#3 C:\laragon\www\projectbackend\system\Database\BaseBuilder.php(1615): CodeIgniter\Database\BaseConnection->query('SELECT *\nFROM `...', Array, false)
#4 C:\laragon\www\projectbackend\system\Model.php(237): CodeIgniter\Database\BaseBuilder->get()
#5 C:\laragon\www\projectbackend\system\BaseModel.php(624): CodeIgniter\Model->doFindAll(0, 0)
#6 C:\laragon\www\projectbackend\app\Controllers\AdminController.php(3940): CodeIgniter\BaseModel->findAll()
#7 C:\laragon\www\projectbackend\system\CodeIgniter.php(919): App\Controllers\AdminController->countUserRatings()
#8 C:\laragon\www\projectbackend\system\CodeIgniter.php(494): CodeIgniter\CodeIgniter->runController(Object(App\Controllers\AdminController))
#9 C:\laragon\www\projectbackend\system\CodeIgniter.php(353): CodeIgniter\CodeIgniter->handleRequest(NULL, Object(Config\Cache), false)
#10 C:\laragon\www\projectbackend\public\index.php(89): CodeIgniter\CodeIgniter->run()
#11 C:\laragon\www\projectbackend\system\Commands\Server\rewrite.php(47): require_once('C:\\laragon\\www\\...')
#12 {main}
CRITICAL - 2024-05-04 03:42:47 --> Table 'project.ppo_tbl' doesn't exist
in SYSTEMPATH\Database\BaseConnection.php on line 646.
 1 SYSTEMPATH\Database\BaseBuilder.php(1615): CodeIgniter\Database\BaseConnection->query('SELECT *
FROM `ppo_tbl`', [], false)
 2 SYSTEMPATH\Model.php(237): CodeIgniter\Database\BaseBuilder->get()
 3 SYSTEMPATH\BaseModel.php(624): CodeIgniter\Model->doFindAll(0, 0)
 4 APPPATH\Controllers\AdminController.php(3940): CodeIgniter\BaseModel->findAll()
 5 SYSTEMPATH\CodeIgniter.php(919): App\Controllers\AdminController->countUserRatings()
 6 SYSTEMPATH\CodeIgniter.php(494): CodeIgniter\CodeIgniter->runController(Object(App\Controllers\AdminController))
 7 SYSTEMPATH\CodeIgniter.php(353): CodeIgniter\CodeIgniter->handleRequest(null, Object(Config\Cache), false)
 8 FCPATH\index.php(89): CodeIgniter\CodeIgniter->run()
 9 SYSTEMPATH\Commands\Server\rewrite.php(47): require_once('C:\\laragon\\www\\projectbackend\\public\\index.php')
ERROR - 2024-05-04 03:58:10 --> mysqli_sql_exception: Table 'project.ppo_tbl' doesn't exist in C:\laragon\www\projectbackend\system\Database\MySQLi\Connection.php:306
Stack trace:
#0 C:\laragon\www\projectbackend\system\Database\MySQLi\Connection.php(306): mysqli->query('SELECT *\nFROM `...', 0)
#1 C:\laragon\www\projectbackend\system\Database\BaseConnection.php(692): CodeIgniter\Database\MySQLi\Connection->execute('SELECT *\nFROM `...')
#2 C:\laragon\www\projectbackend\system\Database\BaseConnection.php(606): CodeIgniter\Database\BaseConnection->simpleQuery('SELECT *\nFROM `...')
#3 C:\laragon\www\projectbackend\system\Database\BaseBuilder.php(1615): CodeIgniter\Database\BaseConnection->query('SELECT *\nFROM `...', Array, false)
#4 C:\laragon\www\projectbackend\system\Model.php(237): CodeIgniter\Database\BaseBuilder->get()
#5 C:\laragon\www\projectbackend\system\BaseModel.php(624): CodeIgniter\Model->doFindAll(0, 0)
#6 C:\laragon\www\projectbackend\app\Controllers\AdminController.php(4010): CodeIgniter\BaseModel->findAll()
#7 C:\laragon\www\projectbackend\system\CodeIgniter.php(919): App\Controllers\AdminController->countUserRatings()
#8 C:\laragon\www\projectbackend\system\CodeIgniter.php(494): CodeIgniter\CodeIgniter->runController(Object(App\Controllers\AdminController))
#9 C:\laragon\www\projectbackend\system\CodeIgniter.php(353): CodeIgniter\CodeIgniter->handleRequest(NULL, Object(Config\Cache), false)
#10 C:\laragon\www\projectbackend\public\index.php(89): CodeIgniter\CodeIgniter->run()
#11 C:\laragon\www\projectbackend\system\Commands\Server\rewrite.php(47): require_once('C:\\laragon\\www\\...')
#12 {main}
CRITICAL - 2024-05-04 03:58:10 --> Table 'project.ppo_tbl' doesn't exist
in SYSTEMPATH\Database\BaseConnection.php on line 646.
 1 SYSTEMPATH\Database\BaseBuilder.php(1615): CodeIgniter\Database\BaseConnection->query('SELECT *
FROM `ppo_tbl`', [], false)
 2 SYSTEMPATH\Model.php(237): CodeIgniter\Database\BaseBuilder->get()
 3 SYSTEMPATH\BaseModel.php(624): CodeIgniter\Model->doFindAll(0, 0)
 4 APPPATH\Controllers\AdminController.php(4010): CodeIgniter\BaseModel->findAll()
 5 SYSTEMPATH\CodeIgniter.php(919): App\Controllers\AdminController->countUserRatings()
 6 SYSTEMPATH\CodeIgniter.php(494): CodeIgniter\CodeIgniter->runController(Object(App\Controllers\AdminController))
 7 SYSTEMPATH\CodeIgniter.php(353): CodeIgniter\CodeIgniter->handleRequest(null, Object(Config\Cache), false)
 8 FCPATH\index.php(89): CodeIgniter\CodeIgniter->run()
 9 SYSTEMPATH\Commands\Server\rewrite.php(47): require_once('C:\\laragon\\www\\projectbackend\\public\\index.php')
ERROR - 2024-05-04 03:59:19 --> mysqli_sql_exception: Table 'project.ppo_tbl' doesn't exist in C:\laragon\www\projectbackend\system\Database\MySQLi\Connection.php:306
Stack trace:
#0 C:\laragon\www\projectbackend\system\Database\MySQLi\Connection.php(306): mysqli->query('SELECT *\nFROM `...', 0)
#1 C:\laragon\www\projectbackend\system\Database\BaseConnection.php(692): CodeIgniter\Database\MySQLi\Connection->execute('SELECT *\nFROM `...')
#2 C:\laragon\www\projectbackend\system\Database\BaseConnection.php(606): CodeIgniter\Database\BaseConnection->simpleQuery('SELECT *\nFROM `...')
#3 C:\laragon\www\projectbackend\system\Database\BaseBuilder.php(1615): CodeIgniter\Database\BaseConnection->query('SELECT *\nFROM `...', Array, false)
#4 C:\laragon\www\projectbackend\system\Model.php(237): CodeIgniter\Database\BaseBuilder->get()
#5 C:\laragon\www\projectbackend\system\BaseModel.php(624): CodeIgniter\Model->doFindAll(0, 0)
#6 C:\laragon\www\projectbackend\app\Controllers\AdminController.php(4010): CodeIgniter\BaseModel->findAll()
#7 C:\laragon\www\projectbackend\system\CodeIgniter.php(919): App\Controllers\AdminController->countUserRatings()
#8 C:\laragon\www\projectbackend\system\CodeIgniter.php(494): CodeIgniter\CodeIgniter->runController(Object(App\Controllers\AdminController))
#9 C:\laragon\www\projectbackend\system\CodeIgniter.php(353): CodeIgniter\CodeIgniter->handleRequest(NULL, Object(Config\Cache), false)
#10 C:\laragon\www\projectbackend\public\index.php(89): CodeIgniter\CodeIgniter->run()
#11 C:\laragon\www\projectbackend\system\Commands\Server\rewrite.php(47): require_once('C:\\laragon\\www\\...')
#12 {main}
CRITICAL - 2024-05-04 03:59:19 --> Table 'project.ppo_tbl' doesn't exist
in SYSTEMPATH\Database\BaseConnection.php on line 646.
 1 SYSTEMPATH\Database\BaseBuilder.php(1615): CodeIgniter\Database\BaseConnection->query('SELECT *
FROM `ppo_tbl`', [], false)
 2 SYSTEMPATH\Model.php(237): CodeIgniter\Database\BaseBuilder->get()
 3 SYSTEMPATH\BaseModel.php(624): CodeIgniter\Model->doFindAll(0, 0)
 4 APPPATH\Controllers\AdminController.php(4010): CodeIgniter\BaseModel->findAll()
 5 SYSTEMPATH\CodeIgniter.php(919): App\Controllers\AdminController->countUserRatings()
 6 SYSTEMPATH\CodeIgniter.php(494): CodeIgniter\CodeIgniter->runController(Object(App\Controllers\AdminController))
 7 SYSTEMPATH\CodeIgniter.php(353): CodeIgniter\CodeIgniter->handleRequest(null, Object(Config\Cache), false)
 8 FCPATH\index.php(89): CodeIgniter\CodeIgniter->run()
 9 SYSTEMPATH\Commands\Server\rewrite.php(47): require_once('C:\\laragon\\www\\projectbackend\\public\\index.php')
ERROR - 2024-05-04 04:01:10 --> mysqli_sql_exception: Table 'project.ppo_tbl' doesn't exist in C:\laragon\www\projectbackend\system\Database\MySQLi\Connection.php:306
Stack trace:
#0 C:\laragon\www\projectbackend\system\Database\MySQLi\Connection.php(306): mysqli->query('SELECT *\nFROM `...', 0)
#1 C:\laragon\www\projectbackend\system\Database\BaseConnection.php(692): CodeIgniter\Database\MySQLi\Connection->execute('SELECT *\nFROM `...')
#2 C:\laragon\www\projectbackend\system\Database\BaseConnection.php(606): CodeIgniter\Database\BaseConnection->simpleQuery('SELECT *\nFROM `...')
#3 C:\laragon\www\projectbackend\system\Database\BaseBuilder.php(1615): CodeIgniter\Database\BaseConnection->query('SELECT *\nFROM `...', Array, false)
#4 C:\laragon\www\projectbackend\system\Model.php(237): CodeIgniter\Database\BaseBuilder->get()
#5 C:\laragon\www\projectbackend\system\BaseModel.php(624): CodeIgniter\Model->doFindAll(0, 0)
#6 C:\laragon\www\projectbackend\app\Controllers\AdminController.php(4010): CodeIgniter\BaseModel->findAll()
#7 C:\laragon\www\projectbackend\system\CodeIgniter.php(919): App\Controllers\AdminController->countUserRatings()
#8 C:\laragon\www\projectbackend\system\CodeIgniter.php(494): CodeIgniter\CodeIgniter->runController(Object(App\Controllers\AdminController))
#9 C:\laragon\www\projectbackend\system\CodeIgniter.php(353): CodeIgniter\CodeIgniter->handleRequest(NULL, Object(Config\Cache), false)
#10 C:\laragon\www\projectbackend\public\index.php(89): CodeIgniter\CodeIgniter->run()
#11 C:\laragon\www\projectbackend\system\Commands\Server\rewrite.php(47): require_once('C:\\laragon\\www\\...')
#12 {main}
CRITICAL - 2024-05-04 04:01:10 --> Table 'project.ppo_tbl' doesn't exist
in SYSTEMPATH\Database\BaseConnection.php on line 646.
 1 SYSTEMPATH\Database\BaseBuilder.php(1615): CodeIgniter\Database\BaseConnection->query('SELECT *
FROM `ppo_tbl`', [], false)
 2 SYSTEMPATH\Model.php(237): CodeIgniter\Database\BaseBuilder->get()
 3 SYSTEMPATH\BaseModel.php(624): CodeIgniter\Model->doFindAll(0, 0)
 4 APPPATH\Controllers\AdminController.php(4010): CodeIgniter\BaseModel->findAll()
 5 SYSTEMPATH\CodeIgniter.php(919): App\Controllers\AdminController->countUserRatings()
 6 SYSTEMPATH\CodeIgniter.php(494): CodeIgniter\CodeIgniter->runController(Object(App\Controllers\AdminController))
 7 SYSTEMPATH\CodeIgniter.php(353): CodeIgniter\CodeIgniter->handleRequest(null, Object(Config\Cache), false)
 8 FCPATH\index.php(89): CodeIgniter\CodeIgniter->run()
 9 SYSTEMPATH\Commands\Server\rewrite.php(47): require_once('C:\\laragon\\www\\projectbackend\\public\\index.php')
ERROR - 2024-05-04 04:09:18 --> mysqli_sql_exception: Table 'project.ppo_tbl' doesn't exist in C:\laragon\www\projectbackend\system\Database\MySQLi\Connection.php:306
Stack trace:
#0 C:\laragon\www\projectbackend\system\Database\MySQLi\Connection.php(306): mysqli->query('SELECT *\nFROM `...', 0)
#1 C:\laragon\www\projectbackend\system\Database\BaseConnection.php(692): CodeIgniter\Database\MySQLi\Connection->execute('SELECT *\nFROM `...')
#2 C:\laragon\www\projectbackend\system\Database\BaseConnection.php(606): CodeIgniter\Database\BaseConnection->simpleQuery('SELECT *\nFROM `...')
#3 C:\laragon\www\projectbackend\system\Database\BaseBuilder.php(1615): CodeIgniter\Database\BaseConnection->query('SELECT *\nFROM `...', Array, false)
#4 C:\laragon\www\projectbackend\system\Model.php(237): CodeIgniter\Database\BaseBuilder->get()
#5 C:\laragon\www\projectbackend\system\BaseModel.php(624): CodeIgniter\Model->doFindAll(0, 0)
#6 C:\laragon\www\projectbackend\app\Controllers\AdminController.php(4010): CodeIgniter\BaseModel->findAll()
#7 C:\laragon\www\projectbackend\system\CodeIgniter.php(919): App\Controllers\AdminController->countUserRatings()
#8 C:\laragon\www\projectbackend\system\CodeIgniter.php(494): CodeIgniter\CodeIgniter->runController(Object(App\Controllers\AdminController))
#9 C:\laragon\www\projectbackend\system\CodeIgniter.php(353): CodeIgniter\CodeIgniter->handleRequest(NULL, Object(Config\Cache), false)
#10 C:\laragon\www\projectbackend\public\index.php(89): CodeIgniter\CodeIgniter->run()
#11 C:\laragon\www\projectbackend\system\Commands\Server\rewrite.php(47): require_once('C:\\laragon\\www\\...')
#12 {main}
CRITICAL - 2024-05-04 04:09:18 --> Table 'project.ppo_tbl' doesn't exist
in SYSTEMPATH\Database\BaseConnection.php on line 646.
 1 SYSTEMPATH\Database\BaseBuilder.php(1615): CodeIgniter\Database\BaseConnection->query('SELECT *
FROM `ppo_tbl`', [], false)
 2 SYSTEMPATH\Model.php(237): CodeIgniter\Database\BaseBuilder->get()
 3 SYSTEMPATH\BaseModel.php(624): CodeIgniter\Model->doFindAll(0, 0)
 4 APPPATH\Controllers\AdminController.php(4010): CodeIgniter\BaseModel->findAll()
 5 SYSTEMPATH\CodeIgniter.php(919): App\Controllers\AdminController->countUserRatings()
 6 SYSTEMPATH\CodeIgniter.php(494): CodeIgniter\CodeIgniter->runController(Object(App\Controllers\AdminController))
 7 SYSTEMPATH\CodeIgniter.php(353): CodeIgniter\CodeIgniter->handleRequest(null, Object(Config\Cache), false)
 8 FCPATH\index.php(89): CodeIgniter\CodeIgniter->run()
 9 SYSTEMPATH\Commands\Server\rewrite.php(47): require_once('C:\\laragon\\www\\projectbackend\\public\\index.php')
ERROR - 2024-05-04 07:08:31 --> mysqli_sql_exception: Table 'project.ppo_tbl' doesn't exist in C:\laragon\www\projectbackend\system\Database\MySQLi\Connection.php:306
Stack trace:
#0 C:\laragon\www\projectbackend\system\Database\MySQLi\Connection.php(306): mysqli->query('SELECT *\nFROM `...', 0)
#1 C:\laragon\www\projectbackend\system\Database\BaseConnection.php(692): CodeIgniter\Database\MySQLi\Connection->execute('SELECT *\nFROM `...')
#2 C:\laragon\www\projectbackend\system\Database\BaseConnection.php(606): CodeIgniter\Database\BaseConnection->simpleQuery('SELECT *\nFROM `...')
#3 C:\laragon\www\projectbackend\system\Database\BaseBuilder.php(1615): CodeIgniter\Database\BaseConnection->query('SELECT *\nFROM `...', Array, false)
#4 C:\laragon\www\projectbackend\system\Model.php(237): CodeIgniter\Database\BaseBuilder->get()
#5 C:\laragon\www\projectbackend\system\BaseModel.php(624): CodeIgniter\Model->doFindAll(0, 0)
#6 C:\laragon\www\projectbackend\app\Controllers\AdminController.php(4010): CodeIgniter\BaseModel->findAll()
#7 C:\laragon\www\projectbackend\system\CodeIgniter.php(919): App\Controllers\AdminController->countUserRatings()
#8 C:\laragon\www\projectbackend\system\CodeIgniter.php(494): CodeIgniter\CodeIgniter->runController(Object(App\Controllers\AdminController))
#9 C:\laragon\www\projectbackend\system\CodeIgniter.php(353): CodeIgniter\CodeIgniter->handleRequest(NULL, Object(Config\Cache), false)
#10 C:\laragon\www\projectbackend\public\index.php(89): CodeIgniter\CodeIgniter->run()
#11 C:\laragon\www\projectbackend\system\Commands\Server\rewrite.php(47): require_once('C:\\laragon\\www\\...')
#12 {main}
CRITICAL - 2024-05-04 07:08:31 --> Table 'project.ppo_tbl' doesn't exist
in SYSTEMPATH\Database\BaseConnection.php on line 646.
 1 SYSTEMPATH\Database\BaseBuilder.php(1615): CodeIgniter\Database\BaseConnection->query('SELECT *
FROM `ppo_tbl`', [], false)
 2 SYSTEMPATH\Model.php(237): CodeIgniter\Database\BaseBuilder->get()
 3 SYSTEMPATH\BaseModel.php(624): CodeIgniter\Model->doFindAll(0, 0)
 4 APPPATH\Controllers\AdminController.php(4010): CodeIgniter\BaseModel->findAll()
 5 SYSTEMPATH\CodeIgniter.php(919): App\Controllers\AdminController->countUserRatings()
 6 SYSTEMPATH\CodeIgniter.php(494): CodeIgniter\CodeIgniter->runController(Object(App\Controllers\AdminController))
 7 SYSTEMPATH\CodeIgniter.php(353): CodeIgniter\CodeIgniter->handleRequest(null, Object(Config\Cache), false)
 8 FCPATH\index.php(89): CodeIgniter\CodeIgniter->run()
 9 SYSTEMPATH\Commands\Server\rewrite.php(47): require_once('C:\\laragon\\www\\projectbackend\\public\\index.php')
ERROR - 2024-05-04 07:09:15 --> mysqli_sql_exception: Table 'project.ppo_tbl' doesn't exist in C:\laragon\www\projectbackend\system\Database\MySQLi\Connection.php:306
Stack trace:
#0 C:\laragon\www\projectbackend\system\Database\MySQLi\Connection.php(306): mysqli->query('SELECT *\nFROM `...', 0)
#1 C:\laragon\www\projectbackend\system\Database\BaseConnection.php(692): CodeIgniter\Database\MySQLi\Connection->execute('SELECT *\nFROM `...')
#2 C:\laragon\www\projectbackend\system\Database\BaseConnection.php(606): CodeIgniter\Database\BaseConnection->simpleQuery('SELECT *\nFROM `...')
#3 C:\laragon\www\projectbackend\system\Database\BaseBuilder.php(1615): CodeIgniter\Database\BaseConnection->query('SELECT *\nFROM `...', Array, false)
#4 C:\laragon\www\projectbackend\system\Model.php(237): CodeIgniter\Database\BaseBuilder->get()
#5 C:\laragon\www\projectbackend\system\BaseModel.php(624): CodeIgniter\Model->doFindAll(0, 0)
#6 C:\laragon\www\projectbackend\app\Controllers\AdminController.php(4010): CodeIgniter\BaseModel->findAll()
#7 C:\laragon\www\projectbackend\system\CodeIgniter.php(919): App\Controllers\AdminController->countUserRatings()
#8 C:\laragon\www\projectbackend\system\CodeIgniter.php(494): CodeIgniter\CodeIgniter->runController(Object(App\Controllers\AdminController))
#9 C:\laragon\www\projectbackend\system\CodeIgniter.php(353): CodeIgniter\CodeIgniter->handleRequest(NULL, Object(Config\Cache), false)
#10 C:\laragon\www\projectbackend\public\index.php(89): CodeIgniter\CodeIgniter->run()
#11 C:\laragon\www\projectbackend\system\Commands\Server\rewrite.php(47): require_once('C:\\laragon\\www\\...')
#12 {main}
CRITICAL - 2024-05-04 07:09:15 --> Table 'project.ppo_tbl' doesn't exist
in SYSTEMPATH\Database\BaseConnection.php on line 646.
 1 SYSTEMPATH\Database\BaseBuilder.php(1615): CodeIgniter\Database\BaseConnection->query('SELECT *
FROM `ppo_tbl`', [], false)
 2 SYSTEMPATH\Model.php(237): CodeIgniter\Database\BaseBuilder->get()
 3 SYSTEMPATH\BaseModel.php(624): CodeIgniter\Model->doFindAll(0, 0)
 4 APPPATH\Controllers\AdminController.php(4010): CodeIgniter\BaseModel->findAll()
 5 SYSTEMPATH\CodeIgniter.php(919): App\Controllers\AdminController->countUserRatings()
 6 SYSTEMPATH\CodeIgniter.php(494): CodeIgniter\CodeIgniter->runController(Object(App\Controllers\AdminController))
 7 SYSTEMPATH\CodeIgniter.php(353): CodeIgniter\CodeIgniter->handleRequest(null, Object(Config\Cache), false)
 8 FCPATH\index.php(89): CodeIgniter\CodeIgniter->run()
 9 SYSTEMPATH\Commands\Server\rewrite.php(47): require_once('C:\\laragon\\www\\projectbackend\\public\\index.php')
ERROR - 2024-05-04 07:09:30 --> mysqli_sql_exception: Table 'project.ppo_tbl' doesn't exist in C:\laragon\www\projectbackend\system\Database\MySQLi\Connection.php:306
Stack trace:
#0 C:\laragon\www\projectbackend\system\Database\MySQLi\Connection.php(306): mysqli->query('SELECT *\nFROM `...', 0)
#1 C:\laragon\www\projectbackend\system\Database\BaseConnection.php(692): CodeIgniter\Database\MySQLi\Connection->execute('SELECT *\nFROM `...')
#2 C:\laragon\www\projectbackend\system\Database\BaseConnection.php(606): CodeIgniter\Database\BaseConnection->simpleQuery('SELECT *\nFROM `...')
#3 C:\laragon\www\projectbackend\system\Database\BaseBuilder.php(1615): CodeIgniter\Database\BaseConnection->query('SELECT *\nFROM `...', Array, false)
#4 C:\laragon\www\projectbackend\system\Model.php(237): CodeIgniter\Database\BaseBuilder->get()
#5 C:\laragon\www\projectbackend\system\BaseModel.php(624): CodeIgniter\Model->doFindAll(0, 0)
#6 C:\laragon\www\projectbackend\app\Controllers\AdminController.php(4010): CodeIgniter\BaseModel->findAll()
#7 C:\laragon\www\projectbackend\system\CodeIgniter.php(919): App\Controllers\AdminController->countUserRatings()
#8 C:\laragon\www\projectbackend\system\CodeIgniter.php(494): CodeIgniter\CodeIgniter->runController(Object(App\Controllers\AdminController))
#9 C:\laragon\www\projectbackend\system\CodeIgniter.php(353): CodeIgniter\CodeIgniter->handleRequest(NULL, Object(Config\Cache), false)
#10 C:\laragon\www\projectbackend\public\index.php(89): CodeIgniter\CodeIgniter->run()
#11 C:\laragon\www\projectbackend\system\Commands\Server\rewrite.php(47): require_once('C:\\laragon\\www\\...')
#12 {main}
CRITICAL - 2024-05-04 07:09:30 --> Table 'project.ppo_tbl' doesn't exist
in SYSTEMPATH\Database\BaseConnection.php on line 646.
 1 SYSTEMPATH\Database\BaseBuilder.php(1615): CodeIgniter\Database\BaseConnection->query('SELECT *
FROM `ppo_tbl`', [], false)
 2 SYSTEMPATH\Model.php(237): CodeIgniter\Database\BaseBuilder->get()
 3 SYSTEMPATH\BaseModel.php(624): CodeIgniter\Model->doFindAll(0, 0)
 4 APPPATH\Controllers\AdminController.php(4010): CodeIgniter\BaseModel->findAll()
 5 SYSTEMPATH\CodeIgniter.php(919): App\Controllers\AdminController->countUserRatings()
 6 SYSTEMPATH\CodeIgniter.php(494): CodeIgniter\CodeIgniter->runController(Object(App\Controllers\AdminController))
 7 SYSTEMPATH\CodeIgniter.php(353): CodeIgniter\CodeIgniter->handleRequest(null, Object(Config\Cache), false)
 8 FCPATH\index.php(89): CodeIgniter\CodeIgniter->run()
 9 SYSTEMPATH\Commands\Server\rewrite.php(47): require_once('C:\\laragon\\www\\projectbackend\\public\\index.php')
CRITICAL - 2024-05-04 07:30:57 --> Class 'App\Models\PpoModel' not found
in APPPATH\Controllers\AdminController.php on line 4009.
 1 SYSTEMPATH\CodeIgniter.php(919): App\Controllers\AdminController->countUserRatings()
 2 SYSTEMPATH\CodeIgniter.php(494): CodeIgniter\CodeIgniter->runController(Object(App\Controllers\AdminController))
 3 SYSTEMPATH\CodeIgniter.php(353): CodeIgniter\CodeIgniter->handleRequest(null, Object(Config\Cache), false)
 4 FCPATH\index.php(89): CodeIgniter\CodeIgniter->run()
 5 SYSTEMPATH\Commands\Server\rewrite.php(47): require_once('C:\\laragon\\www\\projectbackend\\public\\index.php')
CRITICAL - 2024-05-04 07:41:53 --> Class 'App\Models\PpoModel' not found
in APPPATH\Controllers\AdminController.php on line 4009.
 1 SYSTEMPATH\CodeIgniter.php(919): App\Controllers\AdminController->countUserRatings()
 2 SYSTEMPATH\CodeIgniter.php(494): CodeIgniter\CodeIgniter->runController(Object(App\Controllers\AdminController))
 3 SYSTEMPATH\CodeIgniter.php(353): CodeIgniter\CodeIgniter->handleRequest(null, Object(Config\Cache), false)
 4 FCPATH\index.php(89): CodeIgniter\CodeIgniter->run()
 5 SYSTEMPATH\Commands\Server\rewrite.php(47): require_once('C:\\laragon\\www\\projectbackend\\public\\index.php')
CRITICAL - 2024-05-04 07:41:56 --> Class 'App\Models\PpoModel' not found
in APPPATH\Controllers\AdminController.php on line 4009.
 1 SYSTEMPATH\CodeIgniter.php(919): App\Controllers\AdminController->countUserRatings()
 2 SYSTEMPATH\CodeIgniter.php(494): CodeIgniter\CodeIgniter->runController(Object(App\Controllers\AdminController))
 3 SYSTEMPATH\CodeIgniter.php(353): CodeIgniter\CodeIgniter->handleRequest(null, Object(Config\Cache), false)
 4 FCPATH\index.php(89): CodeIgniter\CodeIgniter->run()
 5 SYSTEMPATH\Commands\Server\rewrite.php(47): require_once('C:\\laragon\\www\\projectbackend\\public\\index.php')
CRITICAL - 2024-05-04 07:42:24 --> Class 'App\Models\PpoModel' not found
in APPPATH\Controllers\AdminController.php on line 4009.
 1 SYSTEMPATH\CodeIgniter.php(919): App\Controllers\AdminController->countUserRatings()
 2 SYSTEMPATH\CodeIgniter.php(494): CodeIgniter\CodeIgniter->runController(Object(App\Controllers\AdminController))
 3 SYSTEMPATH\CodeIgniter.php(353): CodeIgniter\CodeIgniter->handleRequest(null, Object(Config\Cache), false)
 4 FCPATH\index.php(89): CodeIgniter\CodeIgniter->run()
 5 SYSTEMPATH\Commands\Server\rewrite.php(47): require_once('C:\\laragon\\www\\projectbackend\\public\\index.php')
CRITICAL - 2024-05-04 07:42:38 --> Class 'App\Models\PpoModel' not found
in APPPATH\Controllers\AdminController.php on line 4009.
 1 SYSTEMPATH\CodeIgniter.php(919): App\Controllers\AdminController->countUserRatings()
 2 SYSTEMPATH\CodeIgniter.php(494): CodeIgniter\CodeIgniter->runController(Object(App\Controllers\AdminController))
 3 SYSTEMPATH\CodeIgniter.php(353): CodeIgniter\CodeIgniter->handleRequest(null, Object(Config\Cache), false)
 4 FCPATH\index.php(89): CodeIgniter\CodeIgniter->run()
 5 SYSTEMPATH\Commands\Server\rewrite.php(47): require_once('C:\\laragon\\www\\projectbackend\\public\\index.php')
CRITICAL - 2024-05-04 07:44:35 --> Class 'App\Models\PpoModel' not found
in APPPATH\Controllers\AdminController.php on line 4009.
 1 SYSTEMPATH\CodeIgniter.php(919): App\Controllers\AdminController->countUserRatings()
 2 SYSTEMPATH\CodeIgniter.php(494): CodeIgniter\CodeIgniter->runController(Object(App\Controllers\AdminController))
 3 SYSTEMPATH\CodeIgniter.php(353): CodeIgniter\CodeIgniter->handleRequest(null, Object(Config\Cache), false)
 4 FCPATH\index.php(89): CodeIgniter\CodeIgniter->run()
 5 SYSTEMPATH\Commands\Server\rewrite.php(47): require_once('C:\\laragon\\www\\projectbackend\\public\\index.php')
CRITICAL - 2024-05-04 07:46:39 --> Class 'App\Models\PpoModel' not found
in APPPATH\Controllers\AdminController.php on line 4009.
 1 SYSTEMPATH\CodeIgniter.php(919): App\Controllers\AdminController->countUserRatings()
 2 SYSTEMPATH\CodeIgniter.php(494): CodeIgniter\CodeIgniter->runController(Object(App\Controllers\AdminController))
 3 SYSTEMPATH\CodeIgniter.php(353): CodeIgniter\CodeIgniter->handleRequest(null, Object(Config\Cache), false)
 4 FCPATH\index.php(89): CodeIgniter\CodeIgniter->run()
 5 SYSTEMPATH\Commands\Server\rewrite.php(47): require_once('C:\\laragon\\www\\projectbackend\\public\\index.php')
