CRITICAL - 2024-10-10 09:14:39 --> 22 : The requested URL returned error: 500
in SYSTEMPATH\HTTP\CURLRequest.php on line 691.
 1 SYSTEMPATH\HTTP\CURLRequest.php(691): CodeIgniter\HTTP\Exceptions\HTTPException::forCurlError('22', 'The requested URL returned error: 500')
 2 SYSTEMPATH\HTTP\CURLRequest.php(385): CodeIgniter\HTTP\CURLRequest->sendRequest([...])
 3 SYSTEMPATH\HTTP\CURLRequest.php(143): CodeIgniter\HTTP\CURLRequest->send('post', 'http://localhost:5000/predict')
 4 SYSTEMPATH\HTTP\CURLRequest.php(218): CodeIgniter\HTTP\CURLRequest->request('post', 'http://localhost:5000/predict', [...])
 5 APPPATH\Controllers\UserController.php(698): CodeIgniter\HTTP\CURLRequest->post('http://localhost:5000/predict', [...])
 6 SYSTEMPATH\CodeIgniter.php(919): App\Controllers\UserController->predict()
 7 SYSTEMPATH\CodeIgniter.php(494): CodeIgniter\CodeIgniter->runController(Object(App\Controllers\UserController))
 8 SYSTEMPATH\CodeIgniter.php(353): CodeIgniter\CodeIgniter->handleRequest(null, Object(Config\Cache), false)
 9 FCPATH\index.php(89): CodeIgniter\CodeIgniter->run()
10 SYSTEMPATH\Commands\Server\rewrite.php(47): require_once('C:\\laragon\\www\\projectbackend\\public\\index.php')
CRITICAL - 2024-10-10 09:15:54 --> 22 : The requested URL returned error: 500
in SYSTEMPATH\HTTP\CURLRequest.php on line 691.
 1 SYSTEMPATH\HTTP\CURLRequest.php(691): CodeIgniter\HTTP\Exceptions\HTTPException::forCurlError('22', 'The requested URL returned error: 500')
 2 SYSTEMPATH\HTTP\CURLRequest.php(385): CodeIgniter\HTTP\CURLRequest->sendRequest([...])
 3 SYSTEMPATH\HTTP\CURLRequest.php(143): CodeIgniter\HTTP\CURLRequest->send('post', 'http://localhost:5000/predict')
 4 SYSTEMPATH\HTTP\CURLRequest.php(218): CodeIgniter\HTTP\CURLRequest->request('post', 'http://localhost:5000/predict', [...])
 5 APPPATH\Controllers\UserController.php(699): CodeIgniter\HTTP\CURLRequest->post('http://localhost:5000/predict', [...])
 6 SYSTEMPATH\CodeIgniter.php(919): App\Controllers\UserController->predict()
 7 SYSTEMPATH\CodeIgniter.php(494): CodeIgniter\CodeIgniter->runController(Object(App\Controllers\UserController))
 8 SYSTEMPATH\CodeIgniter.php(353): CodeIgniter\CodeIgniter->handleRequest(null, Object(Config\Cache), false)
 9 FCPATH\index.php(89): CodeIgniter\CodeIgniter->run()
10 SYSTEMPATH\Commands\Server\rewrite.php(47): require_once('C:\\laragon\\www\\projectbackend\\public\\index.php')
CRITICAL - 2024-10-10 09:16:16 --> 22 : The requested URL returned error: 500
in SYSTEMPATH\HTTP\CURLRequest.php on line 691.
 1 SYSTEMPATH\HTTP\CURLRequest.php(691): CodeIgniter\HTTP\Exceptions\HTTPException::forCurlError('22', 'The requested URL returned error: 500')
 2 SYSTEMPATH\HTTP\CURLRequest.php(385): CodeIgniter\HTTP\CURLRequest->sendRequest([...])
 3 SYSTEMPATH\HTTP\CURLRequest.php(143): CodeIgniter\HTTP\CURLRequest->send('post', 'http://localhost:5000/predict')
 4 SYSTEMPATH\HTTP\CURLRequest.php(218): CodeIgniter\HTTP\CURLRequest->request('post', 'http://localhost:5000/predict', [...])
 5 APPPATH\Controllers\UserController.php(699): CodeIgniter\HTTP\CURLRequest->post('http://localhost:5000/predict', [...])
 6 SYSTEMPATH\CodeIgniter.php(919): App\Controllers\UserController->predict()
 7 SYSTEMPATH\CodeIgniter.php(494): CodeIgniter\CodeIgniter->runController(Object(App\Controllers\UserController))
 8 SYSTEMPATH\CodeIgniter.php(353): CodeIgniter\CodeIgniter->handleRequest(null, Object(Config\Cache), false)
 9 FCPATH\index.php(89): CodeIgniter\CodeIgniter->run()
10 SYSTEMPATH\Commands\Server\rewrite.php(47): require_once('C:\\laragon\\www\\projectbackend\\public\\index.php')
CRITICAL - 2024-10-10 09:18:31 --> 22 : The requested URL returned error: 500
in SYSTEMPATH\HTTP\CURLRequest.php on line 691.
 1 SYSTEMPATH\HTTP\CURLRequest.php(691): CodeIgniter\HTTP\Exceptions\HTTPException::forCurlError('22', 'The requested URL returned error: 500')
 2 SYSTEMPATH\HTTP\CURLRequest.php(385): CodeIgniter\HTTP\CURLRequest->sendRequest([...])
 3 SYSTEMPATH\HTTP\CURLRequest.php(143): CodeIgniter\HTTP\CURLRequest->send('post', 'http://localhost:5000/predict')
 4 SYSTEMPATH\HTTP\CURLRequest.php(218): CodeIgniter\HTTP\CURLRequest->request('post', 'http://localhost:5000/predict', [...])
 5 APPPATH\Controllers\UserController.php(704): CodeIgniter\HTTP\CURLRequest->post('http://localhost:5000/predict', [...])
 6 SYSTEMPATH\CodeIgniter.php(919): App\Controllers\UserController->predict()
 7 SYSTEMPATH\CodeIgniter.php(494): CodeIgniter\CodeIgniter->runController(Object(App\Controllers\UserController))
 8 SYSTEMPATH\CodeIgniter.php(353): CodeIgniter\CodeIgniter->handleRequest(null, Object(Config\Cache), false)
 9 FCPATH\index.php(89): CodeIgniter\CodeIgniter->run()
10 SYSTEMPATH\Commands\Server\rewrite.php(47): require_once('C:\\laragon\\www\\projectbackend\\public\\index.php')
CRITICAL - 2024-10-10 09:19:27 --> 22 : The requested URL returned error: 500
in SYSTEMPATH\HTTP\CURLRequest.php on line 691.
 1 SYSTEMPATH\HTTP\CURLRequest.php(691): CodeIgniter\HTTP\Exceptions\HTTPException::forCurlError('22', 'The requested URL returned error: 500')
 2 SYSTEMPATH\HTTP\CURLRequest.php(385): CodeIgniter\HTTP\CURLRequest->sendRequest([...])
 3 SYSTEMPATH\HTTP\CURLRequest.php(143): CodeIgniter\HTTP\CURLRequest->send('post', 'http://localhost:5000/predict')
 4 SYSTEMPATH\HTTP\CURLRequest.php(218): CodeIgniter\HTTP\CURLRequest->request('post', 'http://localhost:5000/predict', [...])
 5 APPPATH\Controllers\UserController.php(704): CodeIgniter\HTTP\CURLRequest->post('http://localhost:5000/predict', [...])
 6 SYSTEMPATH\CodeIgniter.php(919): App\Controllers\UserController->predict()
 7 SYSTEMPATH\CodeIgniter.php(494): CodeIgniter\CodeIgniter->runController(Object(App\Controllers\UserController))
 8 SYSTEMPATH\CodeIgniter.php(353): CodeIgniter\CodeIgniter->handleRequest(null, Object(Config\Cache), false)
 9 FCPATH\index.php(89): CodeIgniter\CodeIgniter->run()
10 SYSTEMPATH\Commands\Server\rewrite.php(47): require_once('C:\\laragon\\www\\projectbackend\\public\\index.php')
CRITICAL - 2024-10-10 09:23:12 --> 22 : The requested URL returned error: 500
in SYSTEMPATH\HTTP\CURLRequest.php on line 691.
 1 SYSTEMPATH\HTTP\CURLRequest.php(691): CodeIgniter\HTTP\Exceptions\HTTPException::forCurlError('22', 'The requested URL returned error: 500')
 2 SYSTEMPATH\HTTP\CURLRequest.php(385): CodeIgniter\HTTP\CURLRequest->sendRequest([...])
 3 SYSTEMPATH\HTTP\CURLRequest.php(143): CodeIgniter\HTTP\CURLRequest->send('post', 'http://localhost:5000/predict')
 4 SYSTEMPATH\HTTP\CURLRequest.php(218): CodeIgniter\HTTP\CURLRequest->request('post', 'http://localhost:5000/predict', [...])
 5 APPPATH\Controllers\UserController.php(704): CodeIgniter\HTTP\CURLRequest->post('http://localhost:5000/predict', [...])
 6 SYSTEMPATH\CodeIgniter.php(919): App\Controllers\UserController->predict()
 7 SYSTEMPATH\CodeIgniter.php(494): CodeIgniter\CodeIgniter->runController(Object(App\Controllers\UserController))
 8 SYSTEMPATH\CodeIgniter.php(353): CodeIgniter\CodeIgniter->handleRequest(null, Object(Config\Cache), false)
 9 FCPATH\index.php(89): CodeIgniter\CodeIgniter->run()
10 SYSTEMPATH\Commands\Server\rewrite.php(47): require_once('C:\\laragon\\www\\projectbackend\\public\\index.php')
CRITICAL - 2024-10-10 09:23:40 --> 22 : The requested URL returned error: 500
in SYSTEMPATH\HTTP\CURLRequest.php on line 691.
 1 SYSTEMPATH\HTTP\CURLRequest.php(691): CodeIgniter\HTTP\Exceptions\HTTPException::forCurlError('22', 'The requested URL returned error: 500')
 2 SYSTEMPATH\HTTP\CURLRequest.php(385): CodeIgniter\HTTP\CURLRequest->sendRequest([...])
 3 SYSTEMPATH\HTTP\CURLRequest.php(143): CodeIgniter\HTTP\CURLRequest->send('post', 'http://localhost:5000/predict')
 4 SYSTEMPATH\HTTP\CURLRequest.php(218): CodeIgniter\HTTP\CURLRequest->request('post', 'http://localhost:5000/predict', [...])
 5 APPPATH\Controllers\UserController.php(704): CodeIgniter\HTTP\CURLRequest->post('http://localhost:5000/predict', [...])
 6 SYSTEMPATH\CodeIgniter.php(919): App\Controllers\UserController->predict()
 7 SYSTEMPATH\CodeIgniter.php(494): CodeIgniter\CodeIgniter->runController(Object(App\Controllers\UserController))
 8 SYSTEMPATH\CodeIgniter.php(353): CodeIgniter\CodeIgniter->handleRequest(null, Object(Config\Cache), false)
 9 FCPATH\index.php(89): CodeIgniter\CodeIgniter->run()
10 SYSTEMPATH\Commands\Server\rewrite.php(47): require_once('C:\\laragon\\www\\projectbackend\\public\\index.php')
CRITICAL - 2024-10-10 09:24:43 --> 22 : The requested URL returned error: 500
in SYSTEMPATH\HTTP\CURLRequest.php on line 691.
 1 SYSTEMPATH\HTTP\CURLRequest.php(691): CodeIgniter\HTTP\Exceptions\HTTPException::forCurlError('22', 'The requested URL returned error: 500')
 2 SYSTEMPATH\HTTP\CURLRequest.php(385): CodeIgniter\HTTP\CURLRequest->sendRequest([...])
 3 SYSTEMPATH\HTTP\CURLRequest.php(143): CodeIgniter\HTTP\CURLRequest->send('post', 'http://localhost:5000/predict')
 4 SYSTEMPATH\HTTP\CURLRequest.php(218): CodeIgniter\HTTP\CURLRequest->request('post', 'http://localhost:5000/predict', [...])
 5 APPPATH\Controllers\UserController.php(704): CodeIgniter\HTTP\CURLRequest->post('http://localhost:5000/predict', [...])
 6 SYSTEMPATH\CodeIgniter.php(919): App\Controllers\UserController->predict()
 7 SYSTEMPATH\CodeIgniter.php(494): CodeIgniter\CodeIgniter->runController(Object(App\Controllers\UserController))
 8 SYSTEMPATH\CodeIgniter.php(353): CodeIgniter\CodeIgniter->handleRequest(null, Object(Config\Cache), false)
 9 FCPATH\index.php(89): CodeIgniter\CodeIgniter->run()
10 SYSTEMPATH\Commands\Server\rewrite.php(47): require_once('C:\\laragon\\www\\projectbackend\\public\\index.php')
CRITICAL - 2024-10-10 09:25:21 --> 22 : The requested URL returned error: 500
in SYSTEMPATH\HTTP\CURLRequest.php on line 691.
 1 SYSTEMPATH\HTTP\CURLRequest.php(691): CodeIgniter\HTTP\Exceptions\HTTPException::forCurlError('22', 'The requested URL returned error: 500')
 2 SYSTEMPATH\HTTP\CURLRequest.php(385): CodeIgniter\HTTP\CURLRequest->sendRequest([...])
 3 SYSTEMPATH\HTTP\CURLRequest.php(143): CodeIgniter\HTTP\CURLRequest->send('post', 'http://localhost:5000/predict')
 4 SYSTEMPATH\HTTP\CURLRequest.php(218): CodeIgniter\HTTP\CURLRequest->request('post', 'http://localhost:5000/predict', [...])
 5 APPPATH\Controllers\UserController.php(704): CodeIgniter\HTTP\CURLRequest->post('http://localhost:5000/predict', [...])
 6 SYSTEMPATH\CodeIgniter.php(919): App\Controllers\UserController->predict()
 7 SYSTEMPATH\CodeIgniter.php(494): CodeIgniter\CodeIgniter->runController(Object(App\Controllers\UserController))
 8 SYSTEMPATH\CodeIgniter.php(353): CodeIgniter\CodeIgniter->handleRequest(null, Object(Config\Cache), false)
 9 FCPATH\index.php(89): CodeIgniter\CodeIgniter->run()
10 SYSTEMPATH\Commands\Server\rewrite.php(47): require_once('C:\\laragon\\www\\projectbackend\\public\\index.php')
CRITICAL - 2024-10-10 09:25:39 --> 22 : The requested URL returned error: 500
in SYSTEMPATH\HTTP\CURLRequest.php on line 691.
 1 SYSTEMPATH\HTTP\CURLRequest.php(691): CodeIgniter\HTTP\Exceptions\HTTPException::forCurlError('22', 'The requested URL returned error: 500')
 2 SYSTEMPATH\HTTP\CURLRequest.php(385): CodeIgniter\HTTP\CURLRequest->sendRequest([...])
 3 SYSTEMPATH\HTTP\CURLRequest.php(143): CodeIgniter\HTTP\CURLRequest->send('post', 'http://localhost:5000/predict')
 4 SYSTEMPATH\HTTP\CURLRequest.php(218): CodeIgniter\HTTP\CURLRequest->request('post', 'http://localhost:5000/predict', [...])
 5 APPPATH\Controllers\UserController.php(704): CodeIgniter\HTTP\CURLRequest->post('http://localhost:5000/predict', [...])
 6 SYSTEMPATH\CodeIgniter.php(919): App\Controllers\UserController->predict()
 7 SYSTEMPATH\CodeIgniter.php(494): CodeIgniter\CodeIgniter->runController(Object(App\Controllers\UserController))
 8 SYSTEMPATH\CodeIgniter.php(353): CodeIgniter\CodeIgniter->handleRequest(null, Object(Config\Cache), false)
 9 FCPATH\index.php(89): CodeIgniter\CodeIgniter->run()
10 SYSTEMPATH\Commands\Server\rewrite.php(47): require_once('C:\\laragon\\www\\projectbackend\\public\\index.php')
CRITICAL - 2024-10-10 09:26:38 --> 22 : The requested URL returned error: 500
in SYSTEMPATH\HTTP\CURLRequest.php on line 691.
 1 SYSTEMPATH\HTTP\CURLRequest.php(691): CodeIgniter\HTTP\Exceptions\HTTPException::forCurlError('22', 'The requested URL returned error: 500')
 2 SYSTEMPATH\HTTP\CURLRequest.php(385): CodeIgniter\HTTP\CURLRequest->sendRequest([...])
 3 SYSTEMPATH\HTTP\CURLRequest.php(143): CodeIgniter\HTTP\CURLRequest->send('post', 'http://localhost:5000/predict')
 4 SYSTEMPATH\HTTP\CURLRequest.php(218): CodeIgniter\HTTP\CURLRequest->request('post', 'http://localhost:5000/predict', [...])
 5 APPPATH\Controllers\UserController.php(704): CodeIgniter\HTTP\CURLRequest->post('http://localhost:5000/predict', [...])
 6 SYSTEMPATH\CodeIgniter.php(919): App\Controllers\UserController->predict()
 7 SYSTEMPATH\CodeIgniter.php(494): CodeIgniter\CodeIgniter->runController(Object(App\Controllers\UserController))
 8 SYSTEMPATH\CodeIgniter.php(353): CodeIgniter\CodeIgniter->handleRequest(null, Object(Config\Cache), false)
 9 FCPATH\index.php(89): CodeIgniter\CodeIgniter->run()
10 SYSTEMPATH\Commands\Server\rewrite.php(47): require_once('C:\\laragon\\www\\projectbackend\\public\\index.php')
CRITICAL - 2024-10-10 09:27:05 --> 22 : The requested URL returned error: 500
in SYSTEMPATH\HTTP\CURLRequest.php on line 691.
 1 SYSTEMPATH\HTTP\CURLRequest.php(691): CodeIgniter\HTTP\Exceptions\HTTPException::forCurlError('22', 'The requested URL returned error: 500')
 2 SYSTEMPATH\HTTP\CURLRequest.php(385): CodeIgniter\HTTP\CURLRequest->sendRequest([...])
 3 SYSTEMPATH\HTTP\CURLRequest.php(143): CodeIgniter\HTTP\CURLRequest->send('post', 'http://localhost:5000/predict')
 4 SYSTEMPATH\HTTP\CURLRequest.php(218): CodeIgniter\HTTP\CURLRequest->request('post', 'http://localhost:5000/predict', [...])
 5 APPPATH\Controllers\UserController.php(704): CodeIgniter\HTTP\CURLRequest->post('http://localhost:5000/predict', [...])
 6 SYSTEMPATH\CodeIgniter.php(919): App\Controllers\UserController->predict()
 7 SYSTEMPATH\CodeIgniter.php(494): CodeIgniter\CodeIgniter->runController(Object(App\Controllers\UserController))
 8 SYSTEMPATH\CodeIgniter.php(353): CodeIgniter\CodeIgniter->handleRequest(null, Object(Config\Cache), false)
 9 FCPATH\index.php(89): CodeIgniter\CodeIgniter->run()
10 SYSTEMPATH\Commands\Server\rewrite.php(47): require_once('C:\\laragon\\www\\projectbackend\\public\\index.php')
CRITICAL - 2024-10-10 09:28:57 --> 22 : The requested URL returned error: 500
in SYSTEMPATH\HTTP\CURLRequest.php on line 691.
 1 SYSTEMPATH\HTTP\CURLRequest.php(691): CodeIgniter\HTTP\Exceptions\HTTPException::forCurlError('22', 'The requested URL returned error: 500')
 2 SYSTEMPATH\HTTP\CURLRequest.php(385): CodeIgniter\HTTP\CURLRequest->sendRequest([...])
 3 SYSTEMPATH\HTTP\CURLRequest.php(143): CodeIgniter\HTTP\CURLRequest->send('post', 'http://localhost:5000/predict')
 4 SYSTEMPATH\HTTP\CURLRequest.php(218): CodeIgniter\HTTP\CURLRequest->request('post', 'http://localhost:5000/predict', [...])
 5 APPPATH\Controllers\UserController.php(705): CodeIgniter\HTTP\CURLRequest->post('http://localhost:5000/predict', [...])
 6 SYSTEMPATH\CodeIgniter.php(919): App\Controllers\UserController->predict()
 7 SYSTEMPATH\CodeIgniter.php(494): CodeIgniter\CodeIgniter->runController(Object(App\Controllers\UserController))
 8 SYSTEMPATH\CodeIgniter.php(353): CodeIgniter\CodeIgniter->handleRequest(null, Object(Config\Cache), false)
 9 FCPATH\index.php(89): CodeIgniter\CodeIgniter->run()
10 SYSTEMPATH\Commands\Server\rewrite.php(47): require_once('C:\\laragon\\www\\projectbackend\\public\\index.php')
CRITICAL - 2024-10-10 09:29:01 --> 22 : The requested URL returned error: 500
in SYSTEMPATH\HTTP\CURLRequest.php on line 691.
 1 SYSTEMPATH\HTTP\CURLRequest.php(691): CodeIgniter\HTTP\Exceptions\HTTPException::forCurlError('22', 'The requested URL returned error: 500')
 2 SYSTEMPATH\HTTP\CURLRequest.php(385): CodeIgniter\HTTP\CURLRequest->sendRequest([...])
 3 SYSTEMPATH\HTTP\CURLRequest.php(143): CodeIgniter\HTTP\CURLRequest->send('post', 'http://localhost:5000/predict')
 4 SYSTEMPATH\HTTP\CURLRequest.php(218): CodeIgniter\HTTP\CURLRequest->request('post', 'http://localhost:5000/predict', [...])
 5 APPPATH\Controllers\UserController.php(705): CodeIgniter\HTTP\CURLRequest->post('http://localhost:5000/predict', [...])
 6 SYSTEMPATH\CodeIgniter.php(919): App\Controllers\UserController->predict()
 7 SYSTEMPATH\CodeIgniter.php(494): CodeIgniter\CodeIgniter->runController(Object(App\Controllers\UserController))
 8 SYSTEMPATH\CodeIgniter.php(353): CodeIgniter\CodeIgniter->handleRequest(null, Object(Config\Cache), false)
 9 FCPATH\index.php(89): CodeIgniter\CodeIgniter->run()
10 SYSTEMPATH\Commands\Server\rewrite.php(47): require_once('C:\\laragon\\www\\projectbackend\\public\\index.php')
