CRITICAL - 2024-07-05 15:21:45 --> Undefined variable $operationalOfficeCount
in APPPATH\Controllers\PdfController.php on line 353.
 1 APPPATH\Controllers\PdfController.php(353): CodeIgniter\Debug\Exceptions->errorHandler(2, 'Undefined variable $operationalOfficeCount', 'C:\\laragon\\www\\projectbackend\\app\\Controllers\\PdfController.php', 353)
 2 SYSTEMPATH\CodeIgniter.php(919): App\Controllers\PdfController->generatePdfRmfb()
 3 SYSTEMPATH\CodeIgniter.php(494): CodeIgniter\CodeIgniter->runController(Object(App\Controllers\PdfController))
 4 SYSTEMPATH\CodeIgniter.php(353): CodeIgniter\CodeIgniter->handleRequest(null, Object(Config\Cache), false)
 5 FCPATH\index.php(89): CodeIgniter\CodeIgniter->run()
 6 SYSTEMPATH\Commands\Server\rewrite.php(47): require_once('C:\\laragon\\www\\projectbackend\\public\\index.php')
CRITICAL - 2024-07-05 15:21:53 --> Undefined variable $operationalOfficeCount
in APPPATH\Controllers\PdfController.php on line 353.
 1 APPPATH\Controllers\PdfController.php(353): CodeIgniter\Debug\Exceptions->errorHandler(2, 'Undefined variable $operationalOfficeCount', 'C:\\laragon\\www\\projectbackend\\app\\Controllers\\PdfController.php', 353)
 2 SYSTEMPATH\CodeIgniter.php(919): App\Controllers\PdfController->generatePdfRmfb()
 3 SYSTEMPATH\CodeIgniter.php(494): CodeIgniter\CodeIgniter->runController(Object(App\Controllers\PdfController))
 4 SYSTEMPATH\CodeIgniter.php(353): CodeIgniter\CodeIgniter->handleRequest(null, Object(Config\Cache), false)
 5 FCPATH\index.php(89): CodeIgniter\CodeIgniter->run()
 6 SYSTEMPATH\Commands\Server\rewrite.php(47): require_once('C:\\laragon\\www\\projectbackend\\public\\index.php')
CRITICAL - 2024-07-05 15:21:57 --> Undefined variable $operationalOfficeCount
in APPPATH\Controllers\PdfController.php on line 353.
 1 APPPATH\Controllers\PdfController.php(353): CodeIgniter\Debug\Exceptions->errorHandler(2, 'Undefined variable $operationalOfficeCount', 'C:\\laragon\\www\\projectbackend\\app\\Controllers\\PdfController.php', 353)
 2 SYSTEMPATH\CodeIgniter.php(919): App\Controllers\PdfController->generatePdfRmfb()
 3 SYSTEMPATH\CodeIgniter.php(494): CodeIgniter\CodeIgniter->runController(Object(App\Controllers\PdfController))
 4 SYSTEMPATH\CodeIgniter.php(353): CodeIgniter\CodeIgniter->handleRequest(null, Object(Config\Cache), false)
 5 FCPATH\index.php(89): CodeIgniter\CodeIgniter->run()
 6 SYSTEMPATH\Commands\Server\rewrite.php(47): require_once('C:\\laragon\\www\\projectbackend\\public\\index.php')
CRITICAL - 2024-07-05 15:22:11 --> Undefined variable $operationalOfficeCount
in APPPATH\Controllers\PdfController.php on line 353.
 1 APPPATH\Controllers\PdfController.php(353): CodeIgniter\Debug\Exceptions->errorHandler(2, 'Undefined variable $operationalOfficeCount', 'C:\\laragon\\www\\projectbackend\\app\\Controllers\\PdfController.php', 353)
 2 SYSTEMPATH\CodeIgniter.php(919): App\Controllers\PdfController->generatePdfRmfb()
 3 SYSTEMPATH\CodeIgniter.php(494): CodeIgniter\CodeIgniter->runController(Object(App\Controllers\PdfController))
 4 SYSTEMPATH\CodeIgniter.php(353): CodeIgniter\CodeIgniter->handleRequest(null, Object(Config\Cache), false)
 5 FCPATH\index.php(89): CodeIgniter\CodeIgniter->run()
 6 SYSTEMPATH\Commands\Server\rewrite.php(47): require_once('C:\\laragon\\www\\projectbackend\\public\\index.php')
