CRITICAL - 2023-12-20 09:53:44 --> Call to undefined method CodeIgniter\HTTP\Response::json()
in APPPATH\Controllers\AdminController.php on line 403.
 1 SYSTEMPATH\CodeIgniter.php(919): App\Controllers\AdminController->calculateRatings()
 2 SYSTEMPATH\CodeIgniter.php(494): CodeIgniter\CodeIgniter->runController(Object(App\Controllers\AdminController))
 3 SYSTEMPATH\CodeIgniter.php(353): CodeIgniter\CodeIgniter->handleRequest(null, Object(Config\Cache), false)
 4 FCPATH\index.php(89): CodeIgniter\CodeIgniter->run()
 5 SYSTEMPATH\Commands\Server\rewrite.php(47): require_once('C:\\laragon\\www\\projectbackend\\public\\index.php')
CRITICAL - 2023-12-20 09:53:52 --> Call to undefined method CodeIgniter\HTTP\Response::json()
in APPPATH\Controllers\AdminController.php on line 403.
 1 SYSTEMPATH\CodeIgniter.php(919): App\Controllers\AdminController->calculateRatings()
 2 SYSTEMPATH\CodeIgniter.php(494): CodeIgniter\CodeIgniter->runController(Object(App\Controllers\AdminController))
 3 SYSTEMPATH\CodeIgniter.php(353): CodeIgniter\CodeIgniter->handleRequest(null, Object(Config\Cache), false)
 4 FCPATH\index.php(89): CodeIgniter\CodeIgniter->run()
 5 SYSTEMPATH\Commands\Server\rewrite.php(47): require_once('C:\\laragon\\www\\projectbackend\\public\\index.php')
CRITICAL - 2023-12-20 09:55:39 --> Call to undefined method CodeIgniter\HTTP\Response::json()
in APPPATH\Controllers\AdminController.php on line 403.
 1 SYSTEMPATH\CodeIgniter.php(919): App\Controllers\AdminController->calculateRatings()
 2 SYSTEMPATH\CodeIgniter.php(494): CodeIgniter\CodeIgniter->runController(Object(App\Controllers\AdminController))
 3 SYSTEMPATH\CodeIgniter.php(353): CodeIgniter\CodeIgniter->handleRequest(null, Object(Config\Cache), false)
 4 FCPATH\index.php(89): CodeIgniter\CodeIgniter->run()
 5 SYSTEMPATH\Commands\Server\rewrite.php(47): require_once('C:\\laragon\\www\\projectbackend\\public\\index.php')
CRITICAL - 2023-12-20 12:20:36 --> Too few arguments to function App\Controllers\AdminController::calculateRatings(), 0 passed in C:\laragon\www\projectbackend\system\CodeIgniter.php on line 919 and exactly 1 expected
in APPPATH\Controllers\AdminController.php on line 381.
 1 SYSTEMPATH\CodeIgniter.php(919): App\Controllers\AdminController->calculateRatings()
 2 SYSTEMPATH\CodeIgniter.php(494): CodeIgniter\CodeIgniter->runController(Object(App\Controllers\AdminController))
 3 SYSTEMPATH\CodeIgniter.php(353): CodeIgniter\CodeIgniter->handleRequest(null, Object(Config\Cache), false)
 4 FCPATH\index.php(89): CodeIgniter\CodeIgniter->run()
 5 SYSTEMPATH\Commands\Server\rewrite.php(47): require_once('C:\\laragon\\www\\projectbackend\\public\\index.php')
CRITICAL - 2023-12-20 12:20:53 --> Too few arguments to function App\Controllers\AdminController::calculateRatings(), 0 passed in C:\laragon\www\projectbackend\system\CodeIgniter.php on line 919 and exactly 1 expected
in APPPATH\Controllers\AdminController.php on line 381.
 1 SYSTEMPATH\CodeIgniter.php(919): App\Controllers\AdminController->calculateRatings()
 2 SYSTEMPATH\CodeIgniter.php(494): CodeIgniter\CodeIgniter->runController(Object(App\Controllers\AdminController))
 3 SYSTEMPATH\CodeIgniter.php(353): CodeIgniter\CodeIgniter->handleRequest(null, Object(Config\Cache), false)
 4 FCPATH\index.php(89): CodeIgniter\CodeIgniter->run()
 5 SYSTEMPATH\Commands\Server\rewrite.php(47): require_once('C:\\laragon\\www\\projectbackend\\public\\index.php')
CRITICAL - 2023-12-20 12:21:36 --> Too few arguments to function App\Controllers\AdminController::calculateRatings(), 0 passed in C:\laragon\www\projectbackend\system\CodeIgniter.php on line 919 and exactly 1 expected
in APPPATH\Controllers\AdminController.php on line 381.
 1 SYSTEMPATH\CodeIgniter.php(919): App\Controllers\AdminController->calculateRatings()
 2 SYSTEMPATH\CodeIgniter.php(494): CodeIgniter\CodeIgniter->runController(Object(App\Controllers\AdminController))
 3 SYSTEMPATH\CodeIgniter.php(353): CodeIgniter\CodeIgniter->handleRequest(null, Object(Config\Cache), false)
 4 FCPATH\index.php(89): CodeIgniter\CodeIgniter->run()
 5 SYSTEMPATH\Commands\Server\rewrite.php(47): require_once('C:\\laragon\\www\\projectbackend\\public\\index.php')
CRITICAL - 2023-12-20 12:43:31 --> array_multisort(): Argument #3 must be an array or a sort flag
in APPPATH\Controllers\AdminController.php on line 407.
 1 APPPATH\Controllers\AdminController.php(407): array_multisort([...], [...], null, null, [...])
 2 SYSTEMPATH\CodeIgniter.php(919): App\Controllers\AdminController->calculateRatings('2024')
 3 SYSTEMPATH\CodeIgniter.php(494): CodeIgniter\CodeIgniter->runController(Object(App\Controllers\AdminController))
 4 SYSTEMPATH\CodeIgniter.php(353): CodeIgniter\CodeIgniter->handleRequest(null, Object(Config\Cache), false)
 5 FCPATH\index.php(89): CodeIgniter\CodeIgniter->run()
 6 SYSTEMPATH\Commands\Server\rewrite.php(47): require_once('C:\\laragon\\www\\projectbackend\\public\\index.php')
CRITICAL - 2023-12-20 12:45:12 --> array_multisort(): Argument #3 must be an array or a sort flag
in APPPATH\Controllers\AdminController.php on line 407.
 1 APPPATH\Controllers\AdminController.php(407): array_multisort([...], [...], null, null, [...])
 2 SYSTEMPATH\CodeIgniter.php(919): App\Controllers\AdminController->calculateRatings('2024')
 3 SYSTEMPATH\CodeIgniter.php(494): CodeIgniter\CodeIgniter->runController(Object(App\Controllers\AdminController))
 4 SYSTEMPATH\CodeIgniter.php(353): CodeIgniter\CodeIgniter->handleRequest(null, Object(Config\Cache), false)
 5 FCPATH\index.php(89): CodeIgniter\CodeIgniter->run()
 6 SYSTEMPATH\Commands\Server\rewrite.php(47): require_once('C:\\laragon\\www\\projectbackend\\public\\index.php')
ERROR - 2023-12-20 13:01:28 --> mysqli_sql_exception: Cannot add or update a child row: a foreign key constraint fails (`project`.`ppo_tbl`, CONSTRAINT `userid` FOREIGN KEY (`userid`) REFERENCES `tbl_users` (`user_id`) ON DELETE RESTRICT ON UPDATE RESTRICT) in C:\laragon\www\projectbackend\system\Database\MySQLi\Connection.php:306
Stack trace:
#0 C:\laragon\www\projectbackend\system\Database\MySQLi\Connection.php(306): mysqli->query('INSERT INTO `pp...', 0)
#1 C:\laragon\www\projectbackend\system\Database\BaseConnection.php(692): CodeIgniter\Database\MySQLi\Connection->execute('INSERT INTO `pp...')
#2 C:\laragon\www\projectbackend\system\Database\BaseConnection.php(606): CodeIgniter\Database\BaseConnection->simpleQuery('INSERT INTO `pp...')
#3 C:\laragon\www\projectbackend\system\Database\BaseBuilder.php(2308): CodeIgniter\Database\BaseConnection->query('INSERT INTO `pp...', Array, false)
#4 C:\laragon\www\projectbackend\system\Model.php(319): CodeIgniter\Database\BaseBuilder->insert()
#5 C:\laragon\www\projectbackend\system\BaseModel.php(788): CodeIgniter\Model->doInsert(Array)
#6 C:\laragon\www\projectbackend\system\Model.php(715): CodeIgniter\BaseModel->insert(Array, true)
#7 C:\laragon\www\projectbackend\app\Controllers\MainController.php(206): CodeIgniter\Model->insert(Array)
#8 C:\laragon\www\projectbackend\system\CodeIgniter.php(919): App\Controllers\MainController->insertRating()
#9 C:\laragon\www\projectbackend\system\CodeIgniter.php(494): CodeIgniter\CodeIgniter->runController(Object(App\Controllers\MainController))
#10 C:\laragon\www\projectbackend\system\CodeIgniter.php(353): CodeIgniter\CodeIgniter->handleRequest(NULL, Object(Config\Cache), false)
#11 C:\laragon\www\projectbackend\public\index.php(89): CodeIgniter\CodeIgniter->run()
#12 C:\laragon\www\projectbackend\system\Commands\Server\rewrite.php(47): require_once('C:\\laragon\\www\\...')
#13 {main}
CRITICAL - 2023-12-20 13:01:28 --> Cannot add or update a child row: a foreign key constraint fails (`project`.`ppo_tbl`, CONSTRAINT `userid` FOREIGN KEY (`userid`) REFERENCES `tbl_users` (`user_id`) ON DELETE RESTRICT ON UPDATE RESTRICT)
in SYSTEMPATH\Database\BaseConnection.php on line 646.
 1 SYSTEMPATH\Database\BaseBuilder.php(2308): CodeIgniter\Database\BaseConnection->query('INSERT INTO `ppo_tbl` (`userid`, `month`, `year`, `office`, `do`, `didm`, `di`, `dpcr`, `dl`, `dhrdd`, `dprm`, `dictm`, `dpl`, `dc`, `drd`, `operational`, `administrative`, `total`) VALUES (:userid:, :month:, :year:, :office:, :do:, :didm:, :di:, :dpcr:, :dl:, :dhrdd:, :dprm:, :dictm:, :dpl:, :dc:, :drd:, :operational:, :administrative:, :total:)', [...], false)
 2 SYSTEMPATH\Model.php(319): CodeIgniter\Database\BaseBuilder->insert()
 3 SYSTEMPATH\BaseModel.php(788): CodeIgniter\Model->doInsert([...])
 4 SYSTEMPATH\Model.php(715): CodeIgniter\BaseModel->insert([...], true)
 5 APPPATH\Controllers\MainController.php(206): CodeIgniter\Model->insert([...])
 6 SYSTEMPATH\CodeIgniter.php(919): App\Controllers\MainController->insertRating()
 7 SYSTEMPATH\CodeIgniter.php(494): CodeIgniter\CodeIgniter->runController(Object(App\Controllers\MainController))
 8 SYSTEMPATH\CodeIgniter.php(353): CodeIgniter\CodeIgniter->handleRequest(null, Object(Config\Cache), false)
 9 FCPATH\index.php(89): CodeIgniter\CodeIgniter->run()
10 SYSTEMPATH\Commands\Server\rewrite.php(47): require_once('C:\\laragon\\www\\projectbackend\\public\\index.php')
ERROR - 2023-12-20 13:01:36 --> mysqli_sql_exception: Cannot add or update a child row: a foreign key constraint fails (`project`.`ppo_tbl`, CONSTRAINT `userid` FOREIGN KEY (`userid`) REFERENCES `tbl_users` (`user_id`) ON DELETE RESTRICT ON UPDATE RESTRICT) in C:\laragon\www\projectbackend\system\Database\MySQLi\Connection.php:306
Stack trace:
#0 C:\laragon\www\projectbackend\system\Database\MySQLi\Connection.php(306): mysqli->query('INSERT INTO `pp...', 0)
#1 C:\laragon\www\projectbackend\system\Database\BaseConnection.php(692): CodeIgniter\Database\MySQLi\Connection->execute('INSERT INTO `pp...')
#2 C:\laragon\www\projectbackend\system\Database\BaseConnection.php(606): CodeIgniter\Database\BaseConnection->simpleQuery('INSERT INTO `pp...')
#3 C:\laragon\www\projectbackend\system\Database\BaseBuilder.php(2308): CodeIgniter\Database\BaseConnection->query('INSERT INTO `pp...', Array, false)
#4 C:\laragon\www\projectbackend\system\Model.php(319): CodeIgniter\Database\BaseBuilder->insert()
#5 C:\laragon\www\projectbackend\system\BaseModel.php(788): CodeIgniter\Model->doInsert(Array)
#6 C:\laragon\www\projectbackend\system\Model.php(715): CodeIgniter\BaseModel->insert(Array, true)
#7 C:\laragon\www\projectbackend\app\Controllers\MainController.php(206): CodeIgniter\Model->insert(Array)
#8 C:\laragon\www\projectbackend\system\CodeIgniter.php(919): App\Controllers\MainController->insertRating()
#9 C:\laragon\www\projectbackend\system\CodeIgniter.php(494): CodeIgniter\CodeIgniter->runController(Object(App\Controllers\MainController))
#10 C:\laragon\www\projectbackend\system\CodeIgniter.php(353): CodeIgniter\CodeIgniter->handleRequest(NULL, Object(Config\Cache), false)
#11 C:\laragon\www\projectbackend\public\index.php(89): CodeIgniter\CodeIgniter->run()
#12 C:\laragon\www\projectbackend\system\Commands\Server\rewrite.php(47): require_once('C:\\laragon\\www\\...')
#13 {main}
CRITICAL - 2023-12-20 13:01:36 --> Cannot add or update a child row: a foreign key constraint fails (`project`.`ppo_tbl`, CONSTRAINT `userid` FOREIGN KEY (`userid`) REFERENCES `tbl_users` (`user_id`) ON DELETE RESTRICT ON UPDATE RESTRICT)
in SYSTEMPATH\Database\BaseConnection.php on line 646.
 1 SYSTEMPATH\Database\BaseBuilder.php(2308): CodeIgniter\Database\BaseConnection->query('INSERT INTO `ppo_tbl` (`userid`, `month`, `year`, `office`, `do`, `didm`, `di`, `dpcr`, `dl`, `dhrdd`, `dprm`, `dictm`, `dpl`, `dc`, `drd`, `operational`, `administrative`, `total`) VALUES (:userid:, :month:, :year:, :office:, :do:, :didm:, :di:, :dpcr:, :dl:, :dhrdd:, :dprm:, :dictm:, :dpl:, :dc:, :drd:, :operational:, :administrative:, :total:)', [...], false)
 2 SYSTEMPATH\Model.php(319): CodeIgniter\Database\BaseBuilder->insert()
 3 SYSTEMPATH\BaseModel.php(788): CodeIgniter\Model->doInsert([...])
 4 SYSTEMPATH\Model.php(715): CodeIgniter\BaseModel->insert([...], true)
 5 APPPATH\Controllers\MainController.php(206): CodeIgniter\Model->insert([...])
 6 SYSTEMPATH\CodeIgniter.php(919): App\Controllers\MainController->insertRating()
 7 SYSTEMPATH\CodeIgniter.php(494): CodeIgniter\CodeIgniter->runController(Object(App\Controllers\MainController))
 8 SYSTEMPATH\CodeIgniter.php(353): CodeIgniter\CodeIgniter->handleRequest(null, Object(Config\Cache), false)
 9 FCPATH\index.php(89): CodeIgniter\CodeIgniter->run()
10 SYSTEMPATH\Commands\Server\rewrite.php(47): require_once('C:\\laragon\\www\\projectbackend\\public\\index.php')
ERROR - 2023-12-20 13:01:57 --> mysqli_sql_exception: Cannot add or update a child row: a foreign key constraint fails (`project`.`ppo_tbl`, CONSTRAINT `userid` FOREIGN KEY (`userid`) REFERENCES `tbl_users` (`user_id`) ON DELETE RESTRICT ON UPDATE RESTRICT) in C:\laragon\www\projectbackend\system\Database\MySQLi\Connection.php:306
Stack trace:
#0 C:\laragon\www\projectbackend\system\Database\MySQLi\Connection.php(306): mysqli->query('INSERT INTO `pp...', 0)
#1 C:\laragon\www\projectbackend\system\Database\BaseConnection.php(692): CodeIgniter\Database\MySQLi\Connection->execute('INSERT INTO `pp...')
#2 C:\laragon\www\projectbackend\system\Database\BaseConnection.php(606): CodeIgniter\Database\BaseConnection->simpleQuery('INSERT INTO `pp...')
#3 C:\laragon\www\projectbackend\system\Database\BaseBuilder.php(2308): CodeIgniter\Database\BaseConnection->query('INSERT INTO `pp...', Array, false)
#4 C:\laragon\www\projectbackend\system\Model.php(319): CodeIgniter\Database\BaseBuilder->insert()
#5 C:\laragon\www\projectbackend\system\BaseModel.php(788): CodeIgniter\Model->doInsert(Array)
#6 C:\laragon\www\projectbackend\system\Model.php(715): CodeIgniter\BaseModel->insert(Array, true)
#7 C:\laragon\www\projectbackend\app\Controllers\MainController.php(206): CodeIgniter\Model->insert(Array)
#8 C:\laragon\www\projectbackend\system\CodeIgniter.php(919): App\Controllers\MainController->insertRating()
#9 C:\laragon\www\projectbackend\system\CodeIgniter.php(494): CodeIgniter\CodeIgniter->runController(Object(App\Controllers\MainController))
#10 C:\laragon\www\projectbackend\system\CodeIgniter.php(353): CodeIgniter\CodeIgniter->handleRequest(NULL, Object(Config\Cache), false)
#11 C:\laragon\www\projectbackend\public\index.php(89): CodeIgniter\CodeIgniter->run()
#12 C:\laragon\www\projectbackend\system\Commands\Server\rewrite.php(47): require_once('C:\\laragon\\www\\...')
#13 {main}
CRITICAL - 2023-12-20 13:01:57 --> Cannot add or update a child row: a foreign key constraint fails (`project`.`ppo_tbl`, CONSTRAINT `userid` FOREIGN KEY (`userid`) REFERENCES `tbl_users` (`user_id`) ON DELETE RESTRICT ON UPDATE RESTRICT)
in SYSTEMPATH\Database\BaseConnection.php on line 646.
 1 SYSTEMPATH\Database\BaseBuilder.php(2308): CodeIgniter\Database\BaseConnection->query('INSERT INTO `ppo_tbl` (`userid`, `month`, `year`, `office`, `do`, `didm`, `di`, `dpcr`, `dl`, `dhrdd`, `dprm`, `dictm`, `dpl`, `dc`, `drd`, `operational`, `administrative`, `total`) VALUES (:userid:, :month:, :year:, :office:, :do:, :didm:, :di:, :dpcr:, :dl:, :dhrdd:, :dprm:, :dictm:, :dpl:, :dc:, :drd:, :operational:, :administrative:, :total:)', [...], false)
 2 SYSTEMPATH\Model.php(319): CodeIgniter\Database\BaseBuilder->insert()
 3 SYSTEMPATH\BaseModel.php(788): CodeIgniter\Model->doInsert([...])
 4 SYSTEMPATH\Model.php(715): CodeIgniter\BaseModel->insert([...], true)
 5 APPPATH\Controllers\MainController.php(206): CodeIgniter\Model->insert([...])
 6 SYSTEMPATH\CodeIgniter.php(919): App\Controllers\MainController->insertRating()
 7 SYSTEMPATH\CodeIgniter.php(494): CodeIgniter\CodeIgniter->runController(Object(App\Controllers\MainController))
 8 SYSTEMPATH\CodeIgniter.php(353): CodeIgniter\CodeIgniter->handleRequest(null, Object(Config\Cache), false)
 9 FCPATH\index.php(89): CodeIgniter\CodeIgniter->run()
10 SYSTEMPATH\Commands\Server\rewrite.php(47): require_once('C:\\laragon\\www\\projectbackend\\public\\index.php')
ERROR - 2023-12-20 13:05:40 --> mysqli_sql_exception: Cannot add or update a child row: a foreign key constraint fails (`project`.`ppo_tbl`, CONSTRAINT `userid` FOREIGN KEY (`userid`) REFERENCES `tbl_users` (`user_id`) ON DELETE RESTRICT ON UPDATE RESTRICT) in C:\laragon\www\projectbackend\system\Database\MySQLi\Connection.php:306
Stack trace:
#0 C:\laragon\www\projectbackend\system\Database\MySQLi\Connection.php(306): mysqli->query('INSERT INTO `pp...', 0)
#1 C:\laragon\www\projectbackend\system\Database\BaseConnection.php(692): CodeIgniter\Database\MySQLi\Connection->execute('INSERT INTO `pp...')
#2 C:\laragon\www\projectbackend\system\Database\BaseConnection.php(606): CodeIgniter\Database\BaseConnection->simpleQuery('INSERT INTO `pp...')
#3 C:\laragon\www\projectbackend\system\Database\BaseBuilder.php(2308): CodeIgniter\Database\BaseConnection->query('INSERT INTO `pp...', Array, false)
#4 C:\laragon\www\projectbackend\system\Model.php(319): CodeIgniter\Database\BaseBuilder->insert()
#5 C:\laragon\www\projectbackend\system\BaseModel.php(788): CodeIgniter\Model->doInsert(Array)
#6 C:\laragon\www\projectbackend\system\Model.php(715): CodeIgniter\BaseModel->insert(Array, true)
#7 C:\laragon\www\projectbackend\app\Controllers\MainController.php(206): CodeIgniter\Model->insert(Array)
#8 C:\laragon\www\projectbackend\system\CodeIgniter.php(919): App\Controllers\MainController->insertRating()
#9 C:\laragon\www\projectbackend\system\CodeIgniter.php(494): CodeIgniter\CodeIgniter->runController(Object(App\Controllers\MainController))
#10 C:\laragon\www\projectbackend\system\CodeIgniter.php(353): CodeIgniter\CodeIgniter->handleRequest(NULL, Object(Config\Cache), false)
#11 C:\laragon\www\projectbackend\public\index.php(89): CodeIgniter\CodeIgniter->run()
#12 C:\laragon\www\projectbackend\system\Commands\Server\rewrite.php(47): require_once('C:\\laragon\\www\\...')
#13 {main}
CRITICAL - 2023-12-20 13:05:40 --> Cannot add or update a child row: a foreign key constraint fails (`project`.`ppo_tbl`, CONSTRAINT `userid` FOREIGN KEY (`userid`) REFERENCES `tbl_users` (`user_id`) ON DELETE RESTRICT ON UPDATE RESTRICT)
in SYSTEMPATH\Database\BaseConnection.php on line 646.
 1 SYSTEMPATH\Database\BaseBuilder.php(2308): CodeIgniter\Database\BaseConnection->query('INSERT INTO `ppo_tbl` (`userid`, `month`, `year`, `office`, `do`, `didm`, `di`, `dpcr`, `dl`, `dhrdd`, `dprm`, `dictm`, `dpl`, `dc`, `drd`, `operational`, `administrative`, `total`) VALUES (:userid:, :month:, :year:, :office:, :do:, :didm:, :di:, :dpcr:, :dl:, :dhrdd:, :dprm:, :dictm:, :dpl:, :dc:, :drd:, :operational:, :administrative:, :total:)', [...], false)
 2 SYSTEMPATH\Model.php(319): CodeIgniter\Database\BaseBuilder->insert()
 3 SYSTEMPATH\BaseModel.php(788): CodeIgniter\Model->doInsert([...])
 4 SYSTEMPATH\Model.php(715): CodeIgniter\BaseModel->insert([...], true)
 5 APPPATH\Controllers\MainController.php(206): CodeIgniter\Model->insert([...])
 6 SYSTEMPATH\CodeIgniter.php(919): App\Controllers\MainController->insertRating()
 7 SYSTEMPATH\CodeIgniter.php(494): CodeIgniter\CodeIgniter->runController(Object(App\Controllers\MainController))
 8 SYSTEMPATH\CodeIgniter.php(353): CodeIgniter\CodeIgniter->handleRequest(null, Object(Config\Cache), false)
 9 FCPATH\index.php(89): CodeIgniter\CodeIgniter->run()
10 SYSTEMPATH\Commands\Server\rewrite.php(47): require_once('C:\\laragon\\www\\projectbackend\\public\\index.php')
ERROR - 2023-12-20 13:05:43 --> mysqli_sql_exception: Cannot add or update a child row: a foreign key constraint fails (`project`.`ppo_tbl`, CONSTRAINT `userid` FOREIGN KEY (`userid`) REFERENCES `tbl_users` (`user_id`) ON DELETE RESTRICT ON UPDATE RESTRICT) in C:\laragon\www\projectbackend\system\Database\MySQLi\Connection.php:306
Stack trace:
#0 C:\laragon\www\projectbackend\system\Database\MySQLi\Connection.php(306): mysqli->query('INSERT INTO `pp...', 0)
#1 C:\laragon\www\projectbackend\system\Database\BaseConnection.php(692): CodeIgniter\Database\MySQLi\Connection->execute('INSERT INTO `pp...')
#2 C:\laragon\www\projectbackend\system\Database\BaseConnection.php(606): CodeIgniter\Database\BaseConnection->simpleQuery('INSERT INTO `pp...')
#3 C:\laragon\www\projectbackend\system\Database\BaseBuilder.php(2308): CodeIgniter\Database\BaseConnection->query('INSERT INTO `pp...', Array, false)
#4 C:\laragon\www\projectbackend\system\Model.php(319): CodeIgniter\Database\BaseBuilder->insert()
#5 C:\laragon\www\projectbackend\system\BaseModel.php(788): CodeIgniter\Model->doInsert(Array)
#6 C:\laragon\www\projectbackend\system\Model.php(715): CodeIgniter\BaseModel->insert(Array, true)
#7 C:\laragon\www\projectbackend\app\Controllers\MainController.php(206): CodeIgniter\Model->insert(Array)
#8 C:\laragon\www\projectbackend\system\CodeIgniter.php(919): App\Controllers\MainController->insertRating()
#9 C:\laragon\www\projectbackend\system\CodeIgniter.php(494): CodeIgniter\CodeIgniter->runController(Object(App\Controllers\MainController))
#10 C:\laragon\www\projectbackend\system\CodeIgniter.php(353): CodeIgniter\CodeIgniter->handleRequest(NULL, Object(Config\Cache), false)
#11 C:\laragon\www\projectbackend\public\index.php(89): CodeIgniter\CodeIgniter->run()
#12 C:\laragon\www\projectbackend\system\Commands\Server\rewrite.php(47): require_once('C:\\laragon\\www\\...')
#13 {main}
CRITICAL - 2023-12-20 13:05:43 --> Cannot add or update a child row: a foreign key constraint fails (`project`.`ppo_tbl`, CONSTRAINT `userid` FOREIGN KEY (`userid`) REFERENCES `tbl_users` (`user_id`) ON DELETE RESTRICT ON UPDATE RESTRICT)
in SYSTEMPATH\Database\BaseConnection.php on line 646.
 1 SYSTEMPATH\Database\BaseBuilder.php(2308): CodeIgniter\Database\BaseConnection->query('INSERT INTO `ppo_tbl` (`userid`, `month`, `year`, `office`, `do`, `didm`, `di`, `dpcr`, `dl`, `dhrdd`, `dprm`, `dictm`, `dpl`, `dc`, `drd`, `operational`, `administrative`, `total`) VALUES (:userid:, :month:, :year:, :office:, :do:, :didm:, :di:, :dpcr:, :dl:, :dhrdd:, :dprm:, :dictm:, :dpl:, :dc:, :drd:, :operational:, :administrative:, :total:)', [...], false)
 2 SYSTEMPATH\Model.php(319): CodeIgniter\Database\BaseBuilder->insert()
 3 SYSTEMPATH\BaseModel.php(788): CodeIgniter\Model->doInsert([...])
 4 SYSTEMPATH\Model.php(715): CodeIgniter\BaseModel->insert([...], true)
 5 APPPATH\Controllers\MainController.php(206): CodeIgniter\Model->insert([...])
 6 SYSTEMPATH\CodeIgniter.php(919): App\Controllers\MainController->insertRating()
 7 SYSTEMPATH\CodeIgniter.php(494): CodeIgniter\CodeIgniter->runController(Object(App\Controllers\MainController))
 8 SYSTEMPATH\CodeIgniter.php(353): CodeIgniter\CodeIgniter->handleRequest(null, Object(Config\Cache), false)
 9 FCPATH\index.php(89): CodeIgniter\CodeIgniter->run()
10 SYSTEMPATH\Commands\Server\rewrite.php(47): require_once('C:\\laragon\\www\\projectbackend\\public\\index.php')
ERROR - 2023-12-20 13:06:11 --> mysqli_sql_exception: Cannot add or update a child row: a foreign key constraint fails (`project`.`ppo_tbl`, CONSTRAINT `userid` FOREIGN KEY (`userid`) REFERENCES `tbl_users` (`user_id`) ON DELETE RESTRICT ON UPDATE RESTRICT) in C:\laragon\www\projectbackend\system\Database\MySQLi\Connection.php:306
Stack trace:
#0 C:\laragon\www\projectbackend\system\Database\MySQLi\Connection.php(306): mysqli->query('INSERT INTO `pp...', 0)
#1 C:\laragon\www\projectbackend\system\Database\BaseConnection.php(692): CodeIgniter\Database\MySQLi\Connection->execute('INSERT INTO `pp...')
#2 C:\laragon\www\projectbackend\system\Database\BaseConnection.php(606): CodeIgniter\Database\BaseConnection->simpleQuery('INSERT INTO `pp...')
#3 C:\laragon\www\projectbackend\system\Database\BaseBuilder.php(2308): CodeIgniter\Database\BaseConnection->query('INSERT INTO `pp...', Array, false)
#4 C:\laragon\www\projectbackend\system\Model.php(319): CodeIgniter\Database\BaseBuilder->insert()
#5 C:\laragon\www\projectbackend\system\BaseModel.php(788): CodeIgniter\Model->doInsert(Array)
#6 C:\laragon\www\projectbackend\system\Model.php(715): CodeIgniter\BaseModel->insert(Array, true)
#7 C:\laragon\www\projectbackend\app\Controllers\MainController.php(206): CodeIgniter\Model->insert(Array)
#8 C:\laragon\www\projectbackend\system\CodeIgniter.php(919): App\Controllers\MainController->insertRating()
#9 C:\laragon\www\projectbackend\system\CodeIgniter.php(494): CodeIgniter\CodeIgniter->runController(Object(App\Controllers\MainController))
#10 C:\laragon\www\projectbackend\system\CodeIgniter.php(353): CodeIgniter\CodeIgniter->handleRequest(NULL, Object(Config\Cache), false)
#11 C:\laragon\www\projectbackend\public\index.php(89): CodeIgniter\CodeIgniter->run()
#12 C:\laragon\www\projectbackend\system\Commands\Server\rewrite.php(47): require_once('C:\\laragon\\www\\...')
#13 {main}
CRITICAL - 2023-12-20 13:06:11 --> Cannot add or update a child row: a foreign key constraint fails (`project`.`ppo_tbl`, CONSTRAINT `userid` FOREIGN KEY (`userid`) REFERENCES `tbl_users` (`user_id`) ON DELETE RESTRICT ON UPDATE RESTRICT)
in SYSTEMPATH\Database\BaseConnection.php on line 646.
 1 SYSTEMPATH\Database\BaseBuilder.php(2308): CodeIgniter\Database\BaseConnection->query('INSERT INTO `ppo_tbl` (`userid`, `month`, `year`, `office`, `do`, `didm`, `di`, `dpcr`, `dl`, `dhrdd`, `dprm`, `dictm`, `dpl`, `dc`, `drd`, `operational`, `administrative`, `total`) VALUES (:userid:, :month:, :year:, :office:, :do:, :didm:, :di:, :dpcr:, :dl:, :dhrdd:, :dprm:, :dictm:, :dpl:, :dc:, :drd:, :operational:, :administrative:, :total:)', [...], false)
 2 SYSTEMPATH\Model.php(319): CodeIgniter\Database\BaseBuilder->insert()
 3 SYSTEMPATH\BaseModel.php(788): CodeIgniter\Model->doInsert([...])
 4 SYSTEMPATH\Model.php(715): CodeIgniter\BaseModel->insert([...], true)
 5 APPPATH\Controllers\MainController.php(206): CodeIgniter\Model->insert([...])
 6 SYSTEMPATH\CodeIgniter.php(919): App\Controllers\MainController->insertRating()
 7 SYSTEMPATH\CodeIgniter.php(494): CodeIgniter\CodeIgniter->runController(Object(App\Controllers\MainController))
 8 SYSTEMPATH\CodeIgniter.php(353): CodeIgniter\CodeIgniter->handleRequest(null, Object(Config\Cache), false)
 9 FCPATH\index.php(89): CodeIgniter\CodeIgniter->run()
10 SYSTEMPATH\Commands\Server\rewrite.php(47): require_once('C:\\laragon\\www\\projectbackend\\public\\index.php')
ERROR - 2023-12-20 13:06:22 --> mysqli_sql_exception: Cannot add or update a child row: a foreign key constraint fails (`project`.`ppo_tbl`, CONSTRAINT `userid` FOREIGN KEY (`userid`) REFERENCES `tbl_users` (`user_id`) ON DELETE RESTRICT ON UPDATE RESTRICT) in C:\laragon\www\projectbackend\system\Database\MySQLi\Connection.php:306
Stack trace:
#0 C:\laragon\www\projectbackend\system\Database\MySQLi\Connection.php(306): mysqli->query('INSERT INTO `pp...', 0)
#1 C:\laragon\www\projectbackend\system\Database\BaseConnection.php(692): CodeIgniter\Database\MySQLi\Connection->execute('INSERT INTO `pp...')
#2 C:\laragon\www\projectbackend\system\Database\BaseConnection.php(606): CodeIgniter\Database\BaseConnection->simpleQuery('INSERT INTO `pp...')
#3 C:\laragon\www\projectbackend\system\Database\BaseBuilder.php(2308): CodeIgniter\Database\BaseConnection->query('INSERT INTO `pp...', Array, false)
#4 C:\laragon\www\projectbackend\system\Model.php(319): CodeIgniter\Database\BaseBuilder->insert()
#5 C:\laragon\www\projectbackend\system\BaseModel.php(788): CodeIgniter\Model->doInsert(Array)
#6 C:\laragon\www\projectbackend\system\Model.php(715): CodeIgniter\BaseModel->insert(Array, true)
#7 C:\laragon\www\projectbackend\app\Controllers\MainController.php(206): CodeIgniter\Model->insert(Array)
#8 C:\laragon\www\projectbackend\system\CodeIgniter.php(919): App\Controllers\MainController->insertRating()
#9 C:\laragon\www\projectbackend\system\CodeIgniter.php(494): CodeIgniter\CodeIgniter->runController(Object(App\Controllers\MainController))
#10 C:\laragon\www\projectbackend\system\CodeIgniter.php(353): CodeIgniter\CodeIgniter->handleRequest(NULL, Object(Config\Cache), false)
#11 C:\laragon\www\projectbackend\public\index.php(89): CodeIgniter\CodeIgniter->run()
#12 C:\laragon\www\projectbackend\system\Commands\Server\rewrite.php(47): require_once('C:\\laragon\\www\\...')
#13 {main}
CRITICAL - 2023-12-20 13:06:22 --> Cannot add or update a child row: a foreign key constraint fails (`project`.`ppo_tbl`, CONSTRAINT `userid` FOREIGN KEY (`userid`) REFERENCES `tbl_users` (`user_id`) ON DELETE RESTRICT ON UPDATE RESTRICT)
in SYSTEMPATH\Database\BaseConnection.php on line 646.
 1 SYSTEMPATH\Database\BaseBuilder.php(2308): CodeIgniter\Database\BaseConnection->query('INSERT INTO `ppo_tbl` (`userid`, `month`, `year`, `office`, `do`, `didm`, `di`, `dpcr`, `dl`, `dhrdd`, `dprm`, `dictm`, `dpl`, `dc`, `drd`, `operational`, `administrative`, `total`) VALUES (:userid:, :month:, :year:, :office:, :do:, :didm:, :di:, :dpcr:, :dl:, :dhrdd:, :dprm:, :dictm:, :dpl:, :dc:, :drd:, :operational:, :administrative:, :total:)', [...], false)
 2 SYSTEMPATH\Model.php(319): CodeIgniter\Database\BaseBuilder->insert()
 3 SYSTEMPATH\BaseModel.php(788): CodeIgniter\Model->doInsert([...])
 4 SYSTEMPATH\Model.php(715): CodeIgniter\BaseModel->insert([...], true)
 5 APPPATH\Controllers\MainController.php(206): CodeIgniter\Model->insert([...])
 6 SYSTEMPATH\CodeIgniter.php(919): App\Controllers\MainController->insertRating()
 7 SYSTEMPATH\CodeIgniter.php(494): CodeIgniter\CodeIgniter->runController(Object(App\Controllers\MainController))
 8 SYSTEMPATH\CodeIgniter.php(353): CodeIgniter\CodeIgniter->handleRequest(null, Object(Config\Cache), false)
 9 FCPATH\index.php(89): CodeIgniter\CodeIgniter->run()
10 SYSTEMPATH\Commands\Server\rewrite.php(47): require_once('C:\\laragon\\www\\projectbackend\\public\\index.php')
ERROR - 2023-12-20 22:59:38 --> mysqli_sql_exception: Cannot add or update a child row: a foreign key constraint fails (`project`.`ppo_tbl`, CONSTRAINT `userid` FOREIGN KEY (`userid`) REFERENCES `tbl_users` (`user_id`) ON DELETE RESTRICT ON UPDATE RESTRICT) in C:\laragon\www\projectbackend\system\Database\MySQLi\Connection.php:306
Stack trace:
#0 C:\laragon\www\projectbackend\system\Database\MySQLi\Connection.php(306): mysqli->query('INSERT INTO `pp...', 0)
#1 C:\laragon\www\projectbackend\system\Database\BaseConnection.php(692): CodeIgniter\Database\MySQLi\Connection->execute('INSERT INTO `pp...')
#2 C:\laragon\www\projectbackend\system\Database\BaseConnection.php(606): CodeIgniter\Database\BaseConnection->simpleQuery('INSERT INTO `pp...')
#3 C:\laragon\www\projectbackend\system\Database\BaseBuilder.php(2308): CodeIgniter\Database\BaseConnection->query('INSERT INTO `pp...', Array, false)
#4 C:\laragon\www\projectbackend\system\Model.php(319): CodeIgniter\Database\BaseBuilder->insert()
#5 C:\laragon\www\projectbackend\system\BaseModel.php(788): CodeIgniter\Model->doInsert(Array)
#6 C:\laragon\www\projectbackend\system\Model.php(715): CodeIgniter\BaseModel->insert(Array, true)
#7 C:\laragon\www\projectbackend\app\Controllers\MainController.php(206): CodeIgniter\Model->insert(Array)
#8 C:\laragon\www\projectbackend\system\CodeIgniter.php(919): App\Controllers\MainController->insertRating()
#9 C:\laragon\www\projectbackend\system\CodeIgniter.php(494): CodeIgniter\CodeIgniter->runController(Object(App\Controllers\MainController))
#10 C:\laragon\www\projectbackend\system\CodeIgniter.php(353): CodeIgniter\CodeIgniter->handleRequest(NULL, Object(Config\Cache), false)
#11 C:\laragon\www\projectbackend\public\index.php(89): CodeIgniter\CodeIgniter->run()
#12 C:\laragon\www\projectbackend\system\Commands\Server\rewrite.php(47): require_once('C:\\laragon\\www\\...')
#13 {main}
CRITICAL - 2023-12-20 22:59:38 --> Cannot add or update a child row: a foreign key constraint fails (`project`.`ppo_tbl`, CONSTRAINT `userid` FOREIGN KEY (`userid`) REFERENCES `tbl_users` (`user_id`) ON DELETE RESTRICT ON UPDATE RESTRICT)
in SYSTEMPATH\Database\BaseConnection.php on line 646.
 1 SYSTEMPATH\Database\BaseBuilder.php(2308): CodeIgniter\Database\BaseConnection->query('INSERT INTO `ppo_tbl` (`userid`, `month`, `year`, `office`, `do`, `didm`, `di`, `dpcr`, `dl`, `dhrdd`, `dprm`, `dictm`, `dpl`, `dc`, `drd`, `operational`, `administrative`, `total`) VALUES (:userid:, :month:, :year:, :office:, :do:, :didm:, :di:, :dpcr:, :dl:, :dhrdd:, :dprm:, :dictm:, :dpl:, :dc:, :drd:, :operational:, :administrative:, :total:)', [...], false)
 2 SYSTEMPATH\Model.php(319): CodeIgniter\Database\BaseBuilder->insert()
 3 SYSTEMPATH\BaseModel.php(788): CodeIgniter\Model->doInsert([...])
 4 SYSTEMPATH\Model.php(715): CodeIgniter\BaseModel->insert([...], true)
 5 APPPATH\Controllers\MainController.php(206): CodeIgniter\Model->insert([...])
 6 SYSTEMPATH\CodeIgniter.php(919): App\Controllers\MainController->insertRating()
 7 SYSTEMPATH\CodeIgniter.php(494): CodeIgniter\CodeIgniter->runController(Object(App\Controllers\MainController))
 8 SYSTEMPATH\CodeIgniter.php(353): CodeIgniter\CodeIgniter->handleRequest(null, Object(Config\Cache), false)
 9 FCPATH\index.php(89): CodeIgniter\CodeIgniter->run()
10 SYSTEMPATH\Commands\Server\rewrite.php(47): require_once('C:\\laragon\\www\\projectbackend\\public\\index.php')
ERROR - 2023-12-20 22:59:45 --> mysqli_sql_exception: Cannot add or update a child row: a foreign key constraint fails (`project`.`ppo_tbl`, CONSTRAINT `userid` FOREIGN KEY (`userid`) REFERENCES `tbl_users` (`user_id`) ON DELETE RESTRICT ON UPDATE RESTRICT) in C:\laragon\www\projectbackend\system\Database\MySQLi\Connection.php:306
Stack trace:
#0 C:\laragon\www\projectbackend\system\Database\MySQLi\Connection.php(306): mysqli->query('INSERT INTO `pp...', 0)
#1 C:\laragon\www\projectbackend\system\Database\BaseConnection.php(692): CodeIgniter\Database\MySQLi\Connection->execute('INSERT INTO `pp...')
#2 C:\laragon\www\projectbackend\system\Database\BaseConnection.php(606): CodeIgniter\Database\BaseConnection->simpleQuery('INSERT INTO `pp...')
#3 C:\laragon\www\projectbackend\system\Database\BaseBuilder.php(2308): CodeIgniter\Database\BaseConnection->query('INSERT INTO `pp...', Array, false)
#4 C:\laragon\www\projectbackend\system\Model.php(319): CodeIgniter\Database\BaseBuilder->insert()
#5 C:\laragon\www\projectbackend\system\BaseModel.php(788): CodeIgniter\Model->doInsert(Array)
#6 C:\laragon\www\projectbackend\system\Model.php(715): CodeIgniter\BaseModel->insert(Array, true)
#7 C:\laragon\www\projectbackend\app\Controllers\MainController.php(206): CodeIgniter\Model->insert(Array)
#8 C:\laragon\www\projectbackend\system\CodeIgniter.php(919): App\Controllers\MainController->insertRating()
#9 C:\laragon\www\projectbackend\system\CodeIgniter.php(494): CodeIgniter\CodeIgniter->runController(Object(App\Controllers\MainController))
#10 C:\laragon\www\projectbackend\system\CodeIgniter.php(353): CodeIgniter\CodeIgniter->handleRequest(NULL, Object(Config\Cache), false)
#11 C:\laragon\www\projectbackend\public\index.php(89): CodeIgniter\CodeIgniter->run()
#12 C:\laragon\www\projectbackend\system\Commands\Server\rewrite.php(47): require_once('C:\\laragon\\www\\...')
#13 {main}
CRITICAL - 2023-12-20 22:59:45 --> Cannot add or update a child row: a foreign key constraint fails (`project`.`ppo_tbl`, CONSTRAINT `userid` FOREIGN KEY (`userid`) REFERENCES `tbl_users` (`user_id`) ON DELETE RESTRICT ON UPDATE RESTRICT)
in SYSTEMPATH\Database\BaseConnection.php on line 646.
 1 SYSTEMPATH\Database\BaseBuilder.php(2308): CodeIgniter\Database\BaseConnection->query('INSERT INTO `ppo_tbl` (`userid`, `month`, `year`, `office`, `do`, `didm`, `di`, `dpcr`, `dl`, `dhrdd`, `dprm`, `dictm`, `dpl`, `dc`, `drd`, `operational`, `administrative`, `total`) VALUES (:userid:, :month:, :year:, :office:, :do:, :didm:, :di:, :dpcr:, :dl:, :dhrdd:, :dprm:, :dictm:, :dpl:, :dc:, :drd:, :operational:, :administrative:, :total:)', [...], false)
 2 SYSTEMPATH\Model.php(319): CodeIgniter\Database\BaseBuilder->insert()
 3 SYSTEMPATH\BaseModel.php(788): CodeIgniter\Model->doInsert([...])
 4 SYSTEMPATH\Model.php(715): CodeIgniter\BaseModel->insert([...], true)
 5 APPPATH\Controllers\MainController.php(206): CodeIgniter\Model->insert([...])
 6 SYSTEMPATH\CodeIgniter.php(919): App\Controllers\MainController->insertRating()
 7 SYSTEMPATH\CodeIgniter.php(494): CodeIgniter\CodeIgniter->runController(Object(App\Controllers\MainController))
 8 SYSTEMPATH\CodeIgniter.php(353): CodeIgniter\CodeIgniter->handleRequest(null, Object(Config\Cache), false)
 9 FCPATH\index.php(89): CodeIgniter\CodeIgniter->run()
10 SYSTEMPATH\Commands\Server\rewrite.php(47): require_once('C:\\laragon\\www\\projectbackend\\public\\index.php')
ERROR - 2023-12-20 23:02:02 --> mysqli_sql_exception: Cannot add or update a child row: a foreign key constraint fails (`project`.`ppo_tbl`, CONSTRAINT `userid` FOREIGN KEY (`userid`) REFERENCES `tbl_users` (`user_id`) ON DELETE RESTRICT ON UPDATE RESTRICT) in C:\laragon\www\projectbackend\system\Database\MySQLi\Connection.php:306
Stack trace:
#0 C:\laragon\www\projectbackend\system\Database\MySQLi\Connection.php(306): mysqli->query('INSERT INTO `pp...', 0)
#1 C:\laragon\www\projectbackend\system\Database\BaseConnection.php(692): CodeIgniter\Database\MySQLi\Connection->execute('INSERT INTO `pp...')
#2 C:\laragon\www\projectbackend\system\Database\BaseConnection.php(606): CodeIgniter\Database\BaseConnection->simpleQuery('INSERT INTO `pp...')
#3 C:\laragon\www\projectbackend\system\Database\BaseBuilder.php(2308): CodeIgniter\Database\BaseConnection->query('INSERT INTO `pp...', Array, false)
#4 C:\laragon\www\projectbackend\system\Model.php(319): CodeIgniter\Database\BaseBuilder->insert()
#5 C:\laragon\www\projectbackend\system\BaseModel.php(788): CodeIgniter\Model->doInsert(Array)
#6 C:\laragon\www\projectbackend\system\Model.php(715): CodeIgniter\BaseModel->insert(Array, true)
#7 C:\laragon\www\projectbackend\app\Controllers\MainController.php(206): CodeIgniter\Model->insert(Array)
#8 C:\laragon\www\projectbackend\system\CodeIgniter.php(919): App\Controllers\MainController->insertRating()
#9 C:\laragon\www\projectbackend\system\CodeIgniter.php(494): CodeIgniter\CodeIgniter->runController(Object(App\Controllers\MainController))
#10 C:\laragon\www\projectbackend\system\CodeIgniter.php(353): CodeIgniter\CodeIgniter->handleRequest(NULL, Object(Config\Cache), false)
#11 C:\laragon\www\projectbackend\public\index.php(89): CodeIgniter\CodeIgniter->run()
#12 C:\laragon\www\projectbackend\system\Commands\Server\rewrite.php(47): require_once('C:\\laragon\\www\\...')
#13 {main}
CRITICAL - 2023-12-20 23:02:02 --> Cannot add or update a child row: a foreign key constraint fails (`project`.`ppo_tbl`, CONSTRAINT `userid` FOREIGN KEY (`userid`) REFERENCES `tbl_users` (`user_id`) ON DELETE RESTRICT ON UPDATE RESTRICT)
in SYSTEMPATH\Database\BaseConnection.php on line 646.
 1 SYSTEMPATH\Database\BaseBuilder.php(2308): CodeIgniter\Database\BaseConnection->query('INSERT INTO `ppo_tbl` (`userid`, `month`, `year`, `office`, `do`, `didm`, `di`, `dpcr`, `dl`, `dhrdd`, `dprm`, `dictm`, `dpl`, `dc`, `drd`, `operational`, `administrative`, `total`) VALUES (:userid:, :month:, :year:, :office:, :do:, :didm:, :di:, :dpcr:, :dl:, :dhrdd:, :dprm:, :dictm:, :dpl:, :dc:, :drd:, :operational:, :administrative:, :total:)', [...], false)
 2 SYSTEMPATH\Model.php(319): CodeIgniter\Database\BaseBuilder->insert()
 3 SYSTEMPATH\BaseModel.php(788): CodeIgniter\Model->doInsert([...])
 4 SYSTEMPATH\Model.php(715): CodeIgniter\BaseModel->insert([...], true)
 5 APPPATH\Controllers\MainController.php(206): CodeIgniter\Model->insert([...])
 6 SYSTEMPATH\CodeIgniter.php(919): App\Controllers\MainController->insertRating()
 7 SYSTEMPATH\CodeIgniter.php(494): CodeIgniter\CodeIgniter->runController(Object(App\Controllers\MainController))
 8 SYSTEMPATH\CodeIgniter.php(353): CodeIgniter\CodeIgniter->handleRequest(null, Object(Config\Cache), false)
 9 FCPATH\index.php(89): CodeIgniter\CodeIgniter->run()
10 SYSTEMPATH\Commands\Server\rewrite.php(47): require_once('C:\\laragon\\www\\projectbackend\\public\\index.php')
ERROR - 2023-12-20 23:28:03 --> mysqli_sql_exception: Cannot add or update a child row: a foreign key constraint fails (`project`.`ppo_tbl`, CONSTRAINT `userid` FOREIGN KEY (`userid`) REFERENCES `tbl_users` (`user_id`) ON DELETE RESTRICT ON UPDATE RESTRICT) in C:\laragon\www\projectbackend\system\Database\MySQLi\Connection.php:306
Stack trace:
#0 C:\laragon\www\projectbackend\system\Database\MySQLi\Connection.php(306): mysqli->query('INSERT INTO `pp...', 0)
#1 C:\laragon\www\projectbackend\system\Database\BaseConnection.php(692): CodeIgniter\Database\MySQLi\Connection->execute('INSERT INTO `pp...')
#2 C:\laragon\www\projectbackend\system\Database\BaseConnection.php(606): CodeIgniter\Database\BaseConnection->simpleQuery('INSERT INTO `pp...')
#3 C:\laragon\www\projectbackend\system\Database\BaseBuilder.php(2308): CodeIgniter\Database\BaseConnection->query('INSERT INTO `pp...', Array, false)
#4 C:\laragon\www\projectbackend\system\Model.php(319): CodeIgniter\Database\BaseBuilder->insert()
#5 C:\laragon\www\projectbackend\system\BaseModel.php(788): CodeIgniter\Model->doInsert(Array)
#6 C:\laragon\www\projectbackend\system\Model.php(715): CodeIgniter\BaseModel->insert(Array, true)
#7 C:\laragon\www\projectbackend\app\Controllers\MainController.php(206): CodeIgniter\Model->insert(Array)
#8 C:\laragon\www\projectbackend\system\CodeIgniter.php(919): App\Controllers\MainController->insertRating()
#9 C:\laragon\www\projectbackend\system\CodeIgniter.php(494): CodeIgniter\CodeIgniter->runController(Object(App\Controllers\MainController))
#10 C:\laragon\www\projectbackend\system\CodeIgniter.php(353): CodeIgniter\CodeIgniter->handleRequest(NULL, Object(Config\Cache), false)
#11 C:\laragon\www\projectbackend\public\index.php(89): CodeIgniter\CodeIgniter->run()
#12 C:\laragon\www\projectbackend\system\Commands\Server\rewrite.php(47): require_once('C:\\laragon\\www\\...')
#13 {main}
CRITICAL - 2023-12-20 23:28:03 --> Cannot add or update a child row: a foreign key constraint fails (`project`.`ppo_tbl`, CONSTRAINT `userid` FOREIGN KEY (`userid`) REFERENCES `tbl_users` (`user_id`) ON DELETE RESTRICT ON UPDATE RESTRICT)
in SYSTEMPATH\Database\BaseConnection.php on line 646.
 1 SYSTEMPATH\Database\BaseBuilder.php(2308): CodeIgniter\Database\BaseConnection->query('INSERT INTO `ppo_tbl` (`userid`, `month`, `year`, `office`, `do`, `didm`, `di`, `dpcr`, `dl`, `dhrdd`, `dprm`, `dictm`, `dpl`, `dc`, `drd`, `operational`, `administrative`, `total`) VALUES (:userid:, :month:, :year:, :office:, :do:, :didm:, :di:, :dpcr:, :dl:, :dhrdd:, :dprm:, :dictm:, :dpl:, :dc:, :drd:, :operational:, :administrative:, :total:)', [...], false)
 2 SYSTEMPATH\Model.php(319): CodeIgniter\Database\BaseBuilder->insert()
 3 SYSTEMPATH\BaseModel.php(788): CodeIgniter\Model->doInsert([...])
 4 SYSTEMPATH\Model.php(715): CodeIgniter\BaseModel->insert([...], true)
 5 APPPATH\Controllers\MainController.php(206): CodeIgniter\Model->insert([...])
 6 SYSTEMPATH\CodeIgniter.php(919): App\Controllers\MainController->insertRating()
 7 SYSTEMPATH\CodeIgniter.php(494): CodeIgniter\CodeIgniter->runController(Object(App\Controllers\MainController))
 8 SYSTEMPATH\CodeIgniter.php(353): CodeIgniter\CodeIgniter->handleRequest(null, Object(Config\Cache), false)
 9 FCPATH\index.php(89): CodeIgniter\CodeIgniter->run()
10 SYSTEMPATH\Commands\Server\rewrite.php(47): require_once('C:\\laragon\\www\\projectbackend\\public\\index.php')
