CRITICAL - 2024-02-19 02:40:50 --> Class "App\Controllers\MpsModel" not found
in APPPATH\Controllers\MainController.php on line 186.
 1 SYSTEMPATH\CodeIgniter.php(919): App\Controllers\MainController->insertMps()
 2 SYSTEMPATH\CodeIgniter.php(494): CodeIgniter\CodeIgniter->runController(Object(App\Controllers\MainController))
 3 SYSTEMPATH\CodeIgniter.php(353): CodeIgniter\CodeIgniter->handleRequest(null, Object(Config\Cache), false)
 4 FCPATH\index.php(89): CodeIgniter\CodeIgniter->run()
 5 SYSTEMPATH\Commands\Server\rewrite.php(47): require_once('C:\\laragon\\www\\projectbackend\\public\\index.php')
CRITICAL - 2024-02-19 02:41:36 --> Class "App\Controllers\MpsModel" not found
in APPPATH\Controllers\MainController.php on line 186.
 1 SYSTEMPATH\CodeIgniter.php(919): App\Controllers\MainController->insertMps()
 2 SYSTEMPATH\CodeIgniter.php(494): CodeIgniter\CodeIgniter->runController(Object(App\Controllers\MainController))
 3 SYSTEMPATH\CodeIgniter.php(353): CodeIgniter\CodeIgniter->handleRequest(null, Object(Config\Cache), false)
 4 FCPATH\index.php(89): CodeIgniter\CodeIgniter->run()
 5 SYSTEMPATH\Commands\Server\rewrite.php(47): require_once('C:\\laragon\\www\\projectbackend\\public\\index.php')
CRITICAL - 2024-02-19 02:41:41 --> Class "App\Controllers\MpsModel" not found
in APPPATH\Controllers\MainController.php on line 186.
 1 SYSTEMPATH\CodeIgniter.php(919): App\Controllers\MainController->insertMps()
 2 SYSTEMPATH\CodeIgniter.php(494): CodeIgniter\CodeIgniter->runController(Object(App\Controllers\MainController))
 3 SYSTEMPATH\CodeIgniter.php(353): CodeIgniter\CodeIgniter->handleRequest(null, Object(Config\Cache), false)
 4 FCPATH\index.php(89): CodeIgniter\CodeIgniter->run()
 5 SYSTEMPATH\Commands\Server\rewrite.php(47): require_once('C:\\laragon\\www\\projectbackend\\public\\index.php')
CRITICAL - 2024-02-19 02:42:32 --> Class "App\Controllers\MpsModel" not found
in APPPATH\Controllers\MainController.php on line 186.
 1 SYSTEMPATH\CodeIgniter.php(919): App\Controllers\MainController->insertMps()
 2 SYSTEMPATH\CodeIgniter.php(494): CodeIgniter\CodeIgniter->runController(Object(App\Controllers\MainController))
 3 SYSTEMPATH\CodeIgniter.php(353): CodeIgniter\CodeIgniter->handleRequest(null, Object(Config\Cache), false)
 4 FCPATH\index.php(89): CodeIgniter\CodeIgniter->run()
 5 SYSTEMPATH\Commands\Server\rewrite.php(47): require_once('C:\\laragon\\www\\projectbackend\\public\\index.php')
CRITICAL - 2024-02-19 02:43:12 --> Undefined property: stdClass::$office
in APPPATH\Controllers\MainController.php on line 192.
 1 APPPATH\Controllers\MainController.php(192): CodeIgniter\Debug\Exceptions->errorHandler(2, 'Undefined property: stdClass::$office', 'C:\\laragon\\www\\projectbackend\\app\\Controllers\\MainController.php', 192)
 2 SYSTEMPATH\CodeIgniter.php(919): App\Controllers\MainController->insertMps()
 3 SYSTEMPATH\CodeIgniter.php(494): CodeIgniter\CodeIgniter->runController(Object(App\Controllers\MainController))
 4 SYSTEMPATH\CodeIgniter.php(353): CodeIgniter\CodeIgniter->handleRequest(null, Object(Config\Cache), false)
 5 FCPATH\index.php(89): CodeIgniter\CodeIgniter->run()
 6 SYSTEMPATH\Commands\Server\rewrite.php(47): require_once('C:\\laragon\\www\\projectbackend\\public\\index.php')
CRITICAL - 2024-02-19 02:43:15 --> Undefined property: stdClass::$office
in APPPATH\Controllers\MainController.php on line 192.
 1 APPPATH\Controllers\MainController.php(192): CodeIgniter\Debug\Exceptions->errorHandler(2, 'Undefined property: stdClass::$office', 'C:\\laragon\\www\\projectbackend\\app\\Controllers\\MainController.php', 192)
 2 SYSTEMPATH\CodeIgniter.php(919): App\Controllers\MainController->insertMps()
 3 SYSTEMPATH\CodeIgniter.php(494): CodeIgniter\CodeIgniter->runController(Object(App\Controllers\MainController))
 4 SYSTEMPATH\CodeIgniter.php(353): CodeIgniter\CodeIgniter->handleRequest(null, Object(Config\Cache), false)
 5 FCPATH\index.php(89): CodeIgniter\CodeIgniter->run()
 6 SYSTEMPATH\Commands\Server\rewrite.php(47): require_once('C:\\laragon\\www\\projectbackend\\public\\index.php')
CRITICAL - 2024-02-19 02:43:20 --> Undefined property: stdClass::$office
in APPPATH\Controllers\MainController.php on line 192.
 1 APPPATH\Controllers\MainController.php(192): CodeIgniter\Debug\Exceptions->errorHandler(2, 'Undefined property: stdClass::$office', 'C:\\laragon\\www\\projectbackend\\app\\Controllers\\MainController.php', 192)
 2 SYSTEMPATH\CodeIgniter.php(919): App\Controllers\MainController->insertMps()
 3 SYSTEMPATH\CodeIgniter.php(494): CodeIgniter\CodeIgniter->runController(Object(App\Controllers\MainController))
 4 SYSTEMPATH\CodeIgniter.php(353): CodeIgniter\CodeIgniter->handleRequest(null, Object(Config\Cache), false)
 5 FCPATH\index.php(89): CodeIgniter\CodeIgniter->run()
 6 SYSTEMPATH\Commands\Server\rewrite.php(47): require_once('C:\\laragon\\www\\projectbackend\\public\\index.php')
CRITICAL - 2024-02-19 02:43:24 --> Undefined property: stdClass::$office
in APPPATH\Controllers\MainController.php on line 192.
 1 APPPATH\Controllers\MainController.php(192): CodeIgniter\Debug\Exceptions->errorHandler(2, 'Undefined property: stdClass::$office', 'C:\\laragon\\www\\projectbackend\\app\\Controllers\\MainController.php', 192)
 2 SYSTEMPATH\CodeIgniter.php(919): App\Controllers\MainController->insertMps()
 3 SYSTEMPATH\CodeIgniter.php(494): CodeIgniter\CodeIgniter->runController(Object(App\Controllers\MainController))
 4 SYSTEMPATH\CodeIgniter.php(353): CodeIgniter\CodeIgniter->handleRequest(null, Object(Config\Cache), false)
 5 FCPATH\index.php(89): CodeIgniter\CodeIgniter->run()
 6 SYSTEMPATH\Commands\Server\rewrite.php(47): require_once('C:\\laragon\\www\\projectbackend\\public\\index.php')
CRITICAL - 2024-02-19 02:44:17 --> Undefined property: stdClass::$office
in APPPATH\Controllers\MainController.php on line 192.
 1 APPPATH\Controllers\MainController.php(192): CodeIgniter\Debug\Exceptions->errorHandler(2, 'Undefined property: stdClass::$office', 'C:\\laragon\\www\\projectbackend\\app\\Controllers\\MainController.php', 192)
 2 SYSTEMPATH\CodeIgniter.php(919): App\Controllers\MainController->insertMps()
 3 SYSTEMPATH\CodeIgniter.php(494): CodeIgniter\CodeIgniter->runController(Object(App\Controllers\MainController))
 4 SYSTEMPATH\CodeIgniter.php(353): CodeIgniter\CodeIgniter->handleRequest(null, Object(Config\Cache), false)
 5 FCPATH\index.php(89): CodeIgniter\CodeIgniter->run()
 6 SYSTEMPATH\Commands\Server\rewrite.php(47): require_once('C:\\laragon\\www\\projectbackend\\public\\index.php')
CRITICAL - 2024-02-19 02:44:23 --> Undefined property: stdClass::$office
in APPPATH\Controllers\MainController.php on line 192.
 1 APPPATH\Controllers\MainController.php(192): CodeIgniter\Debug\Exceptions->errorHandler(2, 'Undefined property: stdClass::$office', 'C:\\laragon\\www\\projectbackend\\app\\Controllers\\MainController.php', 192)
 2 SYSTEMPATH\CodeIgniter.php(919): App\Controllers\MainController->insertMps()
 3 SYSTEMPATH\CodeIgniter.php(494): CodeIgniter\CodeIgniter->runController(Object(App\Controllers\MainController))
 4 SYSTEMPATH\CodeIgniter.php(353): CodeIgniter\CodeIgniter->handleRequest(null, Object(Config\Cache), false)
 5 FCPATH\index.php(89): CodeIgniter\CodeIgniter->run()
 6 SYSTEMPATH\Commands\Server\rewrite.php(47): require_once('C:\\laragon\\www\\projectbackend\\public\\index.php')
CRITICAL - 2024-02-19 02:47:27 --> Undefined property: stdClass::$office
in APPPATH\Controllers\MainController.php on line 192.
 1 APPPATH\Controllers\MainController.php(192): CodeIgniter\Debug\Exceptions->errorHandler(2, 'Undefined property: stdClass::$office', 'C:\\laragon\\www\\projectbackend\\app\\Controllers\\MainController.php', 192)
 2 SYSTEMPATH\CodeIgniter.php(919): App\Controllers\MainController->insertMps()
 3 SYSTEMPATH\CodeIgniter.php(494): CodeIgniter\CodeIgniter->runController(Object(App\Controllers\MainController))
 4 SYSTEMPATH\CodeIgniter.php(353): CodeIgniter\CodeIgniter->handleRequest(null, Object(Config\Cache), false)
 5 FCPATH\index.php(89): CodeIgniter\CodeIgniter->run()
 6 SYSTEMPATH\Commands\Server\rewrite.php(47): require_once('C:\\laragon\\www\\projectbackend\\public\\index.php')
CRITICAL - 2024-02-19 02:47:30 --> Undefined property: stdClass::$office
in APPPATH\Controllers\MainController.php on line 192.
 1 APPPATH\Controllers\MainController.php(192): CodeIgniter\Debug\Exceptions->errorHandler(2, 'Undefined property: stdClass::$office', 'C:\\laragon\\www\\projectbackend\\app\\Controllers\\MainController.php', 192)
 2 SYSTEMPATH\CodeIgniter.php(919): App\Controllers\MainController->insertMps()
 3 SYSTEMPATH\CodeIgniter.php(494): CodeIgniter\CodeIgniter->runController(Object(App\Controllers\MainController))
 4 SYSTEMPATH\CodeIgniter.php(353): CodeIgniter\CodeIgniter->handleRequest(null, Object(Config\Cache), false)
 5 FCPATH\index.php(89): CodeIgniter\CodeIgniter->run()
 6 SYSTEMPATH\Commands\Server\rewrite.php(47): require_once('C:\\laragon\\www\\projectbackend\\public\\index.php')
CRITICAL - 2024-02-19 02:47:31 --> Undefined property: stdClass::$office
in APPPATH\Controllers\MainController.php on line 192.
 1 APPPATH\Controllers\MainController.php(192): CodeIgniter\Debug\Exceptions->errorHandler(2, 'Undefined property: stdClass::$office', 'C:\\laragon\\www\\projectbackend\\app\\Controllers\\MainController.php', 192)
 2 SYSTEMPATH\CodeIgniter.php(919): App\Controllers\MainController->insertMps()
 3 SYSTEMPATH\CodeIgniter.php(494): CodeIgniter\CodeIgniter->runController(Object(App\Controllers\MainController))
 4 SYSTEMPATH\CodeIgniter.php(353): CodeIgniter\CodeIgniter->handleRequest(null, Object(Config\Cache), false)
 5 FCPATH\index.php(89): CodeIgniter\CodeIgniter->run()
 6 SYSTEMPATH\Commands\Server\rewrite.php(47): require_once('C:\\laragon\\www\\projectbackend\\public\\index.php')
CRITICAL - 2024-02-19 02:47:31 --> Undefined property: stdClass::$office
in APPPATH\Controllers\MainController.php on line 192.
 1 APPPATH\Controllers\MainController.php(192): CodeIgniter\Debug\Exceptions->errorHandler(2, 'Undefined property: stdClass::$office', 'C:\\laragon\\www\\projectbackend\\app\\Controllers\\MainController.php', 192)
 2 SYSTEMPATH\CodeIgniter.php(919): App\Controllers\MainController->insertMps()
 3 SYSTEMPATH\CodeIgniter.php(494): CodeIgniter\CodeIgniter->runController(Object(App\Controllers\MainController))
 4 SYSTEMPATH\CodeIgniter.php(353): CodeIgniter\CodeIgniter->handleRequest(null, Object(Config\Cache), false)
 5 FCPATH\index.php(89): CodeIgniter\CodeIgniter->run()
 6 SYSTEMPATH\Commands\Server\rewrite.php(47): require_once('C:\\laragon\\www\\projectbackend\\public\\index.php')
CRITICAL - 2024-02-19 02:47:31 --> Undefined property: stdClass::$office
in APPPATH\Controllers\MainController.php on line 192.
 1 APPPATH\Controllers\MainController.php(192): CodeIgniter\Debug\Exceptions->errorHandler(2, 'Undefined property: stdClass::$office', 'C:\\laragon\\www\\projectbackend\\app\\Controllers\\MainController.php', 192)
 2 SYSTEMPATH\CodeIgniter.php(919): App\Controllers\MainController->insertMps()
 3 SYSTEMPATH\CodeIgniter.php(494): CodeIgniter\CodeIgniter->runController(Object(App\Controllers\MainController))
 4 SYSTEMPATH\CodeIgniter.php(353): CodeIgniter\CodeIgniter->handleRequest(null, Object(Config\Cache), false)
 5 FCPATH\index.php(89): CodeIgniter\CodeIgniter->run()
 6 SYSTEMPATH\Commands\Server\rewrite.php(47): require_once('C:\\laragon\\www\\projectbackend\\public\\index.php')
CRITICAL - 2024-02-19 02:47:32 --> Undefined property: stdClass::$office
in APPPATH\Controllers\MainController.php on line 192.
 1 APPPATH\Controllers\MainController.php(192): CodeIgniter\Debug\Exceptions->errorHandler(2, 'Undefined property: stdClass::$office', 'C:\\laragon\\www\\projectbackend\\app\\Controllers\\MainController.php', 192)
 2 SYSTEMPATH\CodeIgniter.php(919): App\Controllers\MainController->insertMps()
 3 SYSTEMPATH\CodeIgniter.php(494): CodeIgniter\CodeIgniter->runController(Object(App\Controllers\MainController))
 4 SYSTEMPATH\CodeIgniter.php(353): CodeIgniter\CodeIgniter->handleRequest(null, Object(Config\Cache), false)
 5 FCPATH\index.php(89): CodeIgniter\CodeIgniter->run()
 6 SYSTEMPATH\Commands\Server\rewrite.php(47): require_once('C:\\laragon\\www\\projectbackend\\public\\index.php')
CRITICAL - 2024-02-19 07:40:30 --> Undefined property: stdClass::$admin_id
in APPPATH\Controllers\AdminController.php on line 193.
 1 APPPATH\Controllers\AdminController.php(193): CodeIgniter\Debug\Exceptions->errorHandler(2, 'Undefined property: stdClass::$admin_id', 'C:\\laragon\\www\\projectbackend\\app\\Controllers\\AdminController.php', 193)
 2 SYSTEMPATH\CodeIgniter.php(919): App\Controllers\AdminController->saveAdmin()
 3 SYSTEMPATH\CodeIgniter.php(494): CodeIgniter\CodeIgniter->runController(Object(App\Controllers\AdminController))
 4 SYSTEMPATH\CodeIgniter.php(353): CodeIgniter\CodeIgniter->handleRequest(null, Object(Config\Cache), false)
 5 FCPATH\index.php(89): CodeIgniter\CodeIgniter->run()
 6 SYSTEMPATH\Commands\Server\rewrite.php(47): require_once('C:\\laragon\\www\\projectbackend\\public\\index.php')
CRITICAL - 2024-02-19 07:42:31 --> Undefined property: stdClass::$user_id
in APPPATH\Controllers\AdminController.php on line 193.
 1 APPPATH\Controllers\AdminController.php(193): CodeIgniter\Debug\Exceptions->errorHandler(2, 'Undefined property: stdClass::$user_id', 'C:\\laragon\\www\\projectbackend\\app\\Controllers\\AdminController.php', 193)
 2 SYSTEMPATH\CodeIgniter.php(919): App\Controllers\AdminController->saveAdmin()
 3 SYSTEMPATH\CodeIgniter.php(494): CodeIgniter\CodeIgniter->runController(Object(App\Controllers\AdminController))
 4 SYSTEMPATH\CodeIgniter.php(353): CodeIgniter\CodeIgniter->handleRequest(null, Object(Config\Cache), false)
 5 FCPATH\index.php(89): CodeIgniter\CodeIgniter->run()
 6 SYSTEMPATH\Commands\Server\rewrite.php(47): require_once('C:\\laragon\\www\\projectbackend\\public\\index.php')
CRITICAL - 2024-02-19 07:42:39 --> Undefined property: stdClass::$user_id
in APPPATH\Controllers\AdminController.php on line 193.
 1 APPPATH\Controllers\AdminController.php(193): CodeIgniter\Debug\Exceptions->errorHandler(2, 'Undefined property: stdClass::$user_id', 'C:\\laragon\\www\\projectbackend\\app\\Controllers\\AdminController.php', 193)
 2 SYSTEMPATH\CodeIgniter.php(919): App\Controllers\AdminController->saveAdmin()
 3 SYSTEMPATH\CodeIgniter.php(494): CodeIgniter\CodeIgniter->runController(Object(App\Controllers\AdminController))
 4 SYSTEMPATH\CodeIgniter.php(353): CodeIgniter\CodeIgniter->handleRequest(null, Object(Config\Cache), false)
 5 FCPATH\index.php(89): CodeIgniter\CodeIgniter->run()
 6 SYSTEMPATH\Commands\Server\rewrite.php(47): require_once('C:\\laragon\\www\\projectbackend\\public\\index.php')
