CRITICAL - 2023-12-07 09:59:31 --> Undefined property: stdClass::$id
in APPPATH\Controllers\MainController.php on line 215.
 1 APPPATH\Controllers\MainController.php(215): CodeIgniter\Debug\Exceptions->errorHandler(2, 'Undefined property: stdClass::$id', 'C:\\laragon\\www\\projectbackend\\app\\Controllers\\MainController.php', 215)
 2 SYSTEMPATH\CodeIgniter.php(919): App\Controllers\MainController->saveProfile()
 3 SYSTEMPATH\CodeIgniter.php(494): CodeIgniter\CodeIgniter->runController(Object(App\Controllers\MainController))
 4 SYSTEMPATH\CodeIgniter.php(353): CodeIgniter\CodeIgniter->handleRequest(null, Object(Config\Cache), false)
 5 FCPATH\index.php(89): CodeIgniter\CodeIgniter->run()
 6 SYSTEMPATH\Commands\Server\rewrite.php(47): require_once('C:\\laragon\\www\\projectbackend\\public\\index.php')
CRITICAL - 2023-12-07 09:59:44 --> Undefined property: stdClass::$id
in APPPATH\Controllers\MainController.php on line 215.
 1 APPPATH\Controllers\MainController.php(215): CodeIgniter\Debug\Exceptions->errorHandler(2, 'Undefined property: stdClass::$id', 'C:\\laragon\\www\\projectbackend\\app\\Controllers\\MainController.php', 215)
 2 SYSTEMPATH\CodeIgniter.php(919): App\Controllers\MainController->saveProfile()
 3 SYSTEMPATH\CodeIgniter.php(494): CodeIgniter\CodeIgniter->runController(Object(App\Controllers\MainController))
 4 SYSTEMPATH\CodeIgniter.php(353): CodeIgniter\CodeIgniter->handleRequest(null, Object(Config\Cache), false)
 5 FCPATH\index.php(89): CodeIgniter\CodeIgniter->run()
 6 SYSTEMPATH\Commands\Server\rewrite.php(47): require_once('C:\\laragon\\www\\projectbackend\\public\\index.php')
CRITICAL - 2023-12-07 10:09:45 --> Access level to App\Controllers\MainController::validateData() must be protected (as in class CodeIgniter\Controller) or weaker
in APPPATH\Controllers\MainController.php on line 242.
 1 [internal function]: CodeIgniter\Debug\Exceptions->shutdownHandler()
CRITICAL - 2023-12-07 10:12:20 --> Undefined property: stdClass::$id
in APPPATH\Controllers\MainController.php on line 215.
 1 APPPATH\Controllers\MainController.php(215): CodeIgniter\Debug\Exceptions->errorHandler(2, 'Undefined property: stdClass::$id', 'C:\\laragon\\www\\projectbackend\\app\\Controllers\\MainController.php', 215)
 2 SYSTEMPATH\CodeIgniter.php(919): App\Controllers\MainController->saveProfile()
 3 SYSTEMPATH\CodeIgniter.php(494): CodeIgniter\CodeIgniter->runController(Object(App\Controllers\MainController))
 4 SYSTEMPATH\CodeIgniter.php(353): CodeIgniter\CodeIgniter->handleRequest(null, Object(Config\Cache), false)
 5 FCPATH\index.php(89): CodeIgniter\CodeIgniter->run()
 6 SYSTEMPATH\Commands\Server\rewrite.php(47): require_once('C:\\laragon\\www\\projectbackend\\public\\index.php')
CRITICAL - 2023-12-07 10:14:56 --> Access level to App\Controllers\MainController::failValidationErrors() must be protected (as in class CodeIgniter\RESTful\ResourceController) or weaker
in APPPATH\Controllers\MainController.php on line 256.
 1 [internal function]: CodeIgniter\Debug\Exceptions->shutdownHandler()
CRITICAL - 2023-12-07 10:15:02 --> Access level to App\Controllers\MainController::failValidationErrors() must be protected (as in class CodeIgniter\RESTful\ResourceController) or weaker
in APPPATH\Controllers\MainController.php on line 256.
 1 [internal function]: CodeIgniter\Debug\Exceptions->shutdownHandler()
CRITICAL - 2023-12-07 10:15:05 --> Access level to App\Controllers\MainController::failValidationErrors() must be protected (as in class CodeIgniter\RESTful\ResourceController) or weaker
in APPPATH\Controllers\MainController.php on line 256.
 1 [internal function]: CodeIgniter\Debug\Exceptions->shutdownHandler()
CRITICAL - 2023-12-07 10:15:05 --> Access level to App\Controllers\MainController::failValidationErrors() must be protected (as in class CodeIgniter\RESTful\ResourceController) or weaker
in APPPATH\Controllers\MainController.php on line 256.
 1 [internal function]: CodeIgniter\Debug\Exceptions->shutdownHandler()
