ERROR - 2024-09-20 08:40:17 --> Email: sendWithSmtp throwed ErrorException: fsockopen(): php_network_getaddresses: getaddrinfo for smtp.gmail.com failed: No such host is known.  in C:\laragon\www\projectbackend\system\Email\Email.php:1888
Stack trace:
#0 [internal function]: CodeIgniter\Debug\Exceptions->errorHandler(2, 'fsockopen(): ph...', 'C:\\laragon\\www\\...', 1888)
#1 C:\laragon\www\projectbackend\system\Email\Email.php(1888): fsockopen('smtp.gmail.com', 587, NULL, NULL, 5)
#2 C:\laragon\www\projectbackend\system\Email\Email.php(1796): CodeIgniter\Email\Email->SMTPConnect()
#3 C:\laragon\www\projectbackend\system\Email\Email.php(1681): CodeIgniter\Email\Email->sendWithSmtp()
#4 C:\laragon\www\projectbackend\system\Email\Email.php(1575): CodeIgniter\Email\Email->spoolEmail()
#5 C:\laragon\www\projectbackend\app\Controllers\UserController.php(504): CodeIgniter\Email\Email->send()
#6 C:\laragon\www\projectbackend\app\Controllers\UserController.php(440): App\Controllers\UserController->sendResetEmail('24cb3.ashly@bcr...', '613ee18b435556f...')
#7 C:\laragon\www\projectbackend\system\CodeIgniter.php(919): App\Controllers\UserController->sendPasswordResetEmail()
#8 C:\laragon\www\projectbackend\system\CodeIgniter.php(494): CodeIgniter\CodeIgniter->runController(Object(App\Controllers\UserController))
#9 C:\laragon\www\projectbackend\system\CodeIgniter.php(353): CodeIgniter\CodeIgniter->handleRequest(NULL, Object(Config\Cache), false)
#10 C:\laragon\www\projectbackend\public\index.php(89): CodeIgniter\CodeIgniter->run()
#11 C:\laragon\www\projectbackend\system\Commands\Server\rewrite.php(47): require_once('C:\\laragon\\www\\...')
#12 {main}
ERROR - 2024-09-20 08:40:17 --> Email: Unable to send email using SMTP. Your server might not be configured to send mail using this method.
ERROR - 2024-09-20 08:40:17 --> 
ERROR - 2024-09-20 08:40:40 --> Email: sendWithSmtp throwed ErrorException: fsockopen(): php_network_getaddresses: getaddrinfo for smtp.gmail.com failed: No such host is known.  in C:\laragon\www\projectbackend\system\Email\Email.php:1888
Stack trace:
#0 [internal function]: CodeIgniter\Debug\Exceptions->errorHandler(2, 'fsockopen(): ph...', 'C:\\laragon\\www\\...', 1888)
#1 C:\laragon\www\projectbackend\system\Email\Email.php(1888): fsockopen('smtp.gmail.com', 587, NULL, NULL, 5)
#2 C:\laragon\www\projectbackend\system\Email\Email.php(1796): CodeIgniter\Email\Email->SMTPConnect()
#3 C:\laragon\www\projectbackend\system\Email\Email.php(1681): CodeIgniter\Email\Email->sendWithSmtp()
#4 C:\laragon\www\projectbackend\system\Email\Email.php(1575): CodeIgniter\Email\Email->spoolEmail()
#5 C:\laragon\www\projectbackend\app\Controllers\UserController.php(504): CodeIgniter\Email\Email->send()
#6 C:\laragon\www\projectbackend\app\Controllers\UserController.php(440): App\Controllers\UserController->sendResetEmail('24cb3.ashly@bcr...', '14eee379b1b3bae...')
#7 C:\laragon\www\projectbackend\system\CodeIgniter.php(919): App\Controllers\UserController->sendPasswordResetEmail()
#8 C:\laragon\www\projectbackend\system\CodeIgniter.php(494): CodeIgniter\CodeIgniter->runController(Object(App\Controllers\UserController))
#9 C:\laragon\www\projectbackend\system\CodeIgniter.php(353): CodeIgniter\CodeIgniter->handleRequest(NULL, Object(Config\Cache), false)
#10 C:\laragon\www\projectbackend\public\index.php(89): CodeIgniter\CodeIgniter->run()
#11 C:\laragon\www\projectbackend\system\Commands\Server\rewrite.php(47): require_once('C:\\laragon\\www\\...')
#12 {main}
ERROR - 2024-09-20 08:40:40 --> Email: Unable to send email using SMTP. Your server might not be configured to send mail using this method.
ERROR - 2024-09-20 08:40:40 --> 
