ERROR - 2023-11-21 06:30:52 --> Email: Unable to send email using SMTP. Your server might not be configured to send mail using this method.
ERROR - 2023-11-21 06:30:52 --> 220 smtp.gmail.com ESMTP jc15-20020a17090325cf00b001cf644d2f75sm2314961plb.308 - gsmtp

hello: 250-smtp.gmail.com at your service, [175.176.61.53]
250-SIZE 35882577
250-8BITMIME
250-STARTTLS
250-ENHANCEDSTATUSCODES
250-PIPELINING
250-CHUNKING
250 SMTPUTF8

starttls: 220 2.0.0 Ready to start TLS

hello: 250-smtp.gmail.com at your service, [175.176.61.53]
250-SIZE 35882577
250-8BITMIME
250-AUTH LOGIN PLAIN XOAUTH2 PLAIN-CLIENTTOKEN OAUTHBEARER XOAUTH
250-ENHANCEDSTATUSCODES
250-PIPELINING
250-CHUNKING
250 SMTPUTF8

from: 250 2.1.0 OK jc15-20020a17090325cf00b001cf644d2f75sm2314961plb.308 - gsmtp

to: 250 2.1.5 OK jc15-20020a17090325cf00b001cf644d2f75sm2314961plb.308 - gsmtp

data: 354  Go ahead jc15-20020a17090325cf00b001cf644d2f75sm2314961plb.308 - gsmtp


quit: 250 2.0.0 OK  1700547853 jc15-20020a17090325cf00b001cf644d2f75sm2314961plb.308 - gsmtp

The following SMTP error was encountered: 250 2.0.0 OK  1700547853 jc15-20020a17090325cf00b001cf644d2f75sm2314961plb.308 - gsmtp

The following SMTP error was encountered: 
ERROR - 2023-11-21 06:30:52 --> Email failed to send. Error: 220 smtp.gmail.com ESMTP jc15-20020a17090325cf00b001cf644d2f75sm2314961plb.308 - gsmtp
<br><pre>hello: 250-smtp.gmail.com at your service, [175.176.61.53]
250-SIZE 35882577
250-8BITMIME
250-STARTTLS
250-ENHANCEDSTATUSCODES
250-PIPELINING
250-CHUNKING
250 SMTPUTF8
</pre><pre>starttls: 220 2.0.0 Ready to start TLS
</pre><pre>hello: 250-smtp.gmail.com at your service, [175.176.61.53]
250-SIZE 35882577
250-8BITMIME
250-AUTH LOGIN PLAIN XOAUTH2 PLAIN-CLIENTTOKEN OAUTHBEARER XOAUTH
250-ENHANCEDSTATUSCODES
250-PIPELINING
250-CHUNKING
250 SMTPUTF8
</pre><pre>from: 250 2.1.0 OK jc15-20020a17090325cf00b001cf644d2f75sm2314961plb.308 - gsmtp
</pre><pre>to: 250 2.1.5 OK jc15-20020a17090325cf00b001cf644d2f75sm2314961plb.308 - gsmtp
</pre><pre>data: 354  Go ahead jc15-20020a17090325cf00b001cf644d2f75sm2314961plb.308 - gsmtp
</pre><br><pre>quit: 250 2.0.0 OK  1700547853 jc15-20020a17090325cf00b001cf644d2f75sm2314961plb.308 - gsmtp
</pre>The following SMTP error was encountered: 250 2.0.0 OK  1700547853 jc15-20020a17090325cf00b001cf644d2f75sm2314961plb.308 - gsmtp
<br>The following SMTP error was encountered: <br>Unable to send email using SMTP. Your server might not be configured to send mail using this method.<br><pre>Date: Tue, 21 Nov 2023 06:30:33 +0000
To: ashlyomanada@gmail.com
From: &lt;ashly&gt;
Return-Path: &lt;ashly&gt;
Subject: =?UTF-8?Q?Request=20Form=20from=20ashlyomanada?=
Reply-To: &lt;ashly&gt;
User-Agent: CodeIgniter
X-Sender: ashly
X-Mailer: CodeIgniter
X-Priority: 3 (Normal)
Message-ID: &lt;655c4e8903bb91.64777076&gt;
Mime-Version: 1.0

</pre>
