CRITICAL - 2024-03-04 00:38:34 --> Class "App\Controllers\RmfbModel" not found
in APPPATH\Controllers\AdminController.php on line 607.
 1 SYSTEMPATH\CodeIgniter.php(919): App\Controllers\AdminController->generateRmfbReport()
 2 SYSTEMPATH\CodeIgniter.php(494): CodeIgniter\CodeIgniter->runController(Object(App\Controllers\AdminController))
 3 SYSTEMPATH\CodeIgniter.php(353): CodeIgniter\CodeIgniter->handleRequest(null, Object(Config\Cache), false)
 4 FCPATH\index.php(89): CodeIgniter\CodeIgniter->run()
 5 SYSTEMPATH\Commands\Server\rewrite.php(47): require_once('C:\\laragon\\www\\projectbackend\\public\\index.php')
CRITICAL - 2024-03-04 00:39:22 --> Class "App\Controllers\RmfbModel" not found
in APPPATH\Controllers\AdminController.php on line 607.
 1 SYSTEMPATH\CodeIgniter.php(919): App\Controllers\AdminController->generateRmfbReport()
 2 SYSTEMPATH\CodeIgniter.php(494): CodeIgniter\CodeIgniter->runController(Object(App\Controllers\AdminController))
 3 SYSTEMPATH\CodeIgniter.php(353): CodeIgniter\CodeIgniter->handleRequest(null, Object(Config\Cache), false)
 4 FCPATH\index.php(89): CodeIgniter\CodeIgniter->run()
 5 SYSTEMPATH\Commands\Server\rewrite.php(47): require_once('C:\\laragon\\www\\projectbackend\\public\\index.php')
CRITICAL - 2024-03-04 00:41:29 --> Class "App\Controllers\RmfbModel" not found
in APPPATH\Controllers\AdminController.php on line 607.
 1 SYSTEMPATH\CodeIgniter.php(919): App\Controllers\AdminController->generateRmfbReport()
 2 SYSTEMPATH\CodeIgniter.php(494): CodeIgniter\CodeIgniter->runController(Object(App\Controllers\AdminController))
 3 SYSTEMPATH\CodeIgniter.php(353): CodeIgniter\CodeIgniter->handleRequest(null, Object(Config\Cache), false)
 4 FCPATH\index.php(89): CodeIgniter\CodeIgniter->run()
 5 SYSTEMPATH\Commands\Server\rewrite.php(47): require_once('C:\\laragon\\www\\projectbackend\\public\\index.php')
CRITICAL - 2024-03-04 00:43:00 --> Class "App\Controllers\RmfbModel" not found
in APPPATH\Controllers\AdminController.php on line 600.
 1 SYSTEMPATH\CodeIgniter.php(919): App\Controllers\AdminController->generateRmfbReport()
 2 SYSTEMPATH\CodeIgniter.php(494): CodeIgniter\CodeIgniter->runController(Object(App\Controllers\AdminController))
 3 SYSTEMPATH\CodeIgniter.php(353): CodeIgniter\CodeIgniter->handleRequest(null, Object(Config\Cache), false)
 4 FCPATH\index.php(89): CodeIgniter\CodeIgniter->run()
 5 SYSTEMPATH\Commands\Server\rewrite.php(47): require_once('C:\\laragon\\www\\projectbackend\\public\\index.php')
CRITICAL - 2024-03-04 00:43:20 --> Class "App\Controllers\RmfbModel" not found
in APPPATH\Controllers\AdminController.php on line 600.
 1 SYSTEMPATH\CodeIgniter.php(919): App\Controllers\AdminController->generateRmfbReport()
 2 SYSTEMPATH\CodeIgniter.php(494): CodeIgniter\CodeIgniter->runController(Object(App\Controllers\AdminController))
 3 SYSTEMPATH\CodeIgniter.php(353): CodeIgniter\CodeIgniter->handleRequest(null, Object(Config\Cache), false)
 4 FCPATH\index.php(89): CodeIgniter\CodeIgniter->run()
 5 SYSTEMPATH\Commands\Server\rewrite.php(47): require_once('C:\\laragon\\www\\projectbackend\\public\\index.php')
