CRITICAL - 2023-12-06 08:30:25 --> Class "App\Controllers\PpocpoModel" not found
in APPPATH\Controllers\MainController.php on line 204.
 1 SYSTEMPATH\CodeIgniter.php(919): App\Controllers\MainController->getUserRatings()
 2 SYSTEMPATH\CodeIgniter.php(494): CodeIgniter\CodeIgniter->runController(Object(App\Controllers\MainController))
 3 SYSTEMPATH\CodeIgniter.php(353): CodeIgniter\CodeIgniter->handleRequest(null, Object(Config\Cache), false)
 4 FCPATH\index.php(89): CodeIgniter\CodeIgniter->run()
 5 SYSTEMPATH\Commands\Server\rewrite.php(47): require_once('C:\\laragon\\www\\projectbackend\\public\\index.php')
CRITICAL - 2023-12-06 08:30:44 --> Class "App\Controllers\PpocpoModel" not found
in APPPATH\Controllers\MainController.php on line 204.
 1 SYSTEMPATH\CodeIgniter.php(919): App\Controllers\MainController->getUserRatings()
 2 SYSTEMPATH\CodeIgniter.php(494): CodeIgniter\CodeIgniter->runController(Object(App\Controllers\MainController))
 3 SYSTEMPATH\CodeIgniter.php(353): CodeIgniter\CodeIgniter->handleRequest(null, Object(Config\Cache), false)
 4 FCPATH\index.php(89): CodeIgniter\CodeIgniter->run()
 5 SYSTEMPATH\Commands\Server\rewrite.php(47): require_once('C:\\laragon\\www\\projectbackend\\public\\index.php')
CRITICAL - 2023-12-06 08:31:25 --> Class "App\Controllers\PpocpoModel" not found
in APPPATH\Controllers\MainController.php on line 204.
 1 SYSTEMPATH\CodeIgniter.php(919): App\Controllers\MainController->getUserRatings()
 2 SYSTEMPATH\CodeIgniter.php(494): CodeIgniter\CodeIgniter->runController(Object(App\Controllers\MainController))
 3 SYSTEMPATH\CodeIgniter.php(353): CodeIgniter\CodeIgniter->handleRequest(null, Object(Config\Cache), false)
 4 FCPATH\index.php(89): CodeIgniter\CodeIgniter->run()
 5 SYSTEMPATH\Commands\Server\rewrite.php(47): require_once('C:\\laragon\\www\\projectbackend\\public\\index.php')
CRITICAL - 2023-12-06 08:33:36 --> Class "App\Controllers\PpocpoModel" not found
in APPPATH\Controllers\MainController.php on line 204.
 1 SYSTEMPATH\CodeIgniter.php(919): App\Controllers\MainController->getUserRatings()
 2 SYSTEMPATH\CodeIgniter.php(494): CodeIgniter\CodeIgniter->runController(Object(App\Controllers\MainController))
 3 SYSTEMPATH\CodeIgniter.php(353): CodeIgniter\CodeIgniter->handleRequest(null, Object(Config\Cache), false)
 4 FCPATH\index.php(89): CodeIgniter\CodeIgniter->run()
 5 SYSTEMPATH\Commands\Server\rewrite.php(47): require_once('C:\\laragon\\www\\projectbackend\\public\\index.php')
CRITICAL - 2023-12-06 08:35:11 --> Class "App\Controllers\PpocpoModel" not found
in APPPATH\Controllers\MainController.php on line 204.
 1 SYSTEMPATH\CodeIgniter.php(919): App\Controllers\MainController->getUserRatings()
 2 SYSTEMPATH\CodeIgniter.php(494): CodeIgniter\CodeIgniter->runController(Object(App\Controllers\MainController))
 3 SYSTEMPATH\CodeIgniter.php(353): CodeIgniter\CodeIgniter->handleRequest(null, Object(Config\Cache), false)
 4 FCPATH\index.php(89): CodeIgniter\CodeIgniter->run()
 5 SYSTEMPATH\Commands\Server\rewrite.php(47): require_once('C:\\laragon\\www\\projectbackend\\public\\index.php')
CRITICAL - 2023-12-06 08:35:30 --> Class "App\Controllers\PpocpoModel" not found
in APPPATH\Controllers\MainController.php on line 204.
 1 SYSTEMPATH\CodeIgniter.php(919): App\Controllers\MainController->getUserRatings()
 2 SYSTEMPATH\CodeIgniter.php(494): CodeIgniter\CodeIgniter->runController(Object(App\Controllers\MainController))
 3 SYSTEMPATH\CodeIgniter.php(353): CodeIgniter\CodeIgniter->handleRequest(null, Object(Config\Cache), false)
 4 FCPATH\index.php(89): CodeIgniter\CodeIgniter->run()
 5 SYSTEMPATH\Commands\Server\rewrite.php(47): require_once('C:\\laragon\\www\\projectbackend\\public\\index.php')
CRITICAL - 2023-12-06 08:36:08 --> Class "App\Controllers\PpocpoModel" not found
in APPPATH\Controllers\MainController.php on line 204.
 1 SYSTEMPATH\CodeIgniter.php(919): App\Controllers\MainController->getUserRatings()
 2 SYSTEMPATH\CodeIgniter.php(494): CodeIgniter\CodeIgniter->runController(Object(App\Controllers\MainController))
 3 SYSTEMPATH\CodeIgniter.php(353): CodeIgniter\CodeIgniter->handleRequest(null, Object(Config\Cache), false)
 4 FCPATH\index.php(89): CodeIgniter\CodeIgniter->run()
 5 SYSTEMPATH\Commands\Server\rewrite.php(47): require_once('C:\\laragon\\www\\projectbackend\\public\\index.php')
