ERROR - 2024-04-16 00:34:22 --> mysqli_sql_exception: Table 'project.ppo_tbl' doesn't exist in C:\laragon\www\projectbackend\system\Database\MySQLi\Connection.php:306
Stack trace:
#0 C:\laragon\www\projectbackend\system\Database\MySQLi\Connection.php(306): mysqli->query('SELECT *\nFROM `...', 0)
#1 C:\laragon\www\projectbackend\system\Database\BaseConnection.php(692): CodeIgniter\Database\MySQLi\Connection->execute('SELECT *\nFROM `...')
#2 C:\laragon\www\projectbackend\system\Database\BaseConnection.php(606): CodeIgniter\Database\BaseConnection->simpleQuery('SELECT *\nFROM `...')
#3 C:\laragon\www\projectbackend\system\Database\BaseBuilder.php(1615): CodeIgniter\Database\BaseConnection->query('SELECT *\nFROM `...', Array, false)
#4 C:\laragon\www\projectbackend\system\Model.php(237): CodeIgniter\Database\BaseBuilder->get()
#5 C:\laragon\www\projectbackend\system\BaseModel.php(624): CodeIgniter\Model->doFindAll(0, 0)
#6 C:\laragon\www\projectbackend\app\Controllers\AdminController.php(2039): CodeIgniter\BaseModel->findAll()
#7 C:\laragon\www\projectbackend\system\CodeIgniter.php(919): App\Controllers\AdminController->countUserRatings()
#8 C:\laragon\www\projectbackend\system\CodeIgniter.php(494): CodeIgniter\CodeIgniter->runController(Object(App\Controllers\AdminController))
#9 C:\laragon\www\projectbackend\system\CodeIgniter.php(353): CodeIgniter\CodeIgniter->handleRequest(NULL, Object(Config\Cache), false)
#10 C:\laragon\www\projectbackend\public\index.php(89): CodeIgniter\CodeIgniter->run()
#11 C:\laragon\www\projectbackend\system\Commands\Server\rewrite.php(47): require_once('C:\\laragon\\www\\...')
#12 {main}
CRITICAL - 2024-04-16 00:34:22 --> Table 'project.ppo_tbl' doesn't exist
in SYSTEMPATH\Database\BaseConnection.php on line 646.
 1 SYSTEMPATH\Database\BaseBuilder.php(1615): CodeIgniter\Database\BaseConnection->query('SELECT *
FROM `ppo_tbl`', [], false)
 2 SYSTEMPATH\Model.php(237): CodeIgniter\Database\BaseBuilder->get()
 3 SYSTEMPATH\BaseModel.php(624): CodeIgniter\Model->doFindAll(0, 0)
 4 APPPATH\Controllers\AdminController.php(2039): CodeIgniter\BaseModel->findAll()
 5 SYSTEMPATH\CodeIgniter.php(919): App\Controllers\AdminController->countUserRatings()
 6 SYSTEMPATH\CodeIgniter.php(494): CodeIgniter\CodeIgniter->runController(Object(App\Controllers\AdminController))
 7 SYSTEMPATH\CodeIgniter.php(353): CodeIgniter\CodeIgniter->handleRequest(null, Object(Config\Cache), false)
 8 FCPATH\index.php(89): CodeIgniter\CodeIgniter->run()
 9 SYSTEMPATH\Commands\Server\rewrite.php(47): require_once('C:\\laragon\\www\\projectbackend\\public\\index.php')
ERROR - 2024-04-16 00:36:33 --> Email: sendWithSmtp throwed ErrorException: fgets(): SSL: An existing connection was forcibly closed by the remote host.
 in C:\laragon\www\projectbackend\system\Email\Email.php:2100
Stack trace:
#0 [internal function]: CodeIgniter\Debug\Exceptions->errorHandler(2, 'fgets(): SSL: A...', 'C:\\laragon\\www\\...', 2100, Array)
#1 C:\laragon\www\projectbackend\system\Email\Email.php(2100): fgets(Resource id #14, 512)
#2 C:\laragon\www\projectbackend\system\Email\Email.php(2035): CodeIgniter\Email\Email->getSMTPData()
#3 C:\laragon\www\projectbackend\system\Email\Email.php(1796): CodeIgniter\Email\Email->SMTPAuthenticate()
#4 C:\laragon\www\projectbackend\system\Email\Email.php(1681): CodeIgniter\Email\Email->sendWithSmtp()
#5 C:\laragon\www\projectbackend\system\Email\Email.php(1575): CodeIgniter\Email\Email->spoolEmail()
#6 C:\laragon\www\projectbackend\app\Controllers\UserController.php(474): CodeIgniter\Email\Email->send()
#7 C:\laragon\www\projectbackend\app\Controllers\UserController.php(452): App\Controllers\UserController->sendResetEmail('ashlyomanada@gm...', 'bc45b905473013d...')
#8 C:\laragon\www\projectbackend\system\CodeIgniter.php(919): App\Controllers\UserController->sendPasswordResetEmail()
#9 C:\laragon\www\projectbackend\system\CodeIgniter.php(494): CodeIgniter\CodeIgniter->runController(Object(App\Controllers\UserController))
#10 C:\laragon\www\projectbackend\system\CodeIgniter.php(353): CodeIgniter\CodeIgniter->handleRequest(NULL, Object(Config\Cache), false)
#11 C:\laragon\www\projectbackend\public\index.php(89): CodeIgniter\CodeIgniter->run()
#12 C:\laragon\www\projectbackend\system\Commands\Server\rewrite.php(47): require_once('C:\\laragon\\www\\...')
#13 {main}
ERROR - 2024-04-16 00:36:34 --> Email: Unable to send email using SMTP. Your server might not be configured to send mail using this method.
ERROR - 2024-04-16 00:36:34 --> 220 smtp.gmail.com ESMTP gp12-20020a056a003b8c00b006e740d23674sm8109204pfb.140 - gsmtp

hello: 250-smtp.gmail.com at your service, [175.176.60.60]
250-SIZE 35882577
250-8BITMIME
250-STARTTLS
250-ENHANCEDSTATUSCODES
250-PIPELINING
250-CHUNKING
250 SMTPUTF8

starttls: 220 2.0.0 Ready to start TLS

hello: 250-smtp.gmail.com at your service, [175.176.60.60]
250-SIZE 35882577
250-8BITMIME
250-AUTH LOGIN PLAIN XOAUTH2 PLAIN-CLIENTTOKEN OAUTHBEARER XOAUTH
250-ENHANCEDSTATUSCODES
250-PIPELINING
250-CHUNKING
250 SMTPUTF8

ERROR - 2024-04-16 00:36:34 --> Email: sendWithSmtp throwed ErrorException: fwrite(): SSL: An existing connection was forcibly closed by the remote host.
 in C:\laragon\www\projectbackend\system\Email\Email.php:2062
Stack trace:
#0 [internal function]: CodeIgniter\Debug\Exceptions->errorHandler(2, 'fwrite(): SSL: ...', 'C:\\laragon\\www\\...', 2062, Array)
#1 C:\laragon\www\projectbackend\system\Email\Email.php(2062): fwrite(Resource id #14, 'QUIT\r\n')
#2 C:\laragon\www\projectbackend\system\Email\Email.php(1971): CodeIgniter\Email\Email->sendData('QUIT\r\n')
#3 C:\laragon\www\projectbackend\system\Email\Email.php(2206): CodeIgniter\Email\Email->sendCommand('quit')
#4 [internal function]: CodeIgniter\Email\Email->__destruct()
#5 {main}
ERROR - 2024-04-16 00:36:53 --> mysqli_sql_exception: Table 'project.ppo_tbl' doesn't exist in C:\laragon\www\projectbackend\system\Database\MySQLi\Connection.php:306
Stack trace:
#0 C:\laragon\www\projectbackend\system\Database\MySQLi\Connection.php(306): mysqli->query('SELECT *\nFROM `...', 0)
#1 C:\laragon\www\projectbackend\system\Database\BaseConnection.php(692): CodeIgniter\Database\MySQLi\Connection->execute('SELECT *\nFROM `...')
#2 C:\laragon\www\projectbackend\system\Database\BaseConnection.php(606): CodeIgniter\Database\BaseConnection->simpleQuery('SELECT *\nFROM `...')
#3 C:\laragon\www\projectbackend\system\Database\BaseBuilder.php(1615): CodeIgniter\Database\BaseConnection->query('SELECT *\nFROM `...', Array, false)
#4 C:\laragon\www\projectbackend\system\Model.php(237): CodeIgniter\Database\BaseBuilder->get()
#5 C:\laragon\www\projectbackend\system\BaseModel.php(624): CodeIgniter\Model->doFindAll(0, 0)
#6 C:\laragon\www\projectbackend\app\Controllers\AdminController.php(2039): CodeIgniter\BaseModel->findAll()
#7 C:\laragon\www\projectbackend\system\CodeIgniter.php(919): App\Controllers\AdminController->countUserRatings()
#8 C:\laragon\www\projectbackend\system\CodeIgniter.php(494): CodeIgniter\CodeIgniter->runController(Object(App\Controllers\AdminController))
#9 C:\laragon\www\projectbackend\system\CodeIgniter.php(353): CodeIgniter\CodeIgniter->handleRequest(NULL, Object(Config\Cache), false)
#10 C:\laragon\www\projectbackend\public\index.php(89): CodeIgniter\CodeIgniter->run()
#11 C:\laragon\www\projectbackend\system\Commands\Server\rewrite.php(47): require_once('C:\\laragon\\www\\...')
#12 {main}
CRITICAL - 2024-04-16 00:36:53 --> Table 'project.ppo_tbl' doesn't exist
in SYSTEMPATH\Database\BaseConnection.php on line 646.
 1 SYSTEMPATH\Database\BaseBuilder.php(1615): CodeIgniter\Database\BaseConnection->query('SELECT *
FROM `ppo_tbl`', [], false)
 2 SYSTEMPATH\Model.php(237): CodeIgniter\Database\BaseBuilder->get()
 3 SYSTEMPATH\BaseModel.php(624): CodeIgniter\Model->doFindAll(0, 0)
 4 APPPATH\Controllers\AdminController.php(2039): CodeIgniter\BaseModel->findAll()
 5 SYSTEMPATH\CodeIgniter.php(919): App\Controllers\AdminController->countUserRatings()
 6 SYSTEMPATH\CodeIgniter.php(494): CodeIgniter\CodeIgniter->runController(Object(App\Controllers\AdminController))
 7 SYSTEMPATH\CodeIgniter.php(353): CodeIgniter\CodeIgniter->handleRequest(null, Object(Config\Cache), false)
 8 FCPATH\index.php(89): CodeIgniter\CodeIgniter->run()
 9 SYSTEMPATH\Commands\Server\rewrite.php(47): require_once('C:\\laragon\\www\\projectbackend\\public\\index.php')
ERROR - 2024-04-16 00:39:55 --> Email: Unable to send email using SMTP. Your server might not be configured to send mail using this method.
ERROR - 2024-04-16 00:39:55 --> 220 smtp.gmail.com ESMTP f18-20020a170902ce9200b001e511acfd0esm8509576plg.140 - gsmtp

hello: 250-smtp.gmail.com at your service, [175.176.60.60]
250-SIZE 35882577
250-8BITMIME
250-STARTTLS
250-ENHANCEDSTATUSCODES
250-PIPELINING
250-CHUNKING
250 SMTPUTF8

starttls: 220 2.0.0 Ready to start TLS

hello: 250-smtp.gmail.com at your service, [175.176.60.60]
250-SIZE 35882577
250-8BITMIME
250-AUTH LOGIN PLAIN XOAUTH2 PLAIN-CLIENTTOKEN OAUTHBEARER XOAUTH
250-ENHANCEDSTATUSCODES
250-PIPELINING
250-CHUNKING
250 SMTPUTF8

from: 250 2.1.0 OK f18-20020a170902ce9200b001e511acfd0esm8509576plg.140 - gsmtp

to: 250 2.1.5 OK f18-20020a170902ce9200b001e511acfd0esm8509576plg.140 - gsmtp

data: 354  Go ahead f18-20020a170902ce9200b001e511acfd0esm8509576plg.140 - gsmtp


quit: 250 2.0.0 OK  1713227584 f18-20020a170902ce9200b001e511acfd0esm8509576plg.140 - gsmtp

The following SMTP error was encountered: 250 2.0.0 OK  1713227584 f18-20020a170902ce9200b001e511acfd0esm8509576plg.140 - gsmtp

The following SMTP error was encountered: 
